<?xml version="1.0" encoding="utf-8"?><testsuites name="pytest tests"><testsuite name="pytest" errors="0" failures="0" skipped="0" tests="14" time="32.855" timestamp="2026-03-12T18:26:34.721213+00:00" hostname="agent-env-7aea0f2f-fe3d-4a8e-98b1-dcc247ec2560"><testcase classname="tests.test_stabilization_preview_http.TestHealthEndpointsHTTP" name="test_health_liveness" time="1.917" /><testcase classname="tests.test_stabilization_preview_http.TestHealthEndpointsHTTP" name="test_healthz_probe" time="1.796" /><testcase classname="tests.test_stabilization_preview_http.TestHealthEndpointsHTTP" name="test_health_ready_with_db" time="1.824" /><testcase classname="tests.test_stabilization_preview_http.TestHealthEndpointsHTTP" name="test_health_deep_diagnostic" time="1.854" /><testcase classname="tests.test_stabilization_preview_http.TestAuthEndpointsHTTP" name="test_login_admin_success" time="2.061" /><testcase classname="tests.test_stabilization_preview_http.TestAuthEndpointsHTTP" name="test_login_agency_success" time="2.068" /><testcase classname="tests.test_stabilization_preview_http.TestAuthEndpointsHTTP" name="test_login_invalid_credentials" time="1.854" /><testcase classname="tests.test_stabilization_preview_http.TestAuthEndpointsHTTP" name="test_me_with_valid_token" time="2.199" /><testcase classname="tests.test_stabilization_preview_http.TestAuthEndpointsHTTP" name="test_me_without_token" time="1.869" /><testcase classname="tests.test_stabilization_preview_http.TestSecurityHeadersHTTP" name="test_security_headers_present" time="1.869" /><testcase classname="tests.test_stabilization_preview_http.TestSecurityHeadersHTTP" name="test_request_id_header" time="7.422" /><testcase classname="tests.test_stabilization_preview_http.TestSecurityHeadersHTTP" name="test_custom_request_id_echoed" time="1.867" /><testcase classname="tests.test_stabilization_preview_http.TestCSRFMiddleware" name="test_csrf_cookie_set_on_get" time="1.866" /><testcase classname="tests.test_stabilization_preview_http.TestCSRFMiddleware" name="test_bearer_auth_bypasses_csrf" time="2.328" /></testsuite></testsuites>