<?xml version="1.0" encoding="utf-8"?><testsuites name="pytest tests"><testsuite name="pytest" errors="0" failures="0" skipped="0" tests="11" time="15.320" timestamp="2026-03-10T00:49:06.255215+00:00" hostname="agent-env-11b4d0bc-e9d1-43b4-b6db-960264c14764"><testcase classname="tests.test_bulk_sheet_connections_iteration48.TestBulkSheetConnectionsIteration48" name="test_bulk_template_download_hotel" time="1.627" /><testcase classname="tests.test_bulk_sheet_connections_iteration48.TestBulkSheetConnectionsIteration48" name="test_bulk_template_download_agency" time="1.206" /><testcase classname="tests.test_bulk_sheet_connections_iteration48.TestBulkSheetConnectionsIteration48" name="test_bulk_preview_text_for_hotel_connections" time="1.260" /><testcase classname="tests.test_bulk_sheet_connections_iteration48.TestBulkSheetConnectionsIteration48" name="test_bulk_preview_text_for_agency_connections" time="1.428" /><testcase classname="tests.test_bulk_sheet_connections_iteration48.TestBulkSheetConnectionsIteration48" name="test_bulk_preview_text_invalid_hotel_id" time="1.285" /><testcase classname="tests.test_bulk_sheet_connections_iteration48.TestBulkSheetConnectionsIteration48" name="test_bulk_preview_upload_for_hotel_connections" time="1.326" /><testcase classname="tests.test_bulk_sheet_connections_iteration48.TestBulkSheetConnectionsIteration48" name="test_bulk_preview_upload_semicolon_delimiter" time="1.290" /><testcase classname="tests.test_bulk_sheet_connections_iteration48.TestBulkSheetConnectionsIteration48" name="test_bulk_preview_master_sheet_not_configured" time="1.318" /><testcase classname="tests.test_bulk_sheet_connections_iteration48.TestBulkSheetConnectionsIteration48" name="test_bulk_execute_hotel_connection_and_cleanup" time="1.577" /><testcase classname="tests.test_bulk_sheet_connections_iteration48.TestBulkSheetConnectionsIteration48" name="test_bulk_execute_empty_rows_returns_error" time="1.283" /><testcase classname="tests.test_bulk_sheet_connections_iteration48.TestBulkSheetConnectionsIteration48" name="test_bulk_execute_duplicate_hotel_returns_conflict_error" time="1.658" /></testsuite></testsuites>