<?xml version="1.0" encoding="utf-8"?><testsuites name="pytest tests"><testsuite name="pytest" errors="0" failures="0" skipped="0" tests="21" time="52.024" timestamp="2026-03-16T20:28:57.951868+00:00" hostname="agent-env-005cd30a-a7e3-4d1e-906d-fc38b1e863b9"><testcase classname="tests.test_supplier_onboarding_pricing_golive_iter136.TestDashboardReturns6Suppliers" name="test_dashboard_returns_6_suppliers" time="1.996" /><testcase classname="tests.test_supplier_onboarding_pricing_golive_iter136.TestDashboardReturns6Suppliers" name="test_dashboard_has_go_live_threshold" time="1.213" /><testcase classname="tests.test_supplier_onboarding_pricing_golive_iter136.TestSupplierDetailIncludesPricingConfig" name="test_supplier_detail_includes_pricing_config_field" time="1.227" /><testcase classname="tests.test_supplier_onboarding_pricing_golive_iter136.TestSupplierDetailIncludesPricingConfig" name="test_supplier_detail_has_all_required_fields" time="1.250" /><testcase classname="tests.test_supplier_onboarding_pricing_golive_iter136.TestPricingSetupGetDefaults" name="test_pricing_setup_returns_defaults_for_unconfigured" time="1.290" /><testcase classname="tests.test_supplier_onboarding_pricing_golive_iter136.TestPricingSetupGetDefaults" name="test_pricing_setup_has_channel_rules" time="1.206" /><testcase classname="tests.test_supplier_onboarding_pricing_golive_iter136.TestPricingSetupGetDefaults" name="test_pricing_setup_has_agency_tiers" time="1.277" /><testcase classname="tests.test_supplier_onboarding_pricing_golive_iter136.TestPricingSetupGetDefaults" name="test_pricing_setup_has_guardrails" time="1.186" /><testcase classname="tests.test_supplier_onboarding_pricing_golive_iter136.TestPricingSetupSave" name="test_save_pricing_setup_for_certified_supplier" time="7.292" /><testcase classname="tests.test_supplier_onboarding_pricing_golive_iter136.TestPricingSetupSave" name="test_pricing_config_persists_after_save" time="5.782" /><testcase classname="tests.test_supplier_onboarding_pricing_golive_iter136.TestPricingSetupSave" name="test_pricing_config_in_supplier_detail" time="1.189" /><testcase classname="tests.test_supplier_onboarding_pricing_golive_iter136.TestGoLiveToggle" name="test_go_live_enable_for_pricing_configured_supplier" time="1.210" /><testcase classname="tests.test_supplier_onboarding_pricing_golive_iter136.TestGoLiveToggle" name="test_go_live_disable" time="1.214" /><testcase classname="tests.test_supplier_onboarding_pricing_golive_iter136.TestGoLiveToggle" name="test_go_live_requires_certification" time="1.339" /><testcase classname="tests.test_supplier_onboarding_pricing_golive_iter136.TestActivityTimelineLogging" name="test_go_live_logs_timeline_event" time="1.814" /><testcase classname="tests.test_supplier_onboarding_pricing_golive_iter136.TestActivityTimelineLogging" name="test_deactivate_logs_timeline_event" time="1.820" /><testcase classname="tests.test_supplier_onboarding_pricing_golive_iter136.TestFullOnboardingWorkflow" name="test_full_workflow_for_juniper" time="10.145" /><testcase classname="tests.test_supplier_onboarding_pricing_golive_iter136.TestPricingSetupErrors" name="test_pricing_setup_unknown_supplier" time="1.576" /><testcase classname="tests.test_supplier_onboarding_pricing_golive_iter136.TestPricingSetupErrors" name="test_pricing_setup_save_unknown_supplier" time="1.213" /><testcase classname="tests.test_supplier_onboarding_pricing_golive_iter136.TestAuthRequired" name="test_pricing_setup_requires_auth" time="1.297" /><testcase classname="tests.test_supplier_onboarding_pricing_golive_iter136.TestAuthRequired" name="test_go_live_requires_auth" time="5.385" /></testsuite></testsuites>