<?xml version="1.0" encoding="utf-8"?><testsuites name="pytest tests"><testsuite name="pytest" errors="11" failures="0" skipped="0" tests="11" time="1.524" timestamp="2026-03-10T23:42:11.304147+00:00" hostname="agent-env-0292e01d-3363-48e6-8088-731fac990487"><testcase classname="tests.test_iteration54_calendar_inventory.TestAgencyAvailabilityAPI" name="test_get_hotel_availability_for_march_2026" time="0.021"><error message="failed on setup with &quot;pytest.PytestRemovedIn9Warning: '' requested an async fixture 'motor_client', with no plugin or hook that handled it. This is usually an error, as pytest does not natively support it. This will turn into an error in pytest 9.&#10;See: https://docs.pytest.org/en/stable/deprecations.html#sync-test-depending-on-async-fixture&quot;">/root/.venv/lib/python3.11/site-packages/_pytest/runner.py:353: in from_call
    result: TResult | None = func()
                             ^^^^^^
/root/.venv/lib/python3.11/site-packages/_pytest/runner.py:245: in &lt;lambda&gt;
    lambda: runtest_hook(item=item, **kwds),
            ^^^^^^^^^^^^^^^^^^^^^^^^^^^^^^^
/root/.venv/lib/python3.11/site-packages/pluggy/_hooks.py:512: in __call__
    return self._hookexec(self.name, self._hookimpls.copy(), kwargs, firstresult)
           ^^^^^^^^^^^^^^^^^^^^^^^^^^^^^^^^^^^^^^^^^^^^^^^^^^^^^^^^^^^^^^^^^^^^^^
/root/.venv/lib/python3.11/site-packages/pluggy/_manager.py:120: in _hookexec
    return self._inner_hookexec(hook_name, methods, kwargs, firstresult)
           ^^^^^^^^^^^^^^^^^^^^^^^^^^^^^^^^^^^^^^^^^^^^^^^^^^^^^^^^^^^^^
/root/.venv/lib/python3.11/site-packages/_pytest/logging.py:843: in pytest_runtest_setup
    yield
/root/.venv/lib/python3.11/site-packages/_pytest/capture.py:895: in pytest_runtest_setup
    return (yield)
            ^^^^^
/root/.venv/lib/python3.11/site-packages/_pytest/runner.py:165: in pytest_runtest_setup
    item.session._setupstate.setup(item)
/root/.venv/lib/python3.11/site-packages/_pytest/runner.py:523: in setup
    col.setup()
/root/.venv/lib/python3.11/site-packages/_pytest/python.py:1723: in setup
    self._request._fillfixtures()
/root/.venv/lib/python3.11/site-packages/_pytest/fixtures.py:707: in _fillfixtures
    item.funcargs[argname] = self.getfixturevalue(argname)
                             ^^^^^^^^^^^^^^^^^^^^^^^^^^^^^
/root/.venv/lib/python3.11/site-packages/_pytest/fixtures.py:539: in getfixturevalue
    fixturedef = self._get_active_fixturedef(argname)
                 ^^^^^^^^^^^^^^^^^^^^^^^^^^^^^^^^^^^^
/root/.venv/lib/python3.11/site-packages/_pytest/fixtures.py:627: in _get_active_fixturedef
    fixturedef.execute(request=subrequest)
/root/.venv/lib/python3.11/site-packages/_pytest/fixtures.py:1110: in execute
    result: FixtureValue = ihook.pytest_fixture_setup(
/root/.venv/lib/python3.11/site-packages/pluggy/_hooks.py:512: in __call__
    return self._hookexec(self.name, self._hookimpls.copy(), kwargs, firstresult)
           ^^^^^^^^^^^^^^^^^^^^^^^^^^^^^^^^^^^^^^^^^^^^^^^^^^^^^^^^^^^^^^^^^^^^^^
/root/.venv/lib/python3.11/site-packages/pluggy/_manager.py:120: in _hookexec
    return self._inner_hookexec(hook_name, methods, kwargs, firstresult)
           ^^^^^^^^^^^^^^^^^^^^^^^^^^^^^^^^^^^^^^^^^^^^^^^^^^^^^^^^^^^^^
/root/.venv/lib/python3.11/site-packages/_pytest/setuponly.py:36: in pytest_fixture_setup
    return (yield)
            ^^^^^
/root/.venv/lib/python3.11/site-packages/_pytest/fixtures.py:1188: in pytest_fixture_setup
    warnings.warn(
E   pytest.PytestRemovedIn9Warning: '' requested an async fixture 'motor_client', with no plugin or hook that handled it. This is usually an error, as pytest does not natively support it. This will turn into an error in pytest 9.
E   See: https://docs.pytest.org/en/stable/deprecations.html#sync-test-depending-on-async-fixture</error></testcase><testcase classname="tests.test_iteration54_calendar_inventory.TestAgencyAvailabilityAPI" name="test_grid_has_price_and_allotment_data" time="0.000"><error message="failed on setup with &quot;pytest.PytestRemovedIn9Warning: '' requested an async fixture 'motor_client', with no plugin or hook that handled it. This is usually an error, as pytest does not natively support it. This will turn into an error in pytest 9.&#10;See: https://docs.pytest.org/en/stable/deprecations.html#sync-test-depending-on-async-fixture&quot;">/root/.venv/lib/python3.11/site-packages/_pytest/runner.py:353: in from_call
    result: TResult | None = func()
                             ^^^^^^
/root/.venv/lib/python3.11/site-packages/_pytest/runner.py:245: in &lt;lambda&gt;
    lambda: runtest_hook(item=item, **kwds),
            ^^^^^^^^^^^^^^^^^^^^^^^^^^^^^^^
/root/.venv/lib/python3.11/site-packages/pluggy/_hooks.py:512: in __call__
    return self._hookexec(self.name, self._hookimpls.copy(), kwargs, firstresult)
           ^^^^^^^^^^^^^^^^^^^^^^^^^^^^^^^^^^^^^^^^^^^^^^^^^^^^^^^^^^^^^^^^^^^^^^
/root/.venv/lib/python3.11/site-packages/pluggy/_manager.py:120: in _hookexec
    return self._inner_hookexec(hook_name, methods, kwargs, firstresult)
           ^^^^^^^^^^^^^^^^^^^^^^^^^^^^^^^^^^^^^^^^^^^^^^^^^^^^^^^^^^^^^
/root/.venv/lib/python3.11/site-packages/_pytest/logging.py:843: in pytest_runtest_setup
    yield
/root/.venv/lib/python3.11/site-packages/_pytest/capture.py:895: in pytest_runtest_setup
    return (yield)
            ^^^^^
/root/.venv/lib/python3.11/site-packages/_pytest/runner.py:165: in pytest_runtest_setup
    item.session._setupstate.setup(item)
/root/.venv/lib/python3.11/site-packages/_pytest/runner.py:523: in setup
    col.setup()
/root/.venv/lib/python3.11/site-packages/_pytest/python.py:1723: in setup
    self._request._fillfixtures()
/root/.venv/lib/python3.11/site-packages/_pytest/fixtures.py:707: in _fillfixtures
    item.funcargs[argname] = self.getfixturevalue(argname)
                             ^^^^^^^^^^^^^^^^^^^^^^^^^^^^^
/root/.venv/lib/python3.11/site-packages/_pytest/fixtures.py:539: in getfixturevalue
    fixturedef = self._get_active_fixturedef(argname)
                 ^^^^^^^^^^^^^^^^^^^^^^^^^^^^^^^^^^^^
/root/.venv/lib/python3.11/site-packages/_pytest/fixtures.py:627: in _get_active_fixturedef
    fixturedef.execute(request=subrequest)
/root/.venv/lib/python3.11/site-packages/_pytest/fixtures.py:1110: in execute
    result: FixtureValue = ihook.pytest_fixture_setup(
/root/.venv/lib/python3.11/site-packages/pluggy/_hooks.py:512: in __call__
    return self._hookexec(self.name, self._hookimpls.copy(), kwargs, firstresult)
           ^^^^^^^^^^^^^^^^^^^^^^^^^^^^^^^^^^^^^^^^^^^^^^^^^^^^^^^^^^^^^^^^^^^^^^
/root/.venv/lib/python3.11/site-packages/pluggy/_manager.py:120: in _hookexec
    return self._inner_hookexec(hook_name, methods, kwargs, firstresult)
           ^^^^^^^^^^^^^^^^^^^^^^^^^^^^^^^^^^^^^^^^^^^^^^^^^^^^^^^^^^^^^
/root/.venv/lib/python3.11/site-packages/_pytest/setuponly.py:36: in pytest_fixture_setup
    return (yield)
            ^^^^^
/root/.venv/lib/python3.11/site-packages/_pytest/fixtures.py:1188: in pytest_fixture_setup
    warnings.warn(
E   pytest.PytestRemovedIn9Warning: '' requested an async fixture 'motor_client', with no plugin or hook that handled it. This is usually an error, as pytest does not natively support it. This will turn into an error in pytest 9.
E   See: https://docs.pytest.org/en/stable/deprecations.html#sync-test-depending-on-async-fixture</error></testcase><testcase classname="tests.test_iteration54_calendar_inventory.TestAgencyAvailabilityAPI" name="test_grid_has_stop_sale_flag" time="0.000"><error message="failed on setup with &quot;pytest.PytestRemovedIn9Warning: '' requested an async fixture 'motor_client', with no plugin or hook that handled it. This is usually an error, as pytest does not natively support it. This will turn into an error in pytest 9.&#10;See: https://docs.pytest.org/en/stable/deprecations.html#sync-test-depending-on-async-fixture&quot;">/root/.venv/lib/python3.11/site-packages/_pytest/runner.py:353: in from_call
    result: TResult | None = func()
                             ^^^^^^
/root/.venv/lib/python3.11/site-packages/_pytest/runner.py:245: in &lt;lambda&gt;
    lambda: runtest_hook(item=item, **kwds),
            ^^^^^^^^^^^^^^^^^^^^^^^^^^^^^^^
/root/.venv/lib/python3.11/site-packages/pluggy/_hooks.py:512: in __call__
    return self._hookexec(self.name, self._hookimpls.copy(), kwargs, firstresult)
           ^^^^^^^^^^^^^^^^^^^^^^^^^^^^^^^^^^^^^^^^^^^^^^^^^^^^^^^^^^^^^^^^^^^^^^
/root/.venv/lib/python3.11/site-packages/pluggy/_manager.py:120: in _hookexec
    return self._inner_hookexec(hook_name, methods, kwargs, firstresult)
           ^^^^^^^^^^^^^^^^^^^^^^^^^^^^^^^^^^^^^^^^^^^^^^^^^^^^^^^^^^^^^
/root/.venv/lib/python3.11/site-packages/_pytest/logging.py:843: in pytest_runtest_setup
    yield
/root/.venv/lib/python3.11/site-packages/_pytest/capture.py:895: in pytest_runtest_setup
    return (yield)
            ^^^^^
/root/.venv/lib/python3.11/site-packages/_pytest/runner.py:165: in pytest_runtest_setup
    item.session._setupstate.setup(item)
/root/.venv/lib/python3.11/site-packages/_pytest/runner.py:523: in setup
    col.setup()
/root/.venv/lib/python3.11/site-packages/_pytest/python.py:1723: in setup
    self._request._fillfixtures()
/root/.venv/lib/python3.11/site-packages/_pytest/fixtures.py:707: in _fillfixtures
    item.funcargs[argname] = self.getfixturevalue(argname)
                             ^^^^^^^^^^^^^^^^^^^^^^^^^^^^^
/root/.venv/lib/python3.11/site-packages/_pytest/fixtures.py:539: in getfixturevalue
    fixturedef = self._get_active_fixturedef(argname)
                 ^^^^^^^^^^^^^^^^^^^^^^^^^^^^^^^^^^^^
/root/.venv/lib/python3.11/site-packages/_pytest/fixtures.py:627: in _get_active_fixturedef
    fixturedef.execute(request=subrequest)
/root/.venv/lib/python3.11/site-packages/_pytest/fixtures.py:1110: in execute
    result: FixtureValue = ihook.pytest_fixture_setup(
/root/.venv/lib/python3.11/site-packages/pluggy/_hooks.py:512: in __call__
    return self._hookexec(self.name, self._hookimpls.copy(), kwargs, firstresult)
           ^^^^^^^^^^^^^^^^^^^^^^^^^^^^^^^^^^^^^^^^^^^^^^^^^^^^^^^^^^^^^^^^^^^^^^
/root/.venv/lib/python3.11/site-packages/pluggy/_manager.py:120: in _hookexec
    return self._inner_hookexec(hook_name, methods, kwargs, firstresult)
           ^^^^^^^^^^^^^^^^^^^^^^^^^^^^^^^^^^^^^^^^^^^^^^^^^^^^^^^^^^^^^
/root/.venv/lib/python3.11/site-packages/_pytest/setuponly.py:36: in pytest_fixture_setup
    return (yield)
            ^^^^^
/root/.venv/lib/python3.11/site-packages/_pytest/fixtures.py:1188: in pytest_fixture_setup
    warnings.warn(
E   pytest.PytestRemovedIn9Warning: '' requested an async fixture 'motor_client', with no plugin or hook that handled it. This is usually an error, as pytest does not natively support it. This will turn into an error in pytest 9.
E   See: https://docs.pytest.org/en/stable/deprecations.html#sync-test-depending-on-async-fixture</error></testcase><testcase classname="tests.test_iteration54_calendar_inventory.TestAgencyAvailabilityAPI" name="test_date_range_filtering" time="0.000"><error message="failed on setup with &quot;pytest.PytestRemovedIn9Warning: '' requested an async fixture 'motor_client', with no plugin or hook that handled it. This is usually an error, as pytest does not natively support it. This will turn into an error in pytest 9.&#10;See: https://docs.pytest.org/en/stable/deprecations.html#sync-test-depending-on-async-fixture&quot;">/root/.venv/lib/python3.11/site-packages/_pytest/runner.py:353: in from_call
    result: TResult | None = func()
                             ^^^^^^
/root/.venv/lib/python3.11/site-packages/_pytest/runner.py:245: in &lt;lambda&gt;
    lambda: runtest_hook(item=item, **kwds),
            ^^^^^^^^^^^^^^^^^^^^^^^^^^^^^^^
/root/.venv/lib/python3.11/site-packages/pluggy/_hooks.py:512: in __call__
    return self._hookexec(self.name, self._hookimpls.copy(), kwargs, firstresult)
           ^^^^^^^^^^^^^^^^^^^^^^^^^^^^^^^^^^^^^^^^^^^^^^^^^^^^^^^^^^^^^^^^^^^^^^
/root/.venv/lib/python3.11/site-packages/pluggy/_manager.py:120: in _hookexec
    return self._inner_hookexec(hook_name, methods, kwargs, firstresult)
           ^^^^^^^^^^^^^^^^^^^^^^^^^^^^^^^^^^^^^^^^^^^^^^^^^^^^^^^^^^^^^
/root/.venv/lib/python3.11/site-packages/_pytest/logging.py:843: in pytest_runtest_setup
    yield
/root/.venv/lib/python3.11/site-packages/_pytest/capture.py:895: in pytest_runtest_setup
    return (yield)
            ^^^^^
/root/.venv/lib/python3.11/site-packages/_pytest/runner.py:165: in pytest_runtest_setup
    item.session._setupstate.setup(item)
/root/.venv/lib/python3.11/site-packages/_pytest/runner.py:523: in setup
    col.setup()
/root/.venv/lib/python3.11/site-packages/_pytest/python.py:1723: in setup
    self._request._fillfixtures()
/root/.venv/lib/python3.11/site-packages/_pytest/fixtures.py:707: in _fillfixtures
    item.funcargs[argname] = self.getfixturevalue(argname)
                             ^^^^^^^^^^^^^^^^^^^^^^^^^^^^^
/root/.venv/lib/python3.11/site-packages/_pytest/fixtures.py:539: in getfixturevalue
    fixturedef = self._get_active_fixturedef(argname)
                 ^^^^^^^^^^^^^^^^^^^^^^^^^^^^^^^^^^^^
/root/.venv/lib/python3.11/site-packages/_pytest/fixtures.py:627: in _get_active_fixturedef
    fixturedef.execute(request=subrequest)
/root/.venv/lib/python3.11/site-packages/_pytest/fixtures.py:1110: in execute
    result: FixtureValue = ihook.pytest_fixture_setup(
/root/.venv/lib/python3.11/site-packages/pluggy/_hooks.py:512: in __call__
    return self._hookexec(self.name, self._hookimpls.copy(), kwargs, firstresult)
           ^^^^^^^^^^^^^^^^^^^^^^^^^^^^^^^^^^^^^^^^^^^^^^^^^^^^^^^^^^^^^^^^^^^^^^
/root/.venv/lib/python3.11/site-packages/pluggy/_manager.py:120: in _hookexec
    return self._inner_hookexec(hook_name, methods, kwargs, firstresult)
           ^^^^^^^^^^^^^^^^^^^^^^^^^^^^^^^^^^^^^^^^^^^^^^^^^^^^^^^^^^^^^
/root/.venv/lib/python3.11/site-packages/_pytest/setuponly.py:36: in pytest_fixture_setup
    return (yield)
            ^^^^^
/root/.venv/lib/python3.11/site-packages/_pytest/fixtures.py:1188: in pytest_fixture_setup
    warnings.warn(
E   pytest.PytestRemovedIn9Warning: '' requested an async fixture 'motor_client', with no plugin or hook that handled it. This is usually an error, as pytest does not natively support it. This will turn into an error in pytest 9.
E   See: https://docs.pytest.org/en/stable/deprecations.html#sync-test-depending-on-async-fixture</error></testcase><testcase classname="tests.test_iteration54_calendar_inventory.TestAgencyAvailabilityAPI" name="test_room_type_filtering" time="0.000"><error message="failed on setup with &quot;pytest.PytestRemovedIn9Warning: '' requested an async fixture 'motor_client', with no plugin or hook that handled it. This is usually an error, as pytest does not natively support it. This will turn into an error in pytest 9.&#10;See: https://docs.pytest.org/en/stable/deprecations.html#sync-test-depending-on-async-fixture&quot;">/root/.venv/lib/python3.11/site-packages/_pytest/runner.py:353: in from_call
    result: TResult | None = func()
                             ^^^^^^
/root/.venv/lib/python3.11/site-packages/_pytest/runner.py:245: in &lt;lambda&gt;
    lambda: runtest_hook(item=item, **kwds),
            ^^^^^^^^^^^^^^^^^^^^^^^^^^^^^^^
/root/.venv/lib/python3.11/site-packages/pluggy/_hooks.py:512: in __call__
    return self._hookexec(self.name, self._hookimpls.copy(), kwargs, firstresult)
           ^^^^^^^^^^^^^^^^^^^^^^^^^^^^^^^^^^^^^^^^^^^^^^^^^^^^^^^^^^^^^^^^^^^^^^
/root/.venv/lib/python3.11/site-packages/pluggy/_manager.py:120: in _hookexec
    return self._inner_hookexec(hook_name, methods, kwargs, firstresult)
           ^^^^^^^^^^^^^^^^^^^^^^^^^^^^^^^^^^^^^^^^^^^^^^^^^^^^^^^^^^^^^
/root/.venv/lib/python3.11/site-packages/_pytest/logging.py:843: in pytest_runtest_setup
    yield
/root/.venv/lib/python3.11/site-packages/_pytest/capture.py:895: in pytest_runtest_setup
    return (yield)
            ^^^^^
/root/.venv/lib/python3.11/site-packages/_pytest/runner.py:165: in pytest_runtest_setup
    item.session._setupstate.setup(item)
/root/.venv/lib/python3.11/site-packages/_pytest/runner.py:523: in setup
    col.setup()
/root/.venv/lib/python3.11/site-packages/_pytest/python.py:1723: in setup
    self._request._fillfixtures()
/root/.venv/lib/python3.11/site-packages/_pytest/fixtures.py:707: in _fillfixtures
    item.funcargs[argname] = self.getfixturevalue(argname)
                             ^^^^^^^^^^^^^^^^^^^^^^^^^^^^^
/root/.venv/lib/python3.11/site-packages/_pytest/fixtures.py:539: in getfixturevalue
    fixturedef = self._get_active_fixturedef(argname)
                 ^^^^^^^^^^^^^^^^^^^^^^^^^^^^^^^^^^^^
/root/.venv/lib/python3.11/site-packages/_pytest/fixtures.py:627: in _get_active_fixturedef
    fixturedef.execute(request=subrequest)
/root/.venv/lib/python3.11/site-packages/_pytest/fixtures.py:1110: in execute
    result: FixtureValue = ihook.pytest_fixture_setup(
/root/.venv/lib/python3.11/site-packages/pluggy/_hooks.py:512: in __call__
    return self._hookexec(self.name, self._hookimpls.copy(), kwargs, firstresult)
           ^^^^^^^^^^^^^^^^^^^^^^^^^^^^^^^^^^^^^^^^^^^^^^^^^^^^^^^^^^^^^^^^^^^^^^
/root/.venv/lib/python3.11/site-packages/pluggy/_manager.py:120: in _hookexec
    return self._inner_hookexec(hook_name, methods, kwargs, firstresult)
           ^^^^^^^^^^^^^^^^^^^^^^^^^^^^^^^^^^^^^^^^^^^^^^^^^^^^^^^^^^^^^
/root/.venv/lib/python3.11/site-packages/_pytest/setuponly.py:36: in pytest_fixture_setup
    return (yield)
            ^^^^^
/root/.venv/lib/python3.11/site-packages/_pytest/fixtures.py:1188: in pytest_fixture_setup
    warnings.warn(
E   pytest.PytestRemovedIn9Warning: '' requested an async fixture 'motor_client', with no plugin or hook that handled it. This is usually an error, as pytest does not natively support it. This will turn into an error in pytest 9.
E   See: https://docs.pytest.org/en/stable/deprecations.html#sync-test-depending-on-async-fixture</error></testcase><testcase classname="tests.test_iteration54_calendar_inventory.TestAgencyAvailabilityAPI" name="test_second_hotel_availability" time="0.000"><error message="failed on setup with &quot;pytest.PytestRemovedIn9Warning: '' requested an async fixture 'motor_client', with no plugin or hook that handled it. This is usually an error, as pytest does not natively support it. This will turn into an error in pytest 9.&#10;See: https://docs.pytest.org/en/stable/deprecations.html#sync-test-depending-on-async-fixture&quot;">/root/.venv/lib/python3.11/site-packages/_pytest/runner.py:353: in from_call
    result: TResult | None = func()
                             ^^^^^^
/root/.venv/lib/python3.11/site-packages/_pytest/runner.py:245: in &lt;lambda&gt;
    lambda: runtest_hook(item=item, **kwds),
            ^^^^^^^^^^^^^^^^^^^^^^^^^^^^^^^
/root/.venv/lib/python3.11/site-packages/pluggy/_hooks.py:512: in __call__
    return self._hookexec(self.name, self._hookimpls.copy(), kwargs, firstresult)
           ^^^^^^^^^^^^^^^^^^^^^^^^^^^^^^^^^^^^^^^^^^^^^^^^^^^^^^^^^^^^^^^^^^^^^^
/root/.venv/lib/python3.11/site-packages/pluggy/_manager.py:120: in _hookexec
    return self._inner_hookexec(hook_name, methods, kwargs, firstresult)
           ^^^^^^^^^^^^^^^^^^^^^^^^^^^^^^^^^^^^^^^^^^^^^^^^^^^^^^^^^^^^^
/root/.venv/lib/python3.11/site-packages/_pytest/logging.py:843: in pytest_runtest_setup
    yield
/root/.venv/lib/python3.11/site-packages/_pytest/capture.py:895: in pytest_runtest_setup
    return (yield)
            ^^^^^
/root/.venv/lib/python3.11/site-packages/_pytest/runner.py:165: in pytest_runtest_setup
    item.session._setupstate.setup(item)
/root/.venv/lib/python3.11/site-packages/_pytest/runner.py:523: in setup
    col.setup()
/root/.venv/lib/python3.11/site-packages/_pytest/python.py:1723: in setup
    self._request._fillfixtures()
/root/.venv/lib/python3.11/site-packages/_pytest/fixtures.py:707: in _fillfixtures
    item.funcargs[argname] = self.getfixturevalue(argname)
                             ^^^^^^^^^^^^^^^^^^^^^^^^^^^^^
/root/.venv/lib/python3.11/site-packages/_pytest/fixtures.py:539: in getfixturevalue
    fixturedef = self._get_active_fixturedef(argname)
                 ^^^^^^^^^^^^^^^^^^^^^^^^^^^^^^^^^^^^
/root/.venv/lib/python3.11/site-packages/_pytest/fixtures.py:627: in _get_active_fixturedef
    fixturedef.execute(request=subrequest)
/root/.venv/lib/python3.11/site-packages/_pytest/fixtures.py:1110: in execute
    result: FixtureValue = ihook.pytest_fixture_setup(
/root/.venv/lib/python3.11/site-packages/pluggy/_hooks.py:512: in __call__
    return self._hookexec(self.name, self._hookimpls.copy(), kwargs, firstresult)
           ^^^^^^^^^^^^^^^^^^^^^^^^^^^^^^^^^^^^^^^^^^^^^^^^^^^^^^^^^^^^^^^^^^^^^^
/root/.venv/lib/python3.11/site-packages/pluggy/_manager.py:120: in _hookexec
    return self._inner_hookexec(hook_name, methods, kwargs, firstresult)
           ^^^^^^^^^^^^^^^^^^^^^^^^^^^^^^^^^^^^^^^^^^^^^^^^^^^^^^^^^^^^^
/root/.venv/lib/python3.11/site-packages/_pytest/setuponly.py:36: in pytest_fixture_setup
    return (yield)
            ^^^^^
/root/.venv/lib/python3.11/site-packages/_pytest/fixtures.py:1188: in pytest_fixture_setup
    warnings.warn(
E   pytest.PytestRemovedIn9Warning: '' requested an async fixture 'motor_client', with no plugin or hook that handled it. This is usually an error, as pytest does not natively support it. This will turn into an error in pytest 9.
E   See: https://docs.pytest.org/en/stable/deprecations.html#sync-test-depending-on-async-fixture</error></testcase><testcase classname="tests.test_iteration54_calendar_inventory.TestAgencyHotelsList" name="test_hotels_list_returns_hotels" time="0.000"><error message="failed on setup with &quot;pytest.PytestRemovedIn9Warning: '' requested an async fixture 'motor_client', with no plugin or hook that handled it. This is usually an error, as pytest does not natively support it. This will turn into an error in pytest 9.&#10;See: https://docs.pytest.org/en/stable/deprecations.html#sync-test-depending-on-async-fixture&quot;">/root/.venv/lib/python3.11/site-packages/_pytest/runner.py:353: in from_call
    result: TResult | None = func()
                             ^^^^^^
/root/.venv/lib/python3.11/site-packages/_pytest/runner.py:245: in &lt;lambda&gt;
    lambda: runtest_hook(item=item, **kwds),
            ^^^^^^^^^^^^^^^^^^^^^^^^^^^^^^^
/root/.venv/lib/python3.11/site-packages/pluggy/_hooks.py:512: in __call__
    return self._hookexec(self.name, self._hookimpls.copy(), kwargs, firstresult)
           ^^^^^^^^^^^^^^^^^^^^^^^^^^^^^^^^^^^^^^^^^^^^^^^^^^^^^^^^^^^^^^^^^^^^^^
/root/.venv/lib/python3.11/site-packages/pluggy/_manager.py:120: in _hookexec
    return self._inner_hookexec(hook_name, methods, kwargs, firstresult)
           ^^^^^^^^^^^^^^^^^^^^^^^^^^^^^^^^^^^^^^^^^^^^^^^^^^^^^^^^^^^^^
/root/.venv/lib/python3.11/site-packages/_pytest/logging.py:843: in pytest_runtest_setup
    yield
/root/.venv/lib/python3.11/site-packages/_pytest/capture.py:895: in pytest_runtest_setup
    return (yield)
            ^^^^^
/root/.venv/lib/python3.11/site-packages/_pytest/runner.py:165: in pytest_runtest_setup
    item.session._setupstate.setup(item)
/root/.venv/lib/python3.11/site-packages/_pytest/runner.py:523: in setup
    col.setup()
/root/.venv/lib/python3.11/site-packages/_pytest/python.py:1723: in setup
    self._request._fillfixtures()
/root/.venv/lib/python3.11/site-packages/_pytest/fixtures.py:707: in _fillfixtures
    item.funcargs[argname] = self.getfixturevalue(argname)
                             ^^^^^^^^^^^^^^^^^^^^^^^^^^^^^
/root/.venv/lib/python3.11/site-packages/_pytest/fixtures.py:539: in getfixturevalue
    fixturedef = self._get_active_fixturedef(argname)
                 ^^^^^^^^^^^^^^^^^^^^^^^^^^^^^^^^^^^^
/root/.venv/lib/python3.11/site-packages/_pytest/fixtures.py:627: in _get_active_fixturedef
    fixturedef.execute(request=subrequest)
/root/.venv/lib/python3.11/site-packages/_pytest/fixtures.py:1110: in execute
    result: FixtureValue = ihook.pytest_fixture_setup(
/root/.venv/lib/python3.11/site-packages/pluggy/_hooks.py:512: in __call__
    return self._hookexec(self.name, self._hookimpls.copy(), kwargs, firstresult)
           ^^^^^^^^^^^^^^^^^^^^^^^^^^^^^^^^^^^^^^^^^^^^^^^^^^^^^^^^^^^^^^^^^^^^^^
/root/.venv/lib/python3.11/site-packages/pluggy/_manager.py:120: in _hookexec
    return self._inner_hookexec(hook_name, methods, kwargs, firstresult)
           ^^^^^^^^^^^^^^^^^^^^^^^^^^^^^^^^^^^^^^^^^^^^^^^^^^^^^^^^^^^^^
/root/.venv/lib/python3.11/site-packages/_pytest/setuponly.py:36: in pytest_fixture_setup
    return (yield)
            ^^^^^
/root/.venv/lib/python3.11/site-packages/_pytest/fixtures.py:1188: in pytest_fixture_setup
    warnings.warn(
E   pytest.PytestRemovedIn9Warning: '' requested an async fixture 'motor_client', with no plugin or hook that handled it. This is usually an error, as pytest does not natively support it. This will turn into an error in pytest 9.
E   See: https://docs.pytest.org/en/stable/deprecations.html#sync-test-depending-on-async-fixture</error></testcase><testcase classname="tests.test_iteration54_calendar_inventory.TestAgencyHotelsList" name="test_hotels_have_sheet_sync_info" time="0.000"><error message="failed on setup with &quot;pytest.PytestRemovedIn9Warning: '' requested an async fixture 'motor_client', with no plugin or hook that handled it. This is usually an error, as pytest does not natively support it. This will turn into an error in pytest 9.&#10;See: https://docs.pytest.org/en/stable/deprecations.html#sync-test-depending-on-async-fixture&quot;">/root/.venv/lib/python3.11/site-packages/_pytest/runner.py:353: in from_call
    result: TResult | None = func()
                             ^^^^^^
/root/.venv/lib/python3.11/site-packages/_pytest/runner.py:245: in &lt;lambda&gt;
    lambda: runtest_hook(item=item, **kwds),
            ^^^^^^^^^^^^^^^^^^^^^^^^^^^^^^^
/root/.venv/lib/python3.11/site-packages/pluggy/_hooks.py:512: in __call__
    return self._hookexec(self.name, self._hookimpls.copy(), kwargs, firstresult)
           ^^^^^^^^^^^^^^^^^^^^^^^^^^^^^^^^^^^^^^^^^^^^^^^^^^^^^^^^^^^^^^^^^^^^^^
/root/.venv/lib/python3.11/site-packages/pluggy/_manager.py:120: in _hookexec
    return self._inner_hookexec(hook_name, methods, kwargs, firstresult)
           ^^^^^^^^^^^^^^^^^^^^^^^^^^^^^^^^^^^^^^^^^^^^^^^^^^^^^^^^^^^^^
/root/.venv/lib/python3.11/site-packages/_pytest/logging.py:843: in pytest_runtest_setup
    yield
/root/.venv/lib/python3.11/site-packages/_pytest/capture.py:895: in pytest_runtest_setup
    return (yield)
            ^^^^^
/root/.venv/lib/python3.11/site-packages/_pytest/runner.py:165: in pytest_runtest_setup
    item.session._setupstate.setup(item)
/root/.venv/lib/python3.11/site-packages/_pytest/runner.py:523: in setup
    col.setup()
/root/.venv/lib/python3.11/site-packages/_pytest/python.py:1723: in setup
    self._request._fillfixtures()
/root/.venv/lib/python3.11/site-packages/_pytest/fixtures.py:707: in _fillfixtures
    item.funcargs[argname] = self.getfixturevalue(argname)
                             ^^^^^^^^^^^^^^^^^^^^^^^^^^^^^
/root/.venv/lib/python3.11/site-packages/_pytest/fixtures.py:539: in getfixturevalue
    fixturedef = self._get_active_fixturedef(argname)
                 ^^^^^^^^^^^^^^^^^^^^^^^^^^^^^^^^^^^^
/root/.venv/lib/python3.11/site-packages/_pytest/fixtures.py:627: in _get_active_fixturedef
    fixturedef.execute(request=subrequest)
/root/.venv/lib/python3.11/site-packages/_pytest/fixtures.py:1110: in execute
    result: FixtureValue = ihook.pytest_fixture_setup(
/root/.venv/lib/python3.11/site-packages/pluggy/_hooks.py:512: in __call__
    return self._hookexec(self.name, self._hookimpls.copy(), kwargs, firstresult)
           ^^^^^^^^^^^^^^^^^^^^^^^^^^^^^^^^^^^^^^^^^^^^^^^^^^^^^^^^^^^^^^^^^^^^^^
/root/.venv/lib/python3.11/site-packages/pluggy/_manager.py:120: in _hookexec
    return self._inner_hookexec(hook_name, methods, kwargs, firstresult)
           ^^^^^^^^^^^^^^^^^^^^^^^^^^^^^^^^^^^^^^^^^^^^^^^^^^^^^^^^^^^^^
/root/.venv/lib/python3.11/site-packages/_pytest/setuponly.py:36: in pytest_fixture_setup
    return (yield)
            ^^^^^
/root/.venv/lib/python3.11/site-packages/_pytest/fixtures.py:1188: in pytest_fixture_setup
    warnings.warn(
E   pytest.PytestRemovedIn9Warning: '' requested an async fixture 'motor_client', with no plugin or hook that handled it. This is usually an error, as pytest does not natively support it. This will turn into an error in pytest 9.
E   See: https://docs.pytest.org/en/stable/deprecations.html#sync-test-depending-on-async-fixture</error></testcase><testcase classname="tests.test_iteration54_calendar_inventory.TestAgencyHotelsList" name="test_hotels_have_status_label" time="0.000"><error message="failed on setup with &quot;pytest.PytestRemovedIn9Warning: '' requested an async fixture 'motor_client', with no plugin or hook that handled it. This is usually an error, as pytest does not natively support it. This will turn into an error in pytest 9.&#10;See: https://docs.pytest.org/en/stable/deprecations.html#sync-test-depending-on-async-fixture&quot;">/root/.venv/lib/python3.11/site-packages/_pytest/runner.py:353: in from_call
    result: TResult | None = func()
                             ^^^^^^
/root/.venv/lib/python3.11/site-packages/_pytest/runner.py:245: in &lt;lambda&gt;
    lambda: runtest_hook(item=item, **kwds),
            ^^^^^^^^^^^^^^^^^^^^^^^^^^^^^^^
/root/.venv/lib/python3.11/site-packages/pluggy/_hooks.py:512: in __call__
    return self._hookexec(self.name, self._hookimpls.copy(), kwargs, firstresult)
           ^^^^^^^^^^^^^^^^^^^^^^^^^^^^^^^^^^^^^^^^^^^^^^^^^^^^^^^^^^^^^^^^^^^^^^
/root/.venv/lib/python3.11/site-packages/pluggy/_manager.py:120: in _hookexec
    return self._inner_hookexec(hook_name, methods, kwargs, firstresult)
           ^^^^^^^^^^^^^^^^^^^^^^^^^^^^^^^^^^^^^^^^^^^^^^^^^^^^^^^^^^^^^
/root/.venv/lib/python3.11/site-packages/_pytest/logging.py:843: in pytest_runtest_setup
    yield
/root/.venv/lib/python3.11/site-packages/_pytest/capture.py:895: in pytest_runtest_setup
    return (yield)
            ^^^^^
/root/.venv/lib/python3.11/site-packages/_pytest/runner.py:165: in pytest_runtest_setup
    item.session._setupstate.setup(item)
/root/.venv/lib/python3.11/site-packages/_pytest/runner.py:523: in setup
    col.setup()
/root/.venv/lib/python3.11/site-packages/_pytest/python.py:1723: in setup
    self._request._fillfixtures()
/root/.venv/lib/python3.11/site-packages/_pytest/fixtures.py:707: in _fillfixtures
    item.funcargs[argname] = self.getfixturevalue(argname)
                             ^^^^^^^^^^^^^^^^^^^^^^^^^^^^^
/root/.venv/lib/python3.11/site-packages/_pytest/fixtures.py:539: in getfixturevalue
    fixturedef = self._get_active_fixturedef(argname)
                 ^^^^^^^^^^^^^^^^^^^^^^^^^^^^^^^^^^^^
/root/.venv/lib/python3.11/site-packages/_pytest/fixtures.py:627: in _get_active_fixturedef
    fixturedef.execute(request=subrequest)
/root/.venv/lib/python3.11/site-packages/_pytest/fixtures.py:1110: in execute
    result: FixtureValue = ihook.pytest_fixture_setup(
/root/.venv/lib/python3.11/site-packages/pluggy/_hooks.py:512: in __call__
    return self._hookexec(self.name, self._hookimpls.copy(), kwargs, firstresult)
           ^^^^^^^^^^^^^^^^^^^^^^^^^^^^^^^^^^^^^^^^^^^^^^^^^^^^^^^^^^^^^^^^^^^^^^
/root/.venv/lib/python3.11/site-packages/pluggy/_manager.py:120: in _hookexec
    return self._inner_hookexec(hook_name, methods, kwargs, firstresult)
           ^^^^^^^^^^^^^^^^^^^^^^^^^^^^^^^^^^^^^^^^^^^^^^^^^^^^^^^^^^^^^
/root/.venv/lib/python3.11/site-packages/_pytest/setuponly.py:36: in pytest_fixture_setup
    return (yield)
            ^^^^^
/root/.venv/lib/python3.11/site-packages/_pytest/fixtures.py:1188: in pytest_fixture_setup
    warnings.warn(
E   pytest.PytestRemovedIn9Warning: '' requested an async fixture 'motor_client', with no plugin or hook that handled it. This is usually an error, as pytest does not natively support it. This will turn into an error in pytest 9.
E   See: https://docs.pytest.org/en/stable/deprecations.html#sync-test-depending-on-async-fixture</error></testcase><testcase classname="tests.test_iteration54_calendar_inventory.TestUnauthorizedAccess" name="test_availability_requires_auth" time="0.000"><error message="failed on setup with &quot;pytest.PytestRemovedIn9Warning: '' requested an async fixture 'motor_client', with no plugin or hook that handled it. This is usually an error, as pytest does not natively support it. This will turn into an error in pytest 9.&#10;See: https://docs.pytest.org/en/stable/deprecations.html#sync-test-depending-on-async-fixture&quot;">/root/.venv/lib/python3.11/site-packages/_pytest/runner.py:353: in from_call
    result: TResult | None = func()
                             ^^^^^^
/root/.venv/lib/python3.11/site-packages/_pytest/runner.py:245: in &lt;lambda&gt;
    lambda: runtest_hook(item=item, **kwds),
            ^^^^^^^^^^^^^^^^^^^^^^^^^^^^^^^
/root/.venv/lib/python3.11/site-packages/pluggy/_hooks.py:512: in __call__
    return self._hookexec(self.name, self._hookimpls.copy(), kwargs, firstresult)
           ^^^^^^^^^^^^^^^^^^^^^^^^^^^^^^^^^^^^^^^^^^^^^^^^^^^^^^^^^^^^^^^^^^^^^^
/root/.venv/lib/python3.11/site-packages/pluggy/_manager.py:120: in _hookexec
    return self._inner_hookexec(hook_name, methods, kwargs, firstresult)
           ^^^^^^^^^^^^^^^^^^^^^^^^^^^^^^^^^^^^^^^^^^^^^^^^^^^^^^^^^^^^^
/root/.venv/lib/python3.11/site-packages/_pytest/logging.py:843: in pytest_runtest_setup
    yield
/root/.venv/lib/python3.11/site-packages/_pytest/capture.py:895: in pytest_runtest_setup
    return (yield)
            ^^^^^
/root/.venv/lib/python3.11/site-packages/_pytest/runner.py:165: in pytest_runtest_setup
    item.session._setupstate.setup(item)
/root/.venv/lib/python3.11/site-packages/_pytest/runner.py:523: in setup
    col.setup()
/root/.venv/lib/python3.11/site-packages/_pytest/python.py:1723: in setup
    self._request._fillfixtures()
/root/.venv/lib/python3.11/site-packages/_pytest/fixtures.py:707: in _fillfixtures
    item.funcargs[argname] = self.getfixturevalue(argname)
                             ^^^^^^^^^^^^^^^^^^^^^^^^^^^^^
/root/.venv/lib/python3.11/site-packages/_pytest/fixtures.py:539: in getfixturevalue
    fixturedef = self._get_active_fixturedef(argname)
                 ^^^^^^^^^^^^^^^^^^^^^^^^^^^^^^^^^^^^
/root/.venv/lib/python3.11/site-packages/_pytest/fixtures.py:627: in _get_active_fixturedef
    fixturedef.execute(request=subrequest)
/root/.venv/lib/python3.11/site-packages/_pytest/fixtures.py:1110: in execute
    result: FixtureValue = ihook.pytest_fixture_setup(
/root/.venv/lib/python3.11/site-packages/pluggy/_hooks.py:512: in __call__
    return self._hookexec(self.name, self._hookimpls.copy(), kwargs, firstresult)
           ^^^^^^^^^^^^^^^^^^^^^^^^^^^^^^^^^^^^^^^^^^^^^^^^^^^^^^^^^^^^^^^^^^^^^^
/root/.venv/lib/python3.11/site-packages/pluggy/_manager.py:120: in _hookexec
    return self._inner_hookexec(hook_name, methods, kwargs, firstresult)
           ^^^^^^^^^^^^^^^^^^^^^^^^^^^^^^^^^^^^^^^^^^^^^^^^^^^^^^^^^^^^^
/root/.venv/lib/python3.11/site-packages/_pytest/setuponly.py:36: in pytest_fixture_setup
    return (yield)
            ^^^^^
/root/.venv/lib/python3.11/site-packages/_pytest/fixtures.py:1188: in pytest_fixture_setup
    warnings.warn(
E   pytest.PytestRemovedIn9Warning: '' requested an async fixture 'motor_client', with no plugin or hook that handled it. This is usually an error, as pytest does not natively support it. This will turn into an error in pytest 9.
E   See: https://docs.pytest.org/en/stable/deprecations.html#sync-test-depending-on-async-fixture</error></testcase><testcase classname="tests.test_iteration54_calendar_inventory.TestUnauthorizedAccess" name="test_hotels_list_requires_auth" time="0.001"><error message="failed on setup with &quot;pytest.PytestRemovedIn9Warning: '' requested an async fixture 'motor_client', with no plugin or hook that handled it. This is usually an error, as pytest does not natively support it. This will turn into an error in pytest 9.&#10;See: https://docs.pytest.org/en/stable/deprecations.html#sync-test-depending-on-async-fixture&quot;">/root/.venv/lib/python3.11/site-packages/_pytest/runner.py:353: in from_call
    result: TResult | None = func()
                             ^^^^^^
/root/.venv/lib/python3.11/site-packages/_pytest/runner.py:245: in &lt;lambda&gt;
    lambda: runtest_hook(item=item, **kwds),
            ^^^^^^^^^^^^^^^^^^^^^^^^^^^^^^^
/root/.venv/lib/python3.11/site-packages/pluggy/_hooks.py:512: in __call__
    return self._hookexec(self.name, self._hookimpls.copy(), kwargs, firstresult)
           ^^^^^^^^^^^^^^^^^^^^^^^^^^^^^^^^^^^^^^^^^^^^^^^^^^^^^^^^^^^^^^^^^^^^^^
/root/.venv/lib/python3.11/site-packages/pluggy/_manager.py:120: in _hookexec
    return self._inner_hookexec(hook_name, methods, kwargs, firstresult)
           ^^^^^^^^^^^^^^^^^^^^^^^^^^^^^^^^^^^^^^^^^^^^^^^^^^^^^^^^^^^^^
/root/.venv/lib/python3.11/site-packages/_pytest/logging.py:843: in pytest_runtest_setup
    yield
/root/.venv/lib/python3.11/site-packages/_pytest/capture.py:895: in pytest_runtest_setup
    return (yield)
            ^^^^^
/root/.venv/lib/python3.11/site-packages/_pytest/runner.py:165: in pytest_runtest_setup
    item.session._setupstate.setup(item)
/root/.venv/lib/python3.11/site-packages/_pytest/runner.py:523: in setup
    col.setup()
/root/.venv/lib/python3.11/site-packages/_pytest/python.py:1723: in setup
    self._request._fillfixtures()
/root/.venv/lib/python3.11/site-packages/_pytest/fixtures.py:707: in _fillfixtures
    item.funcargs[argname] = self.getfixturevalue(argname)
                             ^^^^^^^^^^^^^^^^^^^^^^^^^^^^^
/root/.venv/lib/python3.11/site-packages/_pytest/fixtures.py:539: in getfixturevalue
    fixturedef = self._get_active_fixturedef(argname)
                 ^^^^^^^^^^^^^^^^^^^^^^^^^^^^^^^^^^^^
/root/.venv/lib/python3.11/site-packages/_pytest/fixtures.py:627: in _get_active_fixturedef
    fixturedef.execute(request=subrequest)
/root/.venv/lib/python3.11/site-packages/_pytest/fixtures.py:1110: in execute
    result: FixtureValue = ihook.pytest_fixture_setup(
/root/.venv/lib/python3.11/site-packages/pluggy/_hooks.py:512: in __call__
    return self._hookexec(self.name, self._hookimpls.copy(), kwargs, firstresult)
           ^^^^^^^^^^^^^^^^^^^^^^^^^^^^^^^^^^^^^^^^^^^^^^^^^^^^^^^^^^^^^^^^^^^^^^
/root/.venv/lib/python3.11/site-packages/pluggy/_manager.py:120: in _hookexec
    return self._inner_hookexec(hook_name, methods, kwargs, firstresult)
           ^^^^^^^^^^^^^^^^^^^^^^^^^^^^^^^^^^^^^^^^^^^^^^^^^^^^^^^^^^^^^
/root/.venv/lib/python3.11/site-packages/_pytest/setuponly.py:36: in pytest_fixture_setup
    return (yield)
            ^^^^^
/root/.venv/lib/python3.11/site-packages/_pytest/fixtures.py:1188: in pytest_fixture_setup
    warnings.warn(
E   pytest.PytestRemovedIn9Warning: '' requested an async fixture 'motor_client', with no plugin or hook that handled it. This is usually an error, as pytest does not natively support it. This will turn into an error in pytest 9.
E   See: https://docs.pytest.org/en/stable/deprecations.html#sync-test-depending-on-async-fixture</error></testcase></testsuite></testsuites>