<?xml version="1.0" encoding="utf-8"?><testsuites name="pytest tests"><testsuite name="pytest" errors="0" failures="0" skipped="0" tests="15" time="22.781" timestamp="2026-03-15T14:14:22.727031+00:00" hostname="agent-env-7707413f-40ae-4019-9f1c-df7669ce5753"><testcase classname="tests.test_pilot_onboarding_iter100.TestPilotOnboardingWizard" name="test_step1_create_pilot_agency" time="1.826" /><testcase classname="tests.test_pilot_onboarding_iter100.TestPilotOnboardingWizard" name="test_step1_duplicate_agency_prevention" time="1.181" /><testcase classname="tests.test_pilot_onboarding_iter100.TestPilotOnboardingWizard" name="test_step2_save_supplier_credential" time="1.181" /><testcase classname="tests.test_pilot_onboarding_iter100.TestPilotOnboardingWizard" name="test_step3_save_accounting_credential" time="1.161" /><testcase classname="tests.test_pilot_onboarding_iter100.TestPilotOnboardingWizard" name="test_step4_connection_test" time="1.170" /><testcase classname="tests.test_pilot_onboarding_iter100.TestPilotOnboardingWizard" name="test_step5_search_test" time="5.381" /><testcase classname="tests.test_pilot_onboarding_iter100.TestPilotOnboardingWizard" name="test_step6_booking_test" time="1.185" /><testcase classname="tests.test_pilot_onboarding_iter100.TestPilotOnboardingWizard" name="test_step7_invoice_test" time="1.190" /><testcase classname="tests.test_pilot_onboarding_iter100.TestPilotOnboardingWizard" name="test_step8_accounting_sync_test" time="1.184" /><testcase classname="tests.test_pilot_onboarding_iter100.TestPilotOnboardingWizard" name="test_step9_reconciliation_check" time="1.194" /><testcase classname="tests.test_pilot_onboarding_iter100.TestPilotOnboardingReadEndpoints" name="test_list_agencies" time="1.178" /><testcase classname="tests.test_pilot_onboarding_iter100.TestPilotOnboardingReadEndpoints" name="test_get_metrics_dashboard" time="1.201" /><testcase classname="tests.test_pilot_onboarding_iter100.TestPilotOnboardingReadEndpoints" name="test_get_incidents" time="1.162" /><testcase classname="tests.test_pilot_onboarding_iter100.TestPilotOnboardingAuthProtection" name="test_unauthenticated_request_rejected" time="1.315" /><testcase classname="tests.test_pilot_onboarding_iter100.TestPilotOnboardingAuthProtection" name="test_agency_not_found_error" time="1.202" /></testsuite></testsuites>