<?xml version="1.0" encoding="utf-8"?><testsuites name="pytest tests"><testsuite name="pytest" errors="0" failures="0" skipped="0" tests="21" time="2.328" timestamp="2026-03-13T03:50:03.581304+00:00" hostname="agent-env-28a50156-320e-47b9-9167-180183f69573"><testcase classname="test_reports.pytest_isolated.test_production_activation_layer_iter70.TestP0RedisAndPipelineStatus" name="test_pipeline_status_returns_redis_healthy" time="0.692" /><testcase classname="test_reports.pytest_isolated.test_production_activation_layer_iter70.TestP0GodRouterDecomposition" name="test_decomposition_info_endpoint" time="0.061" /><testcase classname="test_reports.pytest_isolated.test_production_activation_layer_iter70.TestDecomposedFinanceAccounts" name="test_list_accounts" time="0.073" /><testcase classname="test_reports.pytest_isolated.test_production_activation_layer_iter70.TestDecomposedFinanceAccounts" name="test_list_credit_profiles" time="0.070" /><testcase classname="test_reports.pytest_isolated.test_production_activation_layer_iter70.TestDecomposedFinanceAccounts" name="test_get_exposure_dashboard" time="0.082" /><testcase classname="test_reports.pytest_isolated.test_production_activation_layer_iter70.TestDecomposedFinanceRefunds" name="test_list_refunds" time="0.068" /><testcase classname="test_reports.pytest_isolated.test_production_activation_layer_iter70.TestDecomposedFinanceSettlements" name="test_list_settlements" time="0.059" /><testcase classname="test_reports.pytest_isolated.test_production_activation_layer_iter70.TestDecomposedFinanceSettlements" name="test_list_supplier_accruals" time="0.062" /><testcase classname="test_reports.pytest_isolated.test_production_activation_layer_iter70.TestDecomposedFinanceSuppliers" name="test_supplier_payable_summary" time="0.082" /><testcase classname="test_reports.pytest_isolated.test_production_activation_layer_iter70.TestProductionReadiness" name="test_get_production_readiness" time="0.066" /><testcase classname="test_reports.pytest_isolated.test_production_activation_layer_iter70.TestProductionReadiness" name="test_get_production_tasks" time="0.061" /><testcase classname="test_reports.pytest_isolated.test_production_activation_layer_iter70.TestSecretManagement" name="test_get_secret_inventory" time="0.077" /><testcase classname="test_reports.pytest_isolated.test_production_activation_layer_iter70.TestSupplierIntegrations" name="test_get_supplier_integrations" time="0.063" /><testcase classname="test_reports.pytest_isolated.test_production_activation_layer_iter70.TestVoucherPipeline" name="test_list_vouchers" time="0.076" /><testcase classname="test_reports.pytest_isolated.test_production_activation_layer_iter70.TestNotificationDelivery" name="test_get_delivery_log" time="0.062" /><testcase classname="test_reports.pytest_isolated.test_production_activation_layer_iter70.TestReliabilityEndpoints" name="test_resilience_config" time="0.071" /><testcase classname="test_reports.pytest_isolated.test_production_activation_layer_iter70.TestReliabilityEndpoints" name="test_supplier_metrics" time="0.063" /><testcase classname="test_reports.pytest_isolated.test_production_activation_layer_iter70.TestReliabilityEndpoints" name="test_list_incidents" time="0.069" /><testcase classname="test_reports.pytest_isolated.test_production_activation_layer_iter70.TestAuthenticationRequired" name="test_production_pipeline_requires_auth" time="0.115" /><testcase classname="test_reports.pytest_isolated.test_production_activation_layer_iter70.TestAuthenticationRequired" name="test_production_readiness_requires_auth" time="0.129" /><testcase classname="test_reports.pytest_isolated.test_production_activation_layer_iter70.TestAuthenticationRequired" name="test_finance_accounts_requires_auth" time="0.145" /></testsuite></testsuites>