<?xml version="1.0" encoding="utf-8"?><testsuites name="pytest tests"><testsuite name="pytest" errors="0" failures="0" skipped="0" tests="17" time="28.057" timestamp="2026-03-11T14:17:31.766778+00:00" hostname="agent-env-30a911fb-f75b-4f56-9f95-457001cd2283"><testcase classname="tests.test_pms_apis_iter59.TestPMSAuthentication" name="test_login_with_agency_credentials" time="2.110" /><testcase classname="tests.test_pms_apis_iter59.TestPMSAuthentication" name="test_pms_dashboard_requires_auth" time="1.267" /><testcase classname="tests.test_pms_apis_iter59.TestPMSDashboard" name="test_get_dashboard" time="1.568" /><testcase classname="tests.test_pms_apis_iter59.TestPMSDashboard" name="test_dashboard_with_hotel_filter" time="1.273" /><testcase classname="tests.test_pms_apis_iter59.TestPMSArrivals" name="test_get_arrivals" time="1.245" /><testcase classname="tests.test_pms_apis_iter59.TestPMSInHouse" name="test_get_in_house" time="1.310" /><testcase classname="tests.test_pms_apis_iter59.TestPMSDepartures" name="test_get_departures" time="1.464" /><testcase classname="tests.test_pms_apis_iter59.TestPMSReservations" name="test_get_reservations" time="1.367" /><testcase classname="tests.test_pms_apis_iter59.TestPMSReservations" name="test_get_reservations_with_filters" time="5.868" /><testcase classname="tests.test_pms_apis_iter59.TestPMSRooms" name="test_list_rooms" time="1.338" /><testcase classname="tests.test_pms_apis_iter59.TestPMSRooms" name="test_create_room" time="1.415" /><testcase classname="tests.test_pms_apis_iter59.TestPMSRooms" name="test_update_room" time="1.312" /><testcase classname="tests.test_pms_apis_iter59.TestPMSRooms" name="test_delete_test_room" time="1.352" /><testcase classname="tests.test_pms_apis_iter59.TestPMSCheckInOut" name="test_check_in_reservation" time="1.264" /><testcase classname="tests.test_pms_apis_iter59.TestPMSCheckInOut" name="test_check_out_reservation" time="1.280" /><testcase classname="tests.test_pms_apis_iter59.TestPMSReservationUpdate" name="test_update_reservation_details" time="1.275" /><testcase classname="tests.test_pms_apis_iter59.TestPMSReservationUpdate" name="test_get_single_reservation" time="1.260" /></testsuite></testsuites>