<?xml version="1.0" encoding="utf-8"?><testsuites name="pytest tests"><testsuite name="pytest" errors="3" failures="0" skipped="0" tests="8" time="8.203" timestamp="2026-03-09T08:53:10.499864+00:00" hostname="agent-env-8e1f8189-1560-43cf-b965-6712e02927f6"><testcase classname="tests.test_sidebar_navigation_iter33.TestAgencyEndpoints" name="test_agency_bookings_endpoint" time="0.837"><error message="failed on setup with &quot;AssertionError: /auth/me failed: {&quot;error&quot;:{&quot;code&quot;:&quot;invalid_token&quot;,&quot;message&quot;:&quot;Geçersiz token.&quot;,&quot;details&quot;:null}}&#10;assert 401 == 200&#10; +  where 401 = &lt;Response [401 Unauthorized]&gt;.status_code&quot;">/root/.venv/lib/python3.11/site-packages/anyio/pytest_plugin.py:121: in wrapper
    yield from runner.run_asyncgen_fixture(local_func, kwargs)
/root/.venv/lib/python3.11/site-packages/anyio/_backends/_asyncio.py:2291: in run_asyncgen_fixture
    fixturevalue: T_Retval = self.get_loop().run_until_complete(
/usr/local/lib/python3.11/asyncio/base_events.py:654: in run_until_complete
    return future.result()
           ^^^^^^^^^^^^^^^
/root/.venv/lib/python3.11/site-packages/anyio/_backends/_asyncio.py:2283: in _call_in_runner_task
    return await future
           ^^^^^^^^^^^^
/root/.venv/lib/python3.11/site-packages/anyio/_backends/_asyncio.py:2250: in _run_tests_and_fixtures
    retval = await coro
             ^^^^^^^^^^
backend/tests/conftest.py:513: in minimal_search_seed
    assert me_resp.status_code == 200, f"/auth/me failed: {me_resp.text}"
E   AssertionError: /auth/me failed: {"error":{"code":"invalid_token","message":"Geçersiz token.","details":null}}
E   assert 401 == 200
E    +  where 401 = &lt;Response [401 Unauthorized]&gt;.status_code</error></testcase><testcase classname="tests.test_sidebar_navigation_iter33.TestAgencyEndpoints" name="test_agency_settlements_endpoint" time="0.285"><error message="failed on setup with &quot;AssertionError: /auth/me failed: {&quot;error&quot;:{&quot;code&quot;:&quot;invalid_token&quot;,&quot;message&quot;:&quot;Geçersiz token.&quot;,&quot;details&quot;:null}}&#10;assert 401 == 200&#10; +  where 401 = &lt;Response [401 Unauthorized]&gt;.status_code&quot;">/root/.venv/lib/python3.11/site-packages/anyio/pytest_plugin.py:121: in wrapper
    yield from runner.run_asyncgen_fixture(local_func, kwargs)
/root/.venv/lib/python3.11/site-packages/anyio/_backends/_asyncio.py:2291: in run_asyncgen_fixture
    fixturevalue: T_Retval = self.get_loop().run_until_complete(
/usr/local/lib/python3.11/asyncio/base_events.py:654: in run_until_complete
    return future.result()
           ^^^^^^^^^^^^^^^
/root/.venv/lib/python3.11/site-packages/anyio/_backends/_asyncio.py:2283: in _call_in_runner_task
    return await future
           ^^^^^^^^^^^^
/root/.venv/lib/python3.11/site-packages/anyio/_backends/_asyncio.py:2250: in _run_tests_and_fixtures
    retval = await coro
             ^^^^^^^^^^
backend/tests/conftest.py:513: in minimal_search_seed
    assert me_resp.status_code == 200, f"/auth/me failed: {me_resp.text}"
E   AssertionError: /auth/me failed: {"error":{"code":"invalid_token","message":"Geçersiz token.","details":null}}
E   assert 401 == 200
E    +  where 401 = &lt;Response [401 Unauthorized]&gt;.status_code</error></testcase><testcase classname="tests.test_sidebar_navigation_iter33.TestAgencyEndpoints" name="test_agency_hotels_endpoint" time="0.279"><error message="failed on setup with &quot;AssertionError: /auth/me failed: {&quot;error&quot;:{&quot;code&quot;:&quot;invalid_token&quot;,&quot;message&quot;:&quot;Geçersiz token.&quot;,&quot;details&quot;:null}}&#10;assert 401 == 200&#10; +  where 401 = &lt;Response [401 Unauthorized]&gt;.status_code&quot;">/root/.venv/lib/python3.11/site-packages/anyio/pytest_plugin.py:121: in wrapper
    yield from runner.run_asyncgen_fixture(local_func, kwargs)
/root/.venv/lib/python3.11/site-packages/anyio/_backends/_asyncio.py:2291: in run_asyncgen_fixture
    fixturevalue: T_Retval = self.get_loop().run_until_complete(
/usr/local/lib/python3.11/asyncio/base_events.py:654: in run_until_complete
    return future.result()
           ^^^^^^^^^^^^^^^
/root/.venv/lib/python3.11/site-packages/anyio/_backends/_asyncio.py:2283: in _call_in_runner_task
    return await future
           ^^^^^^^^^^^^
/root/.venv/lib/python3.11/site-packages/anyio/_backends/_asyncio.py:2250: in _run_tests_and_fixtures
    retval = await coro
             ^^^^^^^^^^
backend/tests/conftest.py:513: in minimal_search_seed
    assert me_resp.status_code == 200, f"/auth/me failed: {me_resp.text}"
E   AssertionError: /auth/me failed: {"error":{"code":"invalid_token","message":"Geçersiz token.","details":null}}
E   assert 401 == 200
E    +  where 401 = &lt;Response [401 Unauthorized]&gt;.status_code</error></testcase><testcase classname="tests.test_sidebar_navigation_iter33.TestAgencyLoginRedirect" name="test_agency_login_response" time="1.503" /><testcase classname="tests.test_sidebar_navigation_iter33.TestAdminEndpoints" name="test_admin_dashboard_access" time="1.590" /><testcase classname="tests.test_sidebar_navigation_iter33.TestNavigationPaths" name="test_core_menu_paths_exist" time="1.112" /><testcase classname="tests.test_sidebar_navigation_iter33.TestNavigationPaths" name="test_expansion_enterprise_hidden" time="1.104" /><testcase classname="tests.test_sidebar_navigation_iter33.TestNavigationPaths" name="test_account_links_for_agency" time="1.116" /></testsuite></testsuites>