<?xml version="1.0" encoding="utf-8"?><testsuites name="pytest tests"><testsuite name="pytest" errors="0" failures="0" skipped="1" tests="51" time="184.740" timestamp="2026-03-16T13:16:18.520902+00:00" hostname="agent-env-8a58ea6e-3ee8-406a-bf89-960e10d26920"><testcase classname="tests.test_inventory_router_refactor_iter120.TestInventorySyncEndpoints" name="test_sync_trigger" time="24.609" /><testcase classname="tests.test_inventory_router_refactor_iter120.TestInventorySyncEndpoints" name="test_sync_status" time="1.387" /><testcase classname="tests.test_inventory_router_refactor_iter120.TestInventorySyncEndpoints" name="test_sync_jobs" time="1.273" /><testcase classname="tests.test_inventory_router_refactor_iter120.TestInventorySyncEndpoints" name="test_sync_retry_job" time="1.280" /><testcase classname="tests.test_inventory_router_refactor_iter120.TestInventorySyncEndpoints" name="test_sync_cancel_job" time="1.318" /><testcase classname="tests.test_inventory_router_refactor_iter120.TestInventorySyncEndpoints" name="test_sync_execute_retries" time="1.318" /><testcase classname="tests.test_inventory_router_refactor_iter120.TestInventorySyncEndpoints" name="test_inventory_search" time="1.271" /><testcase classname="tests.test_inventory_router_refactor_iter120.TestInventorySyncEndpoints" name="test_inventory_stats" time="1.283" /><testcase classname="tests.test_inventory_router_refactor_iter120.TestInventorySyncEndpoints" name="test_inventory_revalidate" time="4.382" /><testcase classname="tests.test_inventory_router_refactor_iter120.TestInventoryBookingEndpoints" name="test_booking_precheck" time="4.336" /><testcase classname="tests.test_inventory_router_refactor_iter120.TestInventoryBookingEndpoints" name="test_booking_create" time="5.828" /><testcase classname="tests.test_inventory_router_refactor_iter120.TestInventoryBookingEndpoints" name="test_booking_status" time="1.300" /><testcase classname="tests.test_inventory_router_refactor_iter120.TestInventoryBookingEndpoints" name="test_booking_cancel" time="1.284" /><testcase classname="tests.test_inventory_router_refactor_iter120.TestInventoryBookingEndpoints" name="test_booking_test_matrix" time="31.046" /><testcase classname="tests.test_inventory_router_refactor_iter120.TestInventoryBookingEndpoints" name="test_booking_history" time="1.341" /><testcase classname="tests.test_inventory_router_refactor_iter120.TestInventoryBookingEndpoints" name="test_booking_test_matrix_history" time="1.270" /><testcase classname="tests.test_inventory_router_refactor_iter120.TestInventoryBookingEndpoints" name="test_booking_test_e2e" time="4.341" /><testcase classname="tests.test_inventory_router_refactor_iter120.TestInventoryBookingEndpoints" name="test_booking_test_history" time="1.366" /><testcase classname="tests.test_inventory_router_refactor_iter120.TestInventoryDiagnosticsEndpoints" name="test_supplier_config_get" time="1.281" /><testcase classname="tests.test_inventory_router_refactor_iter120.TestInventoryDiagnosticsEndpoints" name="test_supplier_config_post" time="1.296" /><testcase classname="tests.test_inventory_router_refactor_iter120.TestInventoryDiagnosticsEndpoints" name="test_supplier_config_delete" time="1.261" /><testcase classname="tests.test_inventory_router_refactor_iter120.TestInventoryDiagnosticsEndpoints" name="test_sandbox_validate" time="4.363" /><testcase classname="tests.test_inventory_router_refactor_iter120.TestInventoryDiagnosticsEndpoints" name="test_supplier_metrics" time="1.273" /><testcase classname="tests.test_inventory_router_refactor_iter120.TestInventoryDiagnosticsEndpoints" name="test_supplier_health" time="1.287" /><testcase classname="tests.test_inventory_router_refactor_iter120.TestInventoryDiagnosticsEndpoints" name="test_kpi_drift" time="5.632" /><testcase classname="tests.test_inventory_router_refactor_iter120.TestInventoryDiagnosticsEndpoints" name="test_stability_report" time="1.276" /><testcase classname="tests.test_inventory_router_refactor_iter120.TestInventoryDiagnosticsEndpoints" name="test_sync_regions" time="1.265" /><testcase classname="tests.test_inventory_router_refactor_iter120.TestInventoryDiagnosticsEndpoints" name="test_sync_downtime" time="1.270" /><testcase classname="tests.test_inventory_router_refactor_iter120.TestE2EDemoEndpoints" name="test_e2e_scenarios" time="1.308" /><testcase classname="tests.test_inventory_router_refactor_iter120.TestE2EDemoEndpoints" name="test_e2e_suppliers" time="1.252" /><testcase classname="tests.test_inventory_router_refactor_iter120.TestE2EDemoEndpoints" name="test_e2e_run" time="2.811" /><testcase classname="tests.test_inventory_router_refactor_iter120.TestE2EDemoEndpoints" name="test_e2e_history" time="1.313" /><testcase classname="tests.test_inventory_router_refactor_iter120.TestE2EDemoEndpoints" name="test_e2e_rerun_step" time="2.517" /><testcase classname="tests.test_inventory_router_refactor_iter120.TestSupplierOnboardingEndpoints" name="test_onboarding_registry" time="1.263" /><testcase classname="tests.test_inventory_router_refactor_iter120.TestSupplierOnboardingEndpoints" name="test_onboarding_dashboard" time="1.286" /><testcase classname="tests.test_inventory_router_refactor_iter120.TestSupplierOnboardingEndpoints" name="test_onboarding_detail" time="5.641" /><testcase classname="tests.test_inventory_router_refactor_iter120.TestSupplierOnboardingEndpoints" name="test_onboarding_credentials" time="1.260" /><testcase classname="tests.test_inventory_router_refactor_iter120.TestSupplierOnboardingEndpoints" name="test_onboarding_validate" time="2.165" /><testcase classname="tests.test_inventory_router_refactor_iter120.TestSupplierOnboardingEndpoints" name="test_onboarding_certify" time="6.102" /><testcase classname="tests.test_inventory_router_refactor_iter120.TestSupplierOnboardingEndpoints" name="test_onboarding_certification" time="1.299" /><testcase classname="tests.test_inventory_router_refactor_iter120.TestSupplierOnboardingEndpoints" name="test_onboarding_certification_history" time="1.301" /><testcase classname="tests.test_inventory_router_refactor_iter120.TestSupplierOnboardingEndpoints" name="test_onboarding_go_live" time="1.277" /><testcase classname="tests.test_inventory_router_refactor_iter120.TestSupplierOnboardingEndpoints" name="test_onboarding_reset" time="1.343" /><testcase classname="tests.test_inventory_router_refactor_iter120.TestDeprecatedFileImports" name="test_inventory_sync_router_importable" time="1.143" /><testcase classname="tests.test_inventory_router_refactor_iter120.TestDeprecatedFileImports" name="test_e2e_demo_router_importable" time="1.113" /><testcase classname="tests.test_inventory_router_refactor_iter120.TestDeprecatedFileImports" name="test_supplier_onboarding_router_importable" time="1.129" /><testcase classname="tests.test_inventory_router_refactor_iter120.TestRouteRegistration" name="test_no_duplicate_routes_via_openapi" time="5.398"><skipped type="pytest.skip" message="OpenAPI schema not accessible">/app/backend/tests/test_inventory_router_refactor_iter120.py:611: OpenAPI schema not accessible</skipped></testcase><testcase classname="tests.test_inventory_router_refactor_iter120.TestRouteRegistration" name="test_all_inventory_sync_routes_registered" time="28.344" /><testcase classname="tests.test_inventory_router_refactor_iter120.TestAuthProtection" name="test_sync_endpoints_require_auth" time="1.746" /><testcase classname="tests.test_inventory_router_refactor_iter120.TestAuthProtection" name="test_e2e_demo_endpoints_require_auth" time="1.593" /><testcase classname="tests.test_inventory_router_refactor_iter120.TestAuthProtection" name="test_onboarding_endpoints_require_auth" time="1.582" /></testsuite></testsuites>