<?xml version="1.0" encoding="utf-8"?><testsuites name="pytest tests"><testsuite name="pytest" errors="0" failures="0" skipped="0" tests="14" time="34.267" timestamp="2026-03-16T15:09:19.403729+00:00" hostname="agent-env-3b5ad50a-1812-45b1-aa10-8c8576c9ad70"><testcase classname="tests.test_telemetry_supplier_funnel_error_iter126.TestSupplierTelemetryAndFunnel" name="test_telemetry_suppliers_returns_all_suppliers" time="2.043" /><testcase classname="tests.test_telemetry_supplier_funnel_error_iter126.TestSupplierTelemetryAndFunnel" name="test_telemetry_suppliers_structure_per_supplier" time="1.668" /><testcase classname="tests.test_telemetry_supplier_funnel_error_iter126.TestSupplierTelemetryAndFunnel" name="test_telemetry_suppliers_requires_auth" time="1.705" /><testcase classname="tests.test_telemetry_supplier_funnel_error_iter126.TestSupplierTelemetryAndFunnel" name="test_certification_funnel_returns_all_suppliers" time="1.828" /><testcase classname="tests.test_telemetry_supplier_funnel_error_iter126.TestSupplierTelemetryAndFunnel" name="test_certification_funnel_stages_structure" time="1.713" /><testcase classname="tests.test_telemetry_supplier_funnel_error_iter126.TestSupplierTelemetryAndFunnel" name="test_certification_funnel_with_supplier_filter" time="1.586" /><testcase classname="tests.test_telemetry_supplier_funnel_error_iter126.TestSupplierTelemetryAndFunnel" name="test_certification_funnel_requires_auth" time="1.757" /><testcase classname="tests.test_telemetry_supplier_funnel_error_iter126.TestSupplierTelemetryAndFunnel" name="test_telemetry_history_has_error_fields" time="1.648" /><testcase classname="tests.test_telemetry_supplier_funnel_error_iter126.TestSupplierTelemetryAndFunnel" name="test_run_price_mismatch_scenario_records_error_type" time="3.422" /><testcase classname="tests.test_telemetry_supplier_funnel_error_iter126.TestSupplierTelemetryAndFunnel" name="test_run_supplier_unavailable_scenario_records_error" time="6.955" /><testcase classname="tests.test_telemetry_supplier_funnel_error_iter126.TestSupplierTelemetryAndFunnel" name="test_run_booking_timeout_scenario_records_error" time="3.378" /><testcase classname="tests.test_telemetry_supplier_funnel_error_iter126.TestSupplierTelemetryAndFunnel" name="test_telemetry_history_aggregates_error_counts_after_scenarios" time="1.642" /><testcase classname="tests.test_telemetry_supplier_funnel_error_iter126.TestSupplierTelemetryAndFunnel" name="test_existing_telemetry_endpoint_still_works" time="1.655" /><testcase classname="tests.test_telemetry_supplier_funnel_error_iter126.TestSupplierTelemetryAndFunnel" name="test_existing_run_endpoint_still_returns_full_data" time="3.166" /></testsuite></testsuites>