<?xml version="1.0" encoding="utf-8"?><testsuites name="pytest tests"><testsuite name="pytest" errors="0" failures="0" skipped="0" tests="14" time="21.997" timestamp="2026-03-15T10:54:49.029490+00:00" hostname="agent-env-42964fc4-06d6-446a-a80d-144012dff1a6"><testcase classname="tests.test_accounting_phase3_iter95.TestAccountingProviders" name="test_list_accounting_providers" time="1.722" /><testcase classname="tests.test_accounting_phase3_iter95.TestAccountingCredentials" name="test_save_luca_credentials" time="1.195" /><testcase classname="tests.test_accounting_phase3_iter95.TestAccountingCredentials" name="test_list_accounting_credentials" time="1.171" /><testcase classname="tests.test_accounting_phase3_iter95.TestAccountingCredentials" name="test_test_luca_connection_simulation" time="1.230" /><testcase classname="tests.test_accounting_phase3_iter95.TestAccountingDashboard" name="test_get_accounting_dashboard" time="1.192" /><testcase classname="tests.test_accounting_phase3_iter95.TestAccountingSyncLogs" name="test_get_sync_logs" time="1.191" /><testcase classname="tests.test_accounting_phase3_iter95.TestAccountingSyncLogs" name="test_get_sync_logs_with_status_filter" time="1.186" /><testcase classname="tests.test_accounting_phase3_iter95.TestInvoiceSyncToLuca" name="test_sync_invoice_to_luca" time="1.256" /><testcase classname="tests.test_accounting_phase3_iter95.TestInvoiceSyncToLuca" name="test_sync_invoice_idempotent" time="1.300" /><testcase classname="tests.test_accounting_phase3_iter95.TestAccountingRetry" name="test_retry_nonexistent_sync" time="1.195" /><testcase classname="tests.test_accounting_phase3_iter95.TestDeleteCredentials" name="test_delete_luca_credentials" time="5.696" /><testcase classname="tests.test_accounting_phase3_iter95.TestDeleteCredentials" name="test_delete_nonexistent_credentials" time="1.194" /><testcase classname="tests.test_accounting_phase3_iter95.TestInvoiceSyncErrorHandling" name="test_sync_nonexistent_invoice" time="1.176" /><testcase classname="tests.test_accounting_phase3_iter95.TestInvoiceSyncErrorHandling" name="test_sync_draft_invoice" time="1.246" /></testsuite></testsuites>