<?xml version="1.0" encoding="utf-8"?><testsuites name="pytest tests"><testsuite name="pytest" errors="0" failures="0" skipped="0" tests="12" time="19.797" timestamp="2026-03-15T14:39:59.363081+00:00" hostname="agent-env-85cbb88e-151b-4e73-86f5-8c585285801f"><testcase classname="tests.test_pilot_flow_simulation_iter101.TestPilotSimulationFlows" name="test_run_simulation_10_flows_all_pass" time="2.107" /><testcase classname="tests.test_pilot_flow_simulation_iter101.TestPilotMetricsDashboard" name="test_metrics_returns_flow_health" time="1.362" /><testcase classname="tests.test_pilot_flow_simulation_iter101.TestPilotMetricsDashboard" name="test_metrics_returns_supplier_metrics" time="1.269" /><testcase classname="tests.test_pilot_flow_simulation_iter101.TestPilotMetricsDashboard" name="test_metrics_returns_finance_metrics" time="1.269" /><testcase classname="tests.test_pilot_flow_simulation_iter101.TestPilotMetricsDashboard" name="test_metrics_returns_all_kpi_sections" time="1.296" /><testcase classname="tests.test_pilot_flow_simulation_iter101.TestPilotAgenciesList" name="test_agencies_list_returns_agencies" time="1.242" /><testcase classname="tests.test_pilot_flow_simulation_iter101.TestPilotIncidents" name="test_incidents_list_endpoint" time="1.299" /><testcase classname="tests.test_pilot_flow_simulation_iter101.TestPilotIncidents" name="test_incidents_have_enhanced_fields" time="1.277" /><testcase classname="tests.test_pilot_flow_simulation_iter101.TestAuthProtection" name="test_run_simulation_requires_auth" time="1.248" /><testcase classname="tests.test_pilot_flow_simulation_iter101.TestAuthProtection" name="test_metrics_requires_auth" time="4.863" /><testcase classname="tests.test_pilot_flow_simulation_iter101.TestAuthProtection" name="test_agencies_requires_auth" time="1.236" /><testcase classname="tests.test_pilot_flow_simulation_iter101.TestAuthProtection" name="test_incidents_requires_auth" time="1.228" /></testsuite></testsuites>