<?xml version="1.0" encoding="utf-8"?><testsuites name="pytest tests"><testsuite name="pytest" errors="0" failures="0" skipped="0" tests="18" time="28.540" timestamp="2026-03-16T19:08:46.346441+00:00" hostname="agent-env-f6e72e5c-d8bd-45d3-9232-cc5caf90537b"><testcase classname="tests.test_finance_ledger_phase2a_iter133.TestLedgerEndpoints" name="test_ledger_summary_returns_totals" time="1.548" /><testcase classname="tests.test_finance_ledger_phase2a_iter133.TestLedgerEndpoints" name="test_receivable_payable_breakdown" time="1.319" /><testcase classname="tests.test_finance_ledger_phase2a_iter133.TestLedgerEndpoints" name="test_recent_postings_list" time="1.328" /><testcase classname="tests.test_finance_ledger_phase2a_iter133.TestLedgerEndpoints" name="test_ledger_entries_paginated" time="1.348" /><testcase classname="tests.test_finance_ledger_phase2a_iter133.TestLedgerEndpoints" name="test_ledger_entries_filter_by_account_type" time="1.376" /><testcase classname="tests.test_finance_ledger_phase2a_iter133.TestLedgerEndpoints" name="test_ledger_entry_detail_by_id" time="1.275" /><testcase classname="tests.test_finance_ledger_phase2a_iter133.TestAgencyBalancesEndpoints" name="test_agency_balances_list" time="1.338" /><testcase classname="tests.test_finance_ledger_phase2a_iter133.TestAgencyBalancesEndpoints" name="test_agency_balances_filter_overdue" time="1.306" /><testcase classname="tests.test_finance_ledger_phase2a_iter133.TestSupplierPayablesEndpoints" name="test_supplier_payables_list" time="1.367" /><testcase classname="tests.test_finance_ledger_phase2a_iter133.TestSupplierPayablesEndpoints" name="test_supplier_payables_filter_overdue" time="5.791" /><testcase classname="tests.test_finance_ledger_phase2a_iter133.TestSettlementRunEndpoints" name="test_settlement_runs_list" time="1.291" /><testcase classname="tests.test_finance_ledger_phase2a_iter133.TestSettlementRunEndpoints" name="test_settlement_runs_stats" time="1.308" /><testcase classname="tests.test_finance_ledger_phase2a_iter133.TestSettlementRunEndpoints" name="test_settlement_runs_filter_draft" time="1.296" /><testcase classname="tests.test_finance_ledger_phase2a_iter133.TestSettlementRunEndpoints" name="test_settlement_run_detail_with_entries" time="1.295" /><testcase classname="tests.test_finance_ledger_phase2a_iter133.TestReconciliationEndpoints" name="test_reconciliation_summary" time="1.368" /><testcase classname="tests.test_finance_ledger_phase2a_iter133.TestReconciliationEndpoints" name="test_reconciliation_snapshots" time="1.278" /><testcase classname="tests.test_finance_ledger_phase2a_iter133.TestReconciliationEndpoints" name="test_margin_revenue_summary" time="1.302" /><testcase classname="tests.test_finance_ledger_phase2a_iter133.TestFinanceOverviewEndpoint" name="test_finance_overview_combined_kpi" time="1.291" /></testsuite></testsuites>