<?xml version="1.0" encoding="utf-8"?><testsuites name="pytest tests"><testsuite name="pytest" errors="0" failures="0" skipped="0" tests="15" time="6.107" timestamp="2026-03-13T08:45:47.094601+00:00" hostname="agent-env-aeff0ba5-ea7b-4a83-8859-0a17d0fcd0ba"><testcase classname="test_reports.pytest_isolated.test_stress_testing_iter77.TestAuth" name="test_auth_login" time="0.460" /><testcase classname="test_reports.pytest_isolated.test_stress_testing_iter77.TestStressTestAPIs" name="test_load_testing_endpoint" time="2.235" /><testcase classname="test_reports.pytest_isolated.test_stress_testing_iter77.TestStressTestAPIs" name="test_queue_stress_endpoint" time="0.616" /><testcase classname="test_reports.pytest_isolated.test_stress_testing_iter77.TestStressTestAPIs" name="test_supplier_outage_paximum" time="0.228" /><testcase classname="test_reports.pytest_isolated.test_stress_testing_iter77.TestStressTestAPIs" name="test_supplier_outage_aviationstack" time="0.282" /><testcase classname="test_reports.pytest_isolated.test_stress_testing_iter77.TestStressTestAPIs" name="test_supplier_outage_amadeus" time="0.215" /><testcase classname="test_reports.pytest_isolated.test_stress_testing_iter77.TestStressTestAPIs" name="test_payment_failure_endpoint" time="0.292" /><testcase classname="test_reports.pytest_isolated.test_stress_testing_iter77.TestStressTestAPIs" name="test_cache_failure_endpoint" time="0.220" /><testcase classname="test_reports.pytest_isolated.test_stress_testing_iter77.TestStressTestAPIs" name="test_database_stress_endpoint" time="0.387" /><testcase classname="test_reports.pytest_isolated.test_stress_testing_iter77.TestStressTestAPIs" name="test_incident_response_supplier_outage" time="0.284" /><testcase classname="test_reports.pytest_isolated.test_stress_testing_iter77.TestStressTestAPIs" name="test_incident_response_queue_overload" time="0.270" /><testcase classname="test_reports.pytest_isolated.test_stress_testing_iter77.TestStressTestAPIs" name="test_tenant_safety_endpoint" time="0.188" /><testcase classname="test_reports.pytest_isolated.test_stress_testing_iter77.TestStressTestAPIs" name="test_performance_metrics_endpoint" time="0.117" /><testcase classname="test_reports.pytest_isolated.test_stress_testing_iter77.TestStressTestAPIs" name="test_stress_test_report_endpoint" time="0.110" /><testcase classname="test_reports.pytest_isolated.test_stress_testing_iter77.TestStressTestAPIs" name="test_stress_test_dashboard_endpoint" time="0.114" /></testsuite></testsuites>