<?xml version="1.0" encoding="utf-8"?><testsuites name="pytest tests"><testsuite name="pytest" errors="0" failures="0" skipped="0" tests="20" time="3.041" timestamp="2026-03-26T08:22:00.961796+00:00" hostname="agent-env-d5322263-e071-4e78-b7b2-507a05beacc2"><testcase classname="test_reports.pytest_isolated.test_sprint4_hotel_b2b_dashboard.TestHotelDashboardAPI" name="test_hotel_today_returns_200" time="0.642" /><testcase classname="test_reports.pytest_isolated.test_sprint4_hotel_b2b_dashboard.TestHotelDashboardAPI" name="test_hotel_today_has_required_keys" time="0.211" /><testcase classname="test_reports.pytest_isolated.test_sprint4_hotel_b2b_dashboard.TestHotelDashboardAPI" name="test_hotel_today_checkin_checkout_structure" time="0.115" /><testcase classname="test_reports.pytest_isolated.test_sprint4_hotel_b2b_dashboard.TestHotelDashboardAPI" name="test_hotel_today_occupancy_structure" time="0.114" /><testcase classname="test_reports.pytest_isolated.test_sprint4_hotel_b2b_dashboard.TestHotelDashboardAPI" name="test_hotel_today_pending_structure" time="0.124" /><testcase classname="test_reports.pytest_isolated.test_sprint4_hotel_b2b_dashboard.TestHotelDashboardAPI" name="test_hotel_today_revenue_structure" time="0.139" /><testcase classname="test_reports.pytest_isolated.test_sprint4_hotel_b2b_dashboard.TestHotelDashboardAPI" name="test_hotel_today_upcoming_arrivals_is_list" time="0.127" /><testcase classname="test_reports.pytest_isolated.test_sprint4_hotel_b2b_dashboard.TestHotelDashboardAPI" name="test_hotel_today_recent_activity_is_list" time="0.110" /><testcase classname="test_reports.pytest_isolated.test_sprint4_hotel_b2b_dashboard.TestHotelDashboardAPI" name="test_hotel_today_alerts_is_list" time="0.136" /><testcase classname="test_reports.pytest_isolated.test_sprint4_hotel_b2b_dashboard.TestB2BDashboardAPI" name="test_b2b_today_returns_200" time="0.119" /><testcase classname="test_reports.pytest_isolated.test_sprint4_hotel_b2b_dashboard.TestB2BDashboardAPI" name="test_b2b_today_has_required_keys" time="0.106" /><testcase classname="test_reports.pytest_isolated.test_sprint4_hotel_b2b_dashboard.TestB2BDashboardAPI" name="test_b2b_today_pipeline_structure" time="0.114" /><testcase classname="test_reports.pytest_isolated.test_sprint4_hotel_b2b_dashboard.TestB2BDashboardAPI" name="test_b2b_today_partners_structure" time="0.124" /><testcase classname="test_reports.pytest_isolated.test_sprint4_hotel_b2b_dashboard.TestB2BDashboardAPI" name="test_b2b_today_pending_structure" time="0.106" /><testcase classname="test_reports.pytest_isolated.test_sprint4_hotel_b2b_dashboard.TestB2BDashboardAPI" name="test_b2b_today_revenue_structure" time="0.109" /><testcase classname="test_reports.pytest_isolated.test_sprint4_hotel_b2b_dashboard.TestB2BDashboardAPI" name="test_b2b_today_recent_bookings_is_list" time="0.109" /><testcase classname="test_reports.pytest_isolated.test_sprint4_hotel_b2b_dashboard.TestB2BDashboardAPI" name="test_b2b_today_recent_activity_is_list" time="0.115" /><testcase classname="test_reports.pytest_isolated.test_sprint4_hotel_b2b_dashboard.TestB2BDashboardAPI" name="test_b2b_today_announcements_is_list" time="0.128" /><testcase classname="test_reports.pytest_isolated.test_sprint4_hotel_b2b_dashboard.TestDashboardAuth" name="test_hotel_today_requires_auth" time="0.105" /><testcase classname="test_reports.pytest_isolated.test_sprint4_hotel_b2b_dashboard.TestDashboardAuth" name="test_b2b_today_requires_auth" time="0.107" /></testsuite></testsuites>