<?xml version="1.0" encoding="utf-8"?><testsuites name="pytest tests"><testsuite name="pytest" errors="0" failures="0" skipped="0" tests="17" time="34.079" timestamp="2026-03-16T16:02:32.264035+00:00" hostname="agent-env-d0af6b41-6453-477f-ab77-08966d16fae1"><testcase classname="tests.test_pricing_engine_new_features_iter128.TestPipelineStepsExplainability" name="test_simulate_returns_pipeline_steps" time="1.860" /><testcase classname="tests.test_pricing_engine_new_features_iter128.TestPipelineStepsExplainability" name="test_pipeline_has_7_steps" time="1.326" /><testcase classname="tests.test_pricing_engine_new_features_iter128.TestPipelineStepsExplainability" name="test_each_step_has_required_fields" time="1.324" /><testcase classname="tests.test_pricing_engine_new_features_iter128.TestPipelineStepsExplainability" name="test_step_prices_chain_correctly" time="5.928" /><testcase classname="tests.test_pricing_engine_new_features_iter128.TestEvaluatedRulesPrecedence" name="test_simulate_returns_evaluated_rules" time="1.393" /><testcase classname="tests.test_pricing_engine_new_features_iter128.TestEvaluatedRulesPrecedence" name="test_evaluated_rules_have_required_fields" time="1.339" /><testcase classname="tests.test_pricing_engine_new_features_iter128.TestEvaluatedRulesPrecedence" name="test_winning_rules_marked_correctly" time="1.312" /><testcase classname="tests.test_pricing_engine_new_features_iter128.TestGuardrailsEndpoints" name="test_list_guardrails" time="1.408" /><testcase classname="tests.test_pricing_engine_new_features_iter128.TestGuardrailsEndpoints" name="test_create_guardrail" time="1.447" /><testcase classname="tests.test_pricing_engine_new_features_iter128.TestGuardrailsEndpoints" name="test_create_guardrail_all_types" time="2.311" /><testcase classname="tests.test_pricing_engine_new_features_iter128.TestGuardrailsEndpoints" name="test_delete_guardrail" time="1.658" /><testcase classname="tests.test_pricing_engine_new_features_iter128.TestGuardrailsEndpoints" name="test_metadata_includes_guardrail_types" time="1.284" /><testcase classname="tests.test_pricing_engine_new_features_iter128.TestGuardrailWarnings" name="test_simulate_returns_guardrails_passed" time="1.349" /><testcase classname="tests.test_pricing_engine_new_features_iter128.TestGuardrailWarnings" name="test_simulate_returns_guardrail_warnings" time="1.371" /><testcase classname="tests.test_pricing_engine_new_features_iter128.TestGuardrailWarnings" name="test_guardrail_violation_creates_warning" time="5.750" /><testcase classname="tests.test_pricing_engine_new_features_iter128.TestGuardrailWarnings" name="test_guardrail_warning_fields" time="1.624" /><testcase classname="tests.test_pricing_engine_new_features_iter128.TestDashboardWithGuardrails" name="test_dashboard_returns_active_guardrails" time="1.323" /></testsuite></testsuites>