<?xml version="1.0" encoding="utf-8"?><testsuites name="pytest tests"><testsuite name="pytest" errors="0" failures="0" skipped="0" tests="25" time="63.525" timestamp="2026-03-16T11:55:54.679010+00:00" hostname="agent-env-33b79cc0-50ef-4e20-9fe3-62e823dfad5a"><testcase classname="tests.test_supplier_onboarding_iter117.TestSupplierOnboardingRegistry" name="test_registry_returns_6_suppliers" time="2.031" /><testcase classname="tests.test_supplier_onboarding_iter117.TestSupplierOnboardingRegistry" name="test_registry_supplier_codes" time="1.275" /><testcase classname="tests.test_supplier_onboarding_iter117.TestSupplierOnboardingRegistry" name="test_registry_supplier_metadata" time="1.242" /><testcase classname="tests.test_supplier_onboarding_iter117.TestSupplierOnboardingDashboard" name="test_dashboard_returns_all_suppliers" time="1.228" /><testcase classname="tests.test_supplier_onboarding_iter117.TestSupplierOnboardingDashboard" name="test_dashboard_supplier_structure" time="1.204" /><testcase classname="tests.test_supplier_onboarding_iter117.TestSupplierOnboardingCredentials" name="test_save_credentials_for_paximum" time="1.302" /><testcase classname="tests.test_supplier_onboarding_iter117.TestSupplierOnboardingCredentials" name="test_save_credentials_missing_required" time="1.182" /><testcase classname="tests.test_supplier_onboarding_iter117.TestSupplierOnboardingHealthCheck" name="test_health_check_returns_4_checks" time="2.185" /><testcase classname="tests.test_supplier_onboarding_iter117.TestSupplierOnboardingHealthCheck" name="test_health_check_overall_result" time="2.096" /><testcase classname="tests.test_supplier_onboarding_iter117.TestSupplierOnboardingHealthCheck" name="test_health_check_no_credentials" time="5.931" /><testcase classname="tests.test_supplier_onboarding_iter117.TestSupplierOnboardingCertification" name="test_certification_runs_6_steps" time="7.061" /><testcase classname="tests.test_supplier_onboarding_iter117.TestSupplierOnboardingCertification" name="test_certification_score_and_eligibility" time="5.989" /><testcase classname="tests.test_supplier_onboarding_iter117.TestSupplierOnboardingCertification" name="test_certification_report_fields" time="5.976" /><testcase classname="tests.test_supplier_onboarding_iter117.TestSupplierOnboardingCertificationReport" name="test_get_certification_report" time="1.198" /><testcase classname="tests.test_supplier_onboarding_iter117.TestSupplierOnboardingCertificationReport" name="test_certification_report_no_certification" time="1.272" /><testcase classname="tests.test_supplier_onboarding_iter117.TestSupplierOnboardingGoLive" name="test_go_live_toggle_on" time="7.092" /><testcase classname="tests.test_supplier_onboarding_iter117.TestSupplierOnboardingGoLive" name="test_go_live_toggle_off" time="1.173" /><testcase classname="tests.test_supplier_onboarding_iter117.TestSupplierOnboardingGoLive" name="test_go_live_without_certification" time="1.312" /><testcase classname="tests.test_supplier_onboarding_iter117.TestSupplierOnboardingReset" name="test_reset_onboarding_state" time="1.177" /><testcase classname="tests.test_supplier_onboarding_iter117.TestSupplierOnboardingReset" name="test_reset_unknown_supplier" time="1.166" /><testcase classname="tests.test_supplier_onboarding_iter117.TestSupplierOnboardingDetail" name="test_get_supplier_detail" time="5.260" /><testcase classname="tests.test_supplier_onboarding_iter117.TestSupplierOnboardingDetail" name="test_supplier_detail_unknown" time="1.183" /><testcase classname="tests.test_supplier_onboarding_iter117.TestAuthRequired" name="test_registry_requires_auth" time="1.348" /><testcase classname="tests.test_supplier_onboarding_iter117.TestAuthRequired" name="test_dashboard_requires_auth" time="1.259" /><testcase classname="tests.test_supplier_onboarding_iter117.TestAuthRequired" name="test_credentials_requires_auth" time="1.270" /></testsuite></testsuites>