<?xml version="1.0" encoding="utf-8"?><testsuites name="pytest tests"><testsuite name="pytest" errors="0" failures="0" skipped="0" tests="23" time="41.731" timestamp="2026-03-16T15:31:50.592844+00:00" hostname="agent-env-34ef624e-79f5-4b84-bf33-9a5614256b74"><testcase classname="tests.test_pricing_engine_iter127.TestPricingEngineMetadata" name="test_metadata_returns_channels" time="2.006" /><testcase classname="tests.test_pricing_engine_iter127.TestPricingEngineMetadata" name="test_metadata_returns_seasons" time="1.316" /><testcase classname="tests.test_pricing_engine_iter127.TestPricingEngineMetadata" name="test_metadata_returns_promotion_types" time="1.318" /><testcase classname="tests.test_pricing_engine_iter127.TestPricingEngineMetadata" name="test_metadata_returns_rule_categories" time="1.315" /><testcase classname="tests.test_pricing_engine_iter127.TestPricingEngineMetadata" name="test_metadata_returns_agency_tiers" time="1.326" /><testcase classname="tests.test_pricing_engine_iter127.TestPricingEngineDashboard" name="test_dashboard_returns_stats" time="1.274" /><testcase classname="tests.test_pricing_engine_iter127.TestPricingEngineDashboard" name="test_dashboard_returns_rules_by_category" time="1.358" /><testcase classname="tests.test_pricing_engine_iter127.TestPricingEngineDashboard" name="test_dashboard_returns_active_channels" time="1.299" /><testcase classname="tests.test_pricing_engine_iter127.TestPricingEngineSimulate" name="test_simulate_basic_pricing" time="1.290" /><testcase classname="tests.test_pricing_engine_iter127.TestPricingEngineSimulate" name="test_simulate_different_channels_produce_different_prices" time="5.957" /><testcase classname="tests.test_pricing_engine_iter127.TestPricingEngineSimulate" name="test_simulate_with_currency_conversion" time="1.232" /><testcase classname="tests.test_pricing_engine_iter127.TestDistributionRulesCRUD" name="test_create_distribution_rule" time="1.444" /><testcase classname="tests.test_pricing_engine_iter127.TestDistributionRulesCRUD" name="test_list_distribution_rules" time="1.535" /><testcase classname="tests.test_pricing_engine_iter127.TestDistributionRulesCRUD" name="test_list_distribution_rules_filter_by_category" time="1.558" /><testcase classname="tests.test_pricing_engine_iter127.TestDistributionRulesCRUD" name="test_delete_distribution_rule" time="1.614" /><testcase classname="tests.test_pricing_engine_iter127.TestChannelsCRUD" name="test_create_channel" time="1.447" /><testcase classname="tests.test_pricing_engine_iter127.TestChannelsCRUD" name="test_list_channels" time="1.533" /><testcase classname="tests.test_pricing_engine_iter127.TestChannelsCRUD" name="test_delete_channel" time="1.354" /><testcase classname="tests.test_pricing_engine_iter127.TestPromotionsCRUD" name="test_create_promotion" time="1.471" /><testcase classname="tests.test_pricing_engine_iter127.TestPromotionsCRUD" name="test_list_promotions" time="1.503" /><testcase classname="tests.test_pricing_engine_iter127.TestPromotionsCRUD" name="test_toggle_promotion" time="5.781" /><testcase classname="tests.test_pricing_engine_iter127.TestPromotionsCRUD" name="test_delete_promotion" time="1.422" /><testcase classname="tests.test_pricing_engine_iter127.TestFullPipelineIntegration" name="test_simulate_with_seeded_data" time="1.269" /></testsuite></testsuites>