<?xml version="1.0" encoding="utf-8"?><testsuites name="pytest tests"><testsuite name="pytest" errors="0" failures="0" skipped="0" tests="23" time="36.862" timestamp="2026-03-08T14:26:51.094840+00:00" hostname="agent-env-6ee8c60a-898f-4565-bc65-3b0e3765e1e5"><testcase classname="tests.test_pricing_demo_signup_onboarding.TestOnboardingPlansAPI" name="test_plans_endpoint_returns_200" time="1.356" /><testcase classname="tests.test_pricing_demo_signup_onboarding.TestOnboardingPlansAPI" name="test_plans_response_structure" time="1.210" /><testcase classname="tests.test_pricing_demo_signup_onboarding.TestOnboardingPlansAPI" name="test_trial_plan_is_not_public" time="1.336" /><testcase classname="tests.test_pricing_demo_signup_onboarding.TestOnboardingPlansAPI" name="test_starter_plan_is_public" time="1.199" /><testcase classname="tests.test_pricing_demo_signup_onboarding.TestOnboardingPlansAPI" name="test_pro_plan_is_public" time="1.269" /><testcase classname="tests.test_pricing_demo_signup_onboarding.TestOnboardingPlansAPI" name="test_enterprise_plan_is_public" time="1.213" /><testcase classname="tests.test_pricing_demo_signup_onboarding.TestOnboardingPlansAPI" name="test_starter_pricing_990_try" time="1.163" /><testcase classname="tests.test_pricing_demo_signup_onboarding.TestOnboardingPlansAPI" name="test_pro_pricing_2490_try" time="1.244" /><testcase classname="tests.test_pricing_demo_signup_onboarding.TestOnboardingPlansAPI" name="test_enterprise_pricing_6990_try" time="1.197" /><testcase classname="tests.test_pricing_demo_signup_onboarding.TestOnboardingPlansAPI" name="test_pro_plan_is_popular" time="1.181" /><testcase classname="tests.test_pricing_demo_signup_onboarding.TestOnboardingPlansAPI" name="test_starter_limits_100_reservations_3_users" time="4.790" /><testcase classname="tests.test_pricing_demo_signup_onboarding.TestOnboardingPlansAPI" name="test_pro_limits_500_reservations_10_users" time="1.166" /><testcase classname="tests.test_pricing_demo_signup_onboarding.TestOnboardingPlansAPI" name="test_enterprise_limits_unlimited" time="1.165" /><testcase classname="tests.test_pricing_demo_signup_onboarding.TestOnboardingPlansAPI" name="test_trial_limits_100_reservations_2_users" time="1.146" /><testcase classname="tests.test_pricing_demo_signup_onboarding.TestOnboardingSignupAPI" name="test_signup_creates_trial_plan" time="1.449" /><testcase classname="tests.test_pricing_demo_signup_onboarding.TestOnboardingSignupAPI" name="test_signup_returns_14_day_trial_end" time="1.404" /><testcase classname="tests.test_pricing_demo_signup_onboarding.TestOnboardingSignupAPI" name="test_signup_returns_access_token" time="1.404" /><testcase classname="tests.test_pricing_demo_signup_onboarding.TestOnboardingSignupAPI" name="test_signup_returns_org_tenant_user_ids" time="1.358" /><testcase classname="tests.test_pricing_demo_signup_onboarding.TestOnboardingSignupAPI" name="test_signup_duplicate_email_returns_409" time="1.534" /><testcase classname="tests.test_pricing_demo_signup_onboarding.TestOnboardingSignupAPI" name="test_signup_ignores_paid_plan_in_request" time="1.383" /><testcase classname="tests.test_pricing_demo_signup_onboarding.TestPlanSorting" name="test_plans_have_sort_order" time="1.175" /><testcase classname="tests.test_pricing_demo_signup_onboarding.TestPlanSorting" name="test_trial_sort_order_is_0" time="1.189" /><testcase classname="tests.test_pricing_demo_signup_onboarding.TestPlanSorting" name="test_plan_order_is_trial_starter_pro_enterprise" time="5.208" /></testsuite></testsuites>