<?xml version="1.0" encoding="utf-8"?><testsuites name="pytest tests"><testsuite name="pytest" errors="0" failures="0" skipped="0" tests="21" time="41.416" timestamp="2026-03-16T17:29:47.622224+00:00" hostname="agent-env-395fa2ea-be18-4f3e-9983-66cf7f3f8854"><testcase classname="tests.test_pricing_cache_trace_iter129.TestPricingTraceId" name="test_simulate_returns_pricing_trace_id" time="2.004" /><testcase classname="tests.test_pricing_cache_trace_iter129.TestPricingTraceId" name="test_trace_id_format_prc_xxxxxxxx" time="1.371" /><testcase classname="tests.test_pricing_cache_trace_iter129.TestPricingTraceId" name="test_each_simulation_gets_unique_trace_id" time="1.941" /><testcase classname="tests.test_pricing_cache_trace_iter129.TestPricingCache" name="test_simulate_returns_cache_hit_field" time="1.764" /><testcase classname="tests.test_pricing_cache_trace_iter129.TestPricingCache" name="test_simulate_returns_latency_ms_field" time="1.289" /><testcase classname="tests.test_pricing_cache_trace_iter129.TestPricingCache" name="test_simulate_returns_cache_key_field" time="1.282" /><testcase classname="tests.test_pricing_cache_trace_iter129.TestPricingCache" name="test_first_call_is_cache_miss" time="1.436" /><testcase classname="tests.test_pricing_cache_trace_iter129.TestPricingCache" name="test_second_identical_call_is_cache_hit" time="1.584" /><testcase classname="tests.test_pricing_cache_trace_iter129.TestPricingCache" name="test_cache_hit_returns_same_sell_price" time="1.685" /><testcase classname="tests.test_pricing_cache_trace_iter129.TestPricingCache" name="test_cache_hit_has_lower_latency" time="5.645" /><testcase classname="tests.test_pricing_cache_trace_iter129.TestPricingCache" name="test_different_params_produce_different_cache_keys" time="1.607" /><testcase classname="tests.test_pricing_cache_trace_iter129.TestCacheStatsEndpoint" name="test_cache_stats_endpoint_exists" time="1.708" /><testcase classname="tests.test_pricing_cache_trace_iter129.TestCacheStatsEndpoint" name="test_cache_stats_returns_hits" time="1.339" /><testcase classname="tests.test_pricing_cache_trace_iter129.TestCacheStatsEndpoint" name="test_cache_stats_returns_misses" time="1.353" /><testcase classname="tests.test_pricing_cache_trace_iter129.TestCacheStatsEndpoint" name="test_cache_stats_returns_active_entries" time="1.276" /><testcase classname="tests.test_pricing_cache_trace_iter129.TestCacheStatsEndpoint" name="test_cache_stats_returns_hit_rate_pct" time="1.255" /><testcase classname="tests.test_pricing_cache_trace_iter129.TestCacheStatsEndpoint" name="test_cache_stats_returns_ttl_seconds" time="1.335" /><testcase classname="tests.test_pricing_cache_trace_iter129.TestCacheClearEndpoint" name="test_cache_clear_endpoint_exists" time="1.656" /><testcase classname="tests.test_pricing_cache_trace_iter129.TestCacheClearEndpoint" name="test_cache_clear_resets_stats_to_zero" time="1.789" /><testcase classname="tests.test_pricing_cache_trace_iter129.TestCacheIntegration" name="test_cache_stats_increment_on_miss" time="2.110" /><testcase classname="tests.test_pricing_cache_trace_iter129.TestCacheIntegration" name="test_cache_stats_increment_on_hit" time="5.893" /></testsuite></testsuites>