<?xml version="1.0" encoding="utf-8"?><testsuites name="pytest tests"><testsuite name="pytest" errors="0" failures="0" skipped="0" tests="37" time="85.627" timestamp="2026-03-12T20:32:13.647488+00:00" hostname="agent-env-e33bf48c-8a57-426d-bd56-51aed4d5e90a"><testcase classname="tests.test_governance_architecture_iter68.TestUnauthorizedAccess" name="test_rbac_roles_requires_auth" time="2.104" /><testcase classname="tests.test_governance_architecture_iter68.TestUnauthorizedAccess" name="test_audit_logs_requires_auth" time="1.787" /><testcase classname="tests.test_governance_architecture_iter68.TestUnauthorizedAccess" name="test_secrets_requires_auth" time="1.778" /><testcase classname="tests.test_governance_architecture_iter68.TestPart1RBACSystem" name="test_seed_rbac" time="2.230" /><testcase classname="tests.test_governance_architecture_iter68.TestPart1RBACSystem" name="test_list_roles" time="1.817" /><testcase classname="tests.test_governance_architecture_iter68.TestPart1RBACSystem" name="test_get_role_hierarchy" time="1.760" /><testcase classname="tests.test_governance_architecture_iter68.TestPart2PermissionModel" name="test_list_permissions" time="1.819" /><testcase classname="tests.test_governance_architecture_iter68.TestPart2PermissionModel" name="test_update_role_permissions" time="1.761" /><testcase classname="tests.test_governance_architecture_iter68.TestPart2PermissionModel" name="test_resolve_user_permissions" time="1.768" /><testcase classname="tests.test_governance_architecture_iter68.TestPart2PermissionModel" name="test_check_permission" time="7.077" /><testcase classname="tests.test_governance_architecture_iter68.TestPart3AuditLogging" name="test_search_audit_logs" time="1.786" /><testcase classname="tests.test_governance_architecture_iter68.TestPart3AuditLogging" name="test_get_audit_stats" time="1.784" /><testcase classname="tests.test_governance_architecture_iter68.TestPart4SecretManagement" name="test_store_secret" time="1.802" /><testcase classname="tests.test_governance_architecture_iter68.TestPart4SecretManagement" name="test_rotate_secret" time="1.899" /><testcase classname="tests.test_governance_architecture_iter68.TestPart4SecretManagement" name="test_list_secrets" time="1.808" /><testcase classname="tests.test_governance_architecture_iter68.TestPart4SecretManagement" name="test_get_secret_value" time="1.971" /><testcase classname="tests.test_governance_architecture_iter68.TestPart4SecretManagement" name="test_delete_secret" time="1.926" /><testcase classname="tests.test_governance_architecture_iter68.TestPart4SecretManagement" name="test_check_rotation_status" time="1.789" /><testcase classname="tests.test_governance_architecture_iter68.TestPart5TenantSecurity" name="test_tenant_isolation_report" time="1.839" /><testcase classname="tests.test_governance_architecture_iter68.TestPart5TenantSecurity" name="test_list_violations" time="1.801" /><testcase classname="tests.test_governance_architecture_iter68.TestPart5TenantSecurity" name="test_validate_access_same_org" time="7.852" /><testcase classname="tests.test_governance_architecture_iter68.TestPart5TenantSecurity" name="test_validate_access_cross_org_blocked" time="1.765" /><testcase classname="tests.test_governance_architecture_iter68.TestPart6ComplianceLogging" name="test_log_financial_operation" time="1.837" /><testcase classname="tests.test_governance_architecture_iter68.TestPart6ComplianceLogging" name="test_search_compliance_logs" time="1.863" /><testcase classname="tests.test_governance_architecture_iter68.TestPart6ComplianceLogging" name="test_verify_chain_integrity" time="1.819" /><testcase classname="tests.test_governance_architecture_iter68.TestPart6ComplianceLogging" name="test_compliance_summary" time="1.809" /><testcase classname="tests.test_governance_architecture_iter68.TestPart7DataAccessPolicies" name="test_seed_default_policies" time="1.818" /><testcase classname="tests.test_governance_architecture_iter68.TestPart7DataAccessPolicies" name="test_list_data_policies" time="1.861" /><testcase classname="tests.test_governance_architecture_iter68.TestPart7DataAccessPolicies" name="test_evaluate_data_access" time="1.880" /><testcase classname="tests.test_governance_architecture_iter68.TestPart8SecurityAlerting" name="test_create_security_alert" time="1.813" /><testcase classname="tests.test_governance_architecture_iter68.TestPart8SecurityAlerting" name="test_list_security_alerts" time="1.803" /><testcase classname="tests.test_governance_architecture_iter68.TestPart8SecurityAlerting" name="test_acknowledge_alert" time="7.863" /><testcase classname="tests.test_governance_architecture_iter68.TestPart8SecurityAlerting" name="test_resolve_alert" time="1.952" /><testcase classname="tests.test_governance_architecture_iter68.TestPart8SecurityAlerting" name="test_security_dashboard" time="1.769" /><testcase classname="tests.test_governance_architecture_iter68.TestPart9AdminGovernancePanel" name="test_governance_overview" time="1.884" /><testcase classname="tests.test_governance_architecture_iter68.TestPart9AdminGovernancePanel" name="test_inspect_user_profile" time="1.785" /><testcase classname="tests.test_governance_architecture_iter68.TestPart10GovernanceRoadmap" name="test_governance_roadmap" time="1.808" /></testsuite></testsuites>