<?xml version="1.0" encoding="utf-8"?><testsuites name="pytest tests"><testsuite name="pytest" errors="0" failures="0" skipped="0" tests="31" time="13.961" timestamp="2026-03-13T09:49:38.470597+00:00" hostname="agent-env-ecf4e544-d727-422e-b1d3-c596b673937d"><testcase classname="test_reports.pytest_isolated.test_supplier_adapter_aggregator_iter80.TestSupportedSuppliers" name="test_list_supported_suppliers_returns_4_suppliers" time="0.687" /><testcase classname="test_reports.pytest_isolated.test_supplier_adapter_aggregator_iter80.TestSupportedSuppliers" name="test_ratehawk_has_correct_fields" time="0.138" /><testcase classname="test_reports.pytest_isolated.test_supplier_adapter_aggregator_iter80.TestSupportedSuppliers" name="test_tbo_has_correct_fields_with_optional" time="0.124" /><testcase classname="test_reports.pytest_isolated.test_supplier_adapter_aggregator_iter80.TestSupportedSuppliers" name="test_paximum_has_correct_fields" time="0.136" /><testcase classname="test_reports.pytest_isolated.test_supplier_adapter_aggregator_iter80.TestSupportedSuppliers" name="test_wwtatil_has_5_required_fields" time="0.148" /><testcase classname="test_reports.pytest_isolated.test_supplier_adapter_aggregator_iter80.TestAggregatorCapabilities" name="test_capabilities_returns_4_suppliers_matrix" time="0.483" /><testcase classname="test_reports.pytest_isolated.test_supplier_adapter_aggregator_iter80.TestAggregatorCapabilities" name="test_capabilities_includes_connected_status" time="0.149" /><testcase classname="test_reports.pytest_isolated.test_supplier_adapter_aggregator_iter80.TestAggregatorCapabilities" name="test_capabilities_includes_product_coverage" time="0.135" /><testcase classname="test_reports.pytest_isolated.test_supplier_adapter_aggregator_iter80.TestAggregatorCapabilities" name="test_coverage_endpoint_returns_product_coverage" time="0.125" /><testcase classname="test_reports.pytest_isolated.test_supplier_adapter_aggregator_iter80.TestCredentialCRUD" name="test_01_get_my_credentials" time="0.527" /><testcase classname="test_reports.pytest_isolated.test_supplier_adapter_aggregator_iter80.TestCredentialCRUD" name="test_02_save_ratehawk_credentials" time="0.124" /><testcase classname="test_reports.pytest_isolated.test_supplier_adapter_aggregator_iter80.TestCredentialCRUD" name="test_03_save_tbo_credentials_with_optional" time="0.107" /><testcase classname="test_reports.pytest_isolated.test_supplier_adapter_aggregator_iter80.TestCredentialCRUD" name="test_04_save_paximum_credentials" time="0.117" /><testcase classname="test_reports.pytest_isolated.test_supplier_adapter_aggregator_iter80.TestCredentialCRUD" name="test_05_save_wwtatil_credentials" time="0.126" /><testcase classname="test_reports.pytest_isolated.test_supplier_adapter_aggregator_iter80.TestCredentialCRUD" name="test_06_get_my_credentials_returns_masked_values" time="0.129" /><testcase classname="test_reports.pytest_isolated.test_supplier_adapter_aggregator_iter80.TestCredentialCRUD" name="test_07_save_with_missing_required_fields_returns_error" time="0.110" /><testcase classname="test_reports.pytest_isolated.test_supplier_adapter_aggregator_iter80.TestCredentialCRUD" name="test_08_save_unsupported_supplier_returns_error" time="0.123" /><testcase classname="test_reports.pytest_isolated.test_supplier_adapter_aggregator_iter80.TestConnectionTesting" name="test_01_test_ratehawk_connection_returns_fail_with_fake_creds" time="1.512" /><testcase classname="test_reports.pytest_isolated.test_supplier_adapter_aggregator_iter80.TestConnectionTesting" name="test_02_test_tbo_connection_returns_fail_with_fake_creds" time="0.825" /><testcase classname="test_reports.pytest_isolated.test_supplier_adapter_aggregator_iter80.TestConnectionTesting" name="test_03_test_paximum_connection_returns_fail_with_fake_creds" time="0.824" /><testcase classname="test_reports.pytest_isolated.test_supplier_adapter_aggregator_iter80.TestConnectionTesting" name="test_04_test_wwtatil_connection_returns_fail_with_fake_creds" time="0.312" /><testcase classname="test_reports.pytest_isolated.test_supplier_adapter_aggregator_iter80.TestConnectionTesting" name="test_05_test_connection_without_credentials_returns_fail" time="0.347" /><testcase classname="test_reports.pytest_isolated.test_supplier_adapter_aggregator_iter80.TestSupplierAggregatorSearch" name="test_01_unified_hotel_search_returns_structure" time="2.365" /><testcase classname="test_reports.pytest_isolated.test_supplier_adapter_aggregator_iter80.TestSupplierAggregatorSearch" name="test_02_unified_tour_search_returns_structure" time="0.652" /><testcase classname="test_reports.pytest_isolated.test_supplier_adapter_aggregator_iter80.TestSupplierAggregatorSearch" name="test_03_search_specific_supplier" time="1.085" /><testcase classname="test_reports.pytest_isolated.test_supplier_adapter_aggregator_iter80.TestCredentialDeletion" name="test_01_delete_ratehawk_credential" time="0.583" /><testcase classname="test_reports.pytest_isolated.test_supplier_adapter_aggregator_iter80.TestCredentialDeletion" name="test_02_delete_tbo_credential" time="0.214" /><testcase classname="test_reports.pytest_isolated.test_supplier_adapter_aggregator_iter80.TestCredentialDeletion" name="test_03_delete_paximum_credential" time="0.244" /><testcase classname="test_reports.pytest_isolated.test_supplier_adapter_aggregator_iter80.TestCredentialDeletion" name="test_04_delete_wwtatil_credential" time="0.225" /><testcase classname="test_reports.pytest_isolated.test_supplier_adapter_aggregator_iter80.TestCredentialDeletion" name="test_05_delete_nonexistent_credential_returns_deleted_false" time="0.227" /><testcase classname="test_reports.pytest_isolated.test_supplier_adapter_aggregator_iter80.TestCleanup" name="test_cleanup_all_test_credentials" time="0.934" /></testsuite></testsuites>