<?xml version="1.0" encoding="utf-8"?><testsuites name="pytest tests"><testsuite name="pytest" errors="0" failures="0" skipped="0" tests="13" time="29.377" timestamp="2026-03-09T08:13:54.921602+00:00" hostname="agent-env-327fc5f3-f7ee-4626-ba95-a5ae93511d95"><testcase classname="tests.test_billing_lifecycle_iteration32.TestBillingSubscriptionLegacy" name="test_billing_subscription_returns_legacy_state" time="2.791" /><testcase classname="tests.test_billing_lifecycle_iteration32.TestBillingSubscriptionLegacy" name="test_billing_subscription_has_valid_plan" time="1.615" /><testcase classname="tests.test_billing_lifecycle_iteration32.TestBillingSubscriptionLegacy" name="test_billing_subscription_interval_label_turkish" time="1.576" /><testcase classname="tests.test_billing_lifecycle_iteration32.TestBillingSubscriptionLegacy" name="test_billing_subscription_date_format_iso" time="1.650" /><testcase classname="tests.test_billing_lifecycle_iteration32.TestBillingSubscriptionLegacy" name="test_billing_subscription_legacy_guardrails" time="1.583" /><testcase classname="tests.test_billing_lifecycle_iteration32.TestBillingSubscriptionLegacy" name="test_billing_subscription_portal_available" time="1.568" /><testcase classname="tests.test_billing_lifecycle_iteration32.TestBillingSubscriptionLegacy" name="test_cancel_subscription_returns_409_for_legacy" time="1.598" /><testcase classname="tests.test_billing_lifecycle_iteration32.TestBillingSubscriptionLegacy" name="test_reactivate_subscription_returns_409_for_legacy" time="1.632" /><testcase classname="tests.test_billing_lifecycle_iteration32.TestBillingSubscriptionLegacy" name="test_customer_portal_returns_stripe_url" time="1.978" /><testcase classname="tests.test_billing_lifecycle_iteration32.TestBillingSubscriptionLegacy" name="test_change_plan_returns_checkout_redirect" time="6.933" /><testcase classname="tests.test_billing_lifecycle_iteration32.TestBillingSubscriptionLegacy" name="test_change_plan_handles_stale_customer" time="2.784" /><testcase classname="tests.test_billing_lifecycle_iteration32.TestBillingSubscriptionLegacy" name="test_change_plan_enterprise_requires_contact" time="1.277" /><testcase classname="tests.test_billing_lifecycle_iteration32.TestBillingCheckoutFlow" name="test_create_checkout_returns_session" time="2.267" /></testsuite></testsuites>