<?xml version="1.0" encoding="utf-8"?><testsuites name="pytest tests"><testsuite name="pytest" errors="0" failures="0" skipped="0" tests="16" time="8.061" timestamp="2026-03-09T13:05:57.843668+00:00" hostname="agent-env-c5051670-fabd-4098-9b00-017ad792e4c3"><testcase classname="tests.test_admin_all_users_crud.TestGetAllUsers" name="test_get_all_users_returns_200" time="1.120" /><testcase classname="tests.test_admin_all_users_crud.TestGetAllUsers" name="test_get_all_users_has_required_fields" time="0.172" /><testcase classname="tests.test_admin_all_users_crud.TestGetAllUsers" name="test_get_all_users_requires_auth" time="0.119" /><testcase classname="tests.test_admin_all_users_crud.TestGetAllUsers" name="test_get_all_users_requires_admin_role" time="0.132" /><testcase classname="tests.test_admin_all_users_crud.TestCreateUser" name="test_create_user_success" time="0.507" /><testcase classname="tests.test_admin_all_users_crud.TestCreateUser" name="test_create_user_duplicate_email_returns_409" time="0.603" /><testcase classname="tests.test_admin_all_users_crud.TestCreateUser" name="test_create_user_with_admin_role" time="0.541" /><testcase classname="tests.test_admin_all_users_crud.TestCreateUser" name="test_create_user_invalid_agency_returns_404" time="0.124" /><testcase classname="tests.test_admin_all_users_crud.TestUpdateUser" name="test_update_user_name" time="0.752" /><testcase classname="tests.test_admin_all_users_crud.TestUpdateUser" name="test_update_user_role" time="0.619" /><testcase classname="tests.test_admin_all_users_crud.TestUpdateUser" name="test_update_user_status" time="0.798" /><testcase classname="tests.test_admin_all_users_crud.TestUpdateUser" name="test_update_user_agency_id" time="0.610" /><testcase classname="tests.test_admin_all_users_crud.TestUpdateUser" name="test_update_user_email_duplicate_returns_409" time="1.081" /><testcase classname="tests.test_admin_all_users_crud.TestUpdateUser" name="test_update_nonexistent_user_returns_404" time="0.122" /><testcase classname="tests.test_admin_all_users_crud.TestDeleteUser" name="test_delete_user_success" time="0.603" /><testcase classname="tests.test_admin_all_users_crud.TestDeleteUser" name="test_delete_nonexistent_user_returns_404" time="0.113" /></testsuite></testsuites>