<?xml version="1.0" encoding="utf-8"?><testsuites name="pytest tests"><testsuite name="pytest" errors="0" failures="0" skipped="0" tests="27" time="9.405" timestamp="2026-03-18T21:48:18.746100+00:00" hostname="agent-env-9302ad63-a561-45d2-9702-0c874921d63a"><testcase classname="test_reports.pytest_isolated.test_webhook_system_iter147.TestWebhookSubscriptionCRUD" name="test_create_subscription_valid_https_url" time="0.687" /><testcase classname="test_reports.pytest_isolated.test_webhook_system_iter147.TestWebhookSubscriptionCRUD" name="test_create_subscription_rejects_http_url" time="0.149" /><testcase classname="test_reports.pytest_isolated.test_webhook_system_iter147.TestWebhookSubscriptionCRUD" name="test_create_subscription_rejects_localhost" time="0.202" /><testcase classname="test_reports.pytest_isolated.test_webhook_system_iter147.TestWebhookSubscriptionCRUD" name="test_create_subscription_rejects_127_0_0_1" time="0.152" /><testcase classname="test_reports.pytest_isolated.test_webhook_system_iter147.TestWebhookSubscriptionCRUD" name="test_create_subscription_rejects_private_ip" time="0.183" /><testcase classname="test_reports.pytest_isolated.test_webhook_system_iter147.TestWebhookSubscriptionCRUD" name="test_create_subscription_rejects_invalid_events" time="0.184" /><testcase classname="test_reports.pytest_isolated.test_webhook_system_iter147.TestWebhookSubscriptionCRUD" name="test_list_subscriptions_with_masked_secrets" time="0.152" /><testcase classname="test_reports.pytest_isolated.test_webhook_system_iter147.TestWebhookSubscriptionCRUD" name="test_get_single_subscription_with_masked_secret" time="0.182" /><testcase classname="test_reports.pytest_isolated.test_webhook_system_iter147.TestWebhookSubscriptionCRUD" name="test_update_subscription_fields" time="0.195" /><testcase classname="test_reports.pytest_isolated.test_webhook_system_iter147.TestWebhookSubscriptionCRUD" name="test_rotate_secret_returns_new_secret" time="0.151" /><testcase classname="test_reports.pytest_isolated.test_webhook_system_iter147.TestWebhookSubscriptionCRUD" name="test_delete_subscription_soft_deactivate" time="0.322" /><testcase classname="test_reports.pytest_isolated.test_webhook_system_iter147.TestWebhookEvents" name="test_list_available_events" time="0.576" /><testcase classname="test_reports.pytest_isolated.test_webhook_system_iter147.TestWebhookDeliveries" name="test_list_org_deliveries" time="0.549" /><testcase classname="test_reports.pytest_isolated.test_webhook_system_iter147.TestWebhookDeliveries" name="test_list_failed_deliveries" time="0.155" /><testcase classname="test_reports.pytest_isolated.test_webhook_system_iter147.TestWebhookDeliveries" name="test_subscription_delivery_history" time="0.294" /><testcase classname="test_reports.pytest_isolated.test_webhook_system_iter147.TestAdminWebhookEndpoints" name="test_admin_webhook_health" time="0.542" /><testcase classname="test_reports.pytest_isolated.test_webhook_system_iter147.TestAdminWebhookEndpoints" name="test_admin_webhook_stats" time="0.186" /><testcase classname="test_reports.pytest_isolated.test_webhook_system_iter147.TestAdminWebhookEndpoints" name="test_admin_all_subscriptions_with_delivery_stats" time="0.184" /><testcase classname="test_reports.pytest_isolated.test_webhook_system_iter147.TestAdminWebhookEndpoints" name="test_admin_all_deliveries_cross_org" time="0.174" /><testcase classname="test_reports.pytest_isolated.test_webhook_system_iter147.TestAdminWebhookEndpoints" name="test_admin_dead_deliveries_with_breakdown" time="0.222" /><testcase classname="test_reports.pytest_isolated.test_webhook_system_iter147.TestAPIVersioning" name="test_v1_webhooks_events_endpoint" time="0.727" /><testcase classname="test_reports.pytest_isolated.test_webhook_system_iter147.TestAPIVersioning" name="test_v1_admin_webhooks_health_endpoint" time="0.581" /><testcase classname="test_reports.pytest_isolated.test_webhook_system_iter147.TestAPIVersioning" name="test_v1_webhooks_subscriptions_endpoint" time="0.179" /><testcase classname="test_reports.pytest_isolated.test_webhook_system_iter147.TestResponseEnvelope" name="test_success_response_envelope_format" time="0.561" /><testcase classname="test_reports.pytest_isolated.test_webhook_system_iter147.TestResponseEnvelope" name="test_error_response_envelope_format" time="0.186" /><testcase classname="test_reports.pytest_isolated.test_webhook_system_iter147.TestDuplicateDetection" name="test_duplicate_subscription_rejected" time="0.902" /><testcase classname="test_reports.pytest_isolated.test_webhook_system_iter147.TestCircuitBreakerReset" name="test_admin_reset_circuit_breaker" time="0.724" /></testsuite></testsuites>