<?xml version="1.0" encoding="utf-8"?><testsuites name="pytest tests"><testsuite name="pytest" errors="0" failures="0" skipped="7" tests="14" time="13.783" timestamp="2026-03-10T19:34:12.666288+00:00" hostname="agent-env-1925b32e-0910-46b6-b28c-4a59e65960cc"><testcase classname="tests.test_iteration52_agency_modules_password_billing.TestAdminAgencyModules" name="test_get_agency_modules" time="1.981" /><testcase classname="tests.test_iteration52_agency_modules_password_billing.TestAdminAgencyModules" name="test_update_agency_modules_add" time="1.262" /><testcase classname="tests.test_iteration52_agency_modules_password_billing.TestAdminAgencyModules" name="test_update_agency_modules_persist" time="1.418" /><testcase classname="tests.test_iteration52_agency_modules_password_billing.TestAdminAgencyModules" name="test_update_agency_modules_clear_all" time="1.279" /><testcase classname="tests.test_iteration52_agency_modules_password_billing.TestAdminAgencyModules" name="test_update_agency_modules_select_all" time="1.271" /><testcase classname="tests.test_iteration52_agency_modules_password_billing.TestAdminAgencyModules" name="test_agency_modules_unauthorized_without_admin_role" time="1.509"><skipped type="pytest.skip" message="Agency login failed">/app/backend/tests/test_iteration52_agency_modules_password_billing.py:199: Agency login failed</skipped></testcase><testcase classname="tests.test_iteration52_agency_modules_password_billing.TestAgencyProfileModulesSync" name="test_modules_reflect_in_agency_profile" time="0.724"><skipped type="pytest.skip" message="Agency login failed">/app/backend/tests/test_iteration52_agency_modules_password_billing.py:256: Agency login failed</skipped></testcase><testcase classname="tests.test_iteration52_agency_modules_password_billing.TestPasswordChange" name="test_change_password_wrong_current" time="0.348"><skipped type="pytest.skip" message="Agency login failed: 401">/app/backend/tests/test_iteration52_agency_modules_password_billing.py:305: Agency login failed: 401</skipped></testcase><testcase classname="tests.test_iteration52_agency_modules_password_billing.TestPasswordChange" name="test_change_password_weak_new_password" time="0.000"><skipped type="pytest.skip" message="Agency login failed: 401">/app/backend/tests/test_iteration52_agency_modules_password_billing.py:326: Agency login failed: 401</skipped></testcase><testcase classname="tests.test_iteration52_agency_modules_password_billing.TestPasswordChange" name="test_change_password_same_as_current" time="0.000"><skipped type="pytest.skip" message="Agency login failed: 401">/app/backend/tests/test_iteration52_agency_modules_password_billing.py:348: Agency login failed: 401</skipped></testcase><testcase classname="tests.test_iteration52_agency_modules_password_billing.TestPasswordChange" name="test_change_password_success_with_strong_password" time="0.000"><skipped type="pytest.skip" message="Agency login failed: 401">/app/backend/tests/test_iteration52_agency_modules_password_billing.py:367: Agency login failed: 401</skipped></testcase><testcase classname="tests.test_iteration52_agency_modules_password_billing.TestPasswordChange" name="test_change_password_unauthorized_without_auth" time="1.305" /><testcase classname="tests.test_iteration52_agency_modules_password_billing.TestAgencyBillingVisibility" name="test_agency_user_cannot_access_billing_api" time="0.354"><skipped type="pytest.skip" message="Agency login failed: 401">/app/backend/tests/test_iteration52_agency_modules_password_billing.py:464: Agency login failed: 401</skipped></testcase><testcase classname="tests.test_iteration52_agency_modules_password_billing.TestAgencyBillingVisibility" name="test_superadmin_can_access_billing_api" time="2.274" /></testsuite></testsuites>