<?xml version="1.0" encoding="utf-8"?><testsuites name="pytest tests"><testsuite name="pytest" errors="0" failures="0" skipped="0" tests="25" time="5.748" timestamp="2026-03-13T19:38:46.103262+00:00" hostname="agent-env-bb29d248-a2d5-4bd0-b7c7-3926821d81f6"><testcase classname="test_reports.pytest_isolated.test_supplier_credentials_iter88.TestSupportedSuppliers" name="test_get_supported_suppliers" time="0.635" /><testcase classname="test_reports.pytest_isolated.test_supplier_credentials_iter88.TestAgencyCredentialsCRUD" name="test_get_my_credentials" time="0.080" /><testcase classname="test_reports.pytest_isolated.test_supplier_credentials_iter88.TestAgencyCredentialsCRUD" name="test_save_credential" time="0.092" /><testcase classname="test_reports.pytest_isolated.test_supplier_credentials_iter88.TestAgencyCredentialsCRUD" name="test_save_credential_missing_fields" time="0.080" /><testcase classname="test_reports.pytest_isolated.test_supplier_credentials_iter88.TestAgencyCredentialsCRUD" name="test_save_credential_invalid_supplier" time="0.076" /><testcase classname="test_reports.pytest_isolated.test_supplier_credentials_iter88.TestConnectionTesting" name="test_test_connection" time="1.100" /><testcase classname="test_reports.pytest_isolated.test_supplier_credentials_iter88.TestConnectionTesting" name="test_test_connection_no_credentials" time="0.629" /><testcase classname="test_reports.pytest_isolated.test_supplier_credentials_iter88.TestToggleCredential" name="test_toggle_disable_credential" time="0.150" /><testcase classname="test_reports.pytest_isolated.test_supplier_credentials_iter88.TestToggleCredential" name="test_toggle_enable_without_pass" time="0.072" /><testcase classname="test_reports.pytest_isolated.test_supplier_credentials_iter88.TestDeleteCredential" name="test_delete_credential" time="0.147" /><testcase classname="test_reports.pytest_isolated.test_supplier_credentials_iter88.TestAdminEndpoints" name="test_admin_list_agencies" time="0.083" /><testcase classname="test_reports.pytest_isolated.test_supplier_credentials_iter88.TestAdminEndpoints" name="test_admin_get_agency_credentials" time="0.072" /><testcase classname="test_reports.pytest_isolated.test_supplier_credentials_iter88.TestAdminEndpoints" name="test_admin_save_agency_credential" time="0.087" /><testcase classname="test_reports.pytest_isolated.test_supplier_credentials_iter88.TestAdminEndpoints" name="test_admin_test_connection" time="0.130" /><testcase classname="test_reports.pytest_isolated.test_supplier_credentials_iter88.TestAdminEndpoints" name="test_admin_toggle_credential" time="0.081" /><testcase classname="test_reports.pytest_isolated.test_supplier_credentials_iter88.TestAdminEndpoints" name="test_admin_delete_credential" time="0.152" /><testcase classname="test_reports.pytest_isolated.test_supplier_credentials_iter88.TestAuditLog" name="test_admin_get_audit_log" time="0.072" /><testcase classname="test_reports.pytest_isolated.test_supplier_credentials_iter88.TestAuditLog" name="test_admin_get_audit_log_filtered" time="0.072" /><testcase classname="test_reports.pytest_isolated.test_supplier_credentials_iter88.TestRBAC" name="test_agency_admin_cannot_list_all_agencies" time="0.498" /><testcase classname="test_reports.pytest_isolated.test_supplier_credentials_iter88.TestRBAC" name="test_agency_admin_cannot_access_other_agency" time="0.102" /><testcase classname="test_reports.pytest_isolated.test_supplier_credentials_iter88.TestRBAC" name="test_agency_admin_cannot_view_audit_log" time="0.223" /><testcase classname="test_reports.pytest_isolated.test_supplier_credentials_iter88.TestRBAC" name="test_agency_admin_can_access_own_credentials" time="0.103" /><testcase classname="test_reports.pytest_isolated.test_supplier_credentials_iter88.TestRBAC" name="test_agency_admin_can_save_own_credential" time="0.099" /><testcase classname="test_reports.pytest_isolated.test_supplier_credentials_iter88.TestAuditLogging" name="test_audit_log_records_save_action" time="0.149" /><testcase classname="test_reports.pytest_isolated.test_supplier_credentials_iter88.TestAuditLogging" name="test_audit_log_records_test_action" time="0.645" /></testsuite></testsuites>