<?xml version="1.0" encoding="utf-8"?><testsuites name="pytest tests"><testsuite name="pytest" errors="2" failures="0" skipped="0" tests="29" time="21.070" timestamp="2026-03-13T05:40:49.886043+00:00" hostname="agent-env-ba9fd55e-6cf7-4026-8adb-cc4ec5ea52d8"><testcase classname="test_reports.pytest_isolated.test_security_hardening_iter74.TestSecuritySecretsEndpoint" name="test_secrets_audit_returns_v2_format" time="0.679" /><testcase classname="test_reports.pytest_isolated.test_security_hardening_iter74.TestSecuritySecretsEndpoint" name="test_secrets_have_strength_checks" time="0.110" /><testcase classname="test_reports.pytest_isolated.test_security_hardening_iter74.TestSecuritySecretsEndpoint" name="test_jwt_secret_is_strong" time="0.125" /><testcase classname="test_reports.pytest_isolated.test_security_hardening_iter74.TestSecuritySecretsEndpoint" name="test_cors_is_whitelisted" time="0.115" /><testcase classname="test_reports.pytest_isolated.test_security_hardening_iter74.TestSecuritySecretsEndpoint" name="test_stripe_webhook_secret_is_strong" time="0.120" /><testcase classname="test_reports.pytest_isolated.test_security_hardening_iter74.TestJWTSecurityEndpoint" name="test_jwt_security_returns_8_checks" time="0.477" /><testcase classname="test_reports.pytest_isolated.test_security_hardening_iter74.TestJWTSecurityEndpoint" name="test_jwt_key_strength_check_passes" time="0.116" /><testcase classname="test_reports.pytest_isolated.test_security_hardening_iter74.TestJWTSecurityEndpoint" name="test_jwt_no_default_keys_check_passes" time="0.110" /><testcase classname="test_reports.pytest_isolated.test_security_hardening_iter74.TestJWTSecurityEndpoint" name="test_jwt_score_is_100_percent" time="0.124" /><testcase classname="test_reports.pytest_isolated.test_security_hardening_iter74.TestTenantIsolationEndpoint" name="test_tenant_isolation_returns_20_collections" time="0.576" /><testcase classname="test_reports.pytest_isolated.test_security_hardening_iter74.TestTenantIsolationEndpoint" name="test_tenant_isolation_has_proper_fields" time="0.141" /><testcase classname="test_reports.pytest_isolated.test_security_hardening_iter74.TestRBACEndpoint" name="test_rbac_audit_returns_checks" time="0.468" /><testcase classname="test_reports.pytest_isolated.test_security_hardening_iter74.TestAPIKeysEndpoint" name="test_api_keys_audit_returns_keys" time="0.476" /><testcase classname="test_reports.pytest_isolated.test_security_hardening_iter74.TestSecurityMonitoringEndpoint" name="test_monitoring_returns_detection_rules" time="0.491" /><testcase classname="test_reports.pytest_isolated.test_security_hardening_iter74.TestSecurityTestsEndpoint" name="test_security_tests_returns_10_tests" time="0.456" /><testcase classname="test_reports.pytest_isolated.test_security_hardening_iter74.TestSecurityTestsEndpoint" name="test_cors_policy_test_passes" time="0.126" /><testcase classname="test_reports.pytest_isolated.test_security_hardening_iter74.TestSecurityMetricsEndpoint" name="test_security_metrics_returns_summary" time="0.479" /><testcase classname="test_reports.pytest_isolated.test_security_hardening_iter74.TestSecurityReadinessEndpoint" name="test_security_readiness_returns_score" time="0.487" /><testcase classname="test_reports.pytest_isolated.test_security_hardening_iter74.TestSecurityReadinessEndpoint" name="test_security_readiness_has_6_dimensions" time="0.166" /><testcase classname="test_reports.pytest_isolated.test_security_hardening_iter74.TestSecurityReadinessEndpoint" name="test_security_readiness_score_meets_target" time="0.142" /><testcase classname="test_reports.pytest_isolated.test_security_hardening_iter74.TestGoLiveCertification" name="test_certification_returns_go_decision" time="3.880" /><testcase classname="test_reports.pytest_isolated.test_security_hardening_iter74.TestGoLiveCertification" name="test_certification_production_readiness_at_least_8_5" time="3.509" /><testcase classname="test_reports.pytest_isolated.test_security_hardening_iter74.TestGoLiveCertification" name="test_certification_is_go" time="3.514" /><testcase classname="test_reports.pytest_isolated.test_security_hardening_iter74.TestGoLiveCertification" name="test_certification_security_dimension_uses_v2_engine" time="3.505" /><testcase classname="test_reports.pytest_isolated.test_security_hardening_iter74.TestActivationSecretsUsesV2" name="test_activation_secrets_uses_v2" time="0.117"><error message="failed on setup with &quot;AssertionError: Login failed: {&quot;error&quot;:{&quot;code&quot;:&quot;rate_limit_exceeded&quot;,&quot;message&quot;:&quot;Too many requests. Please try again later.&quot;,&quot;details&quot;:{&quot;retry_after_seconds&quot;:30,&quot;remaining&quot;:0}}}&#10;assert 429 == 200&#10; +  where 429 = &lt;Response [429]&gt;.status_code&quot;">test_reports/pytest_isolated/test_security_hardening_iter74.py:38: in auth_token
    assert response.status_code == 200, f"Login failed: {response.text}"
E   AssertionError: Login failed: {"error":{"code":"rate_limit_exceeded","message":"Too many requests. Please try again later.","details":{"retry_after_seconds":30,"remaining":0}}}
E   assert 429 == 200
E    +  where 429 = &lt;Response [429]&gt;.status_code</error></testcase><testcase classname="test_reports.pytest_isolated.test_security_hardening_iter74.TestActivationTenantIsolationUsesV2" name="test_activation_tenant_isolation_uses_v2" time="0.101"><error message="failed on setup with &quot;AssertionError: Login failed: {&quot;error&quot;:{&quot;code&quot;:&quot;rate_limit_exceeded&quot;,&quot;message&quot;:&quot;Too many requests. Please try again later.&quot;,&quot;details&quot;:{&quot;retry_after_seconds&quot;:30,&quot;remaining&quot;:0}}}&#10;assert 429 == 200&#10; +  where 429 = &lt;Response [429]&gt;.status_code&quot;">test_reports/pytest_isolated/test_security_hardening_iter74.py:38: in auth_token
    assert response.status_code == 200, f"Login failed: {response.text}"
E   AssertionError: Login failed: {"error":{"code":"rate_limit_exceeded","message":"Too many requests. Please try again later.","details":{"retry_after_seconds":30,"remaining":0}}}
E   assert 429 == 200
E    +  where 429 = &lt;Response [429]&gt;.status_code</error></testcase><testcase classname="test_reports.pytest_isolated.test_security_hardening_iter74.TestAuthRequired" name="test_security_secrets_requires_auth" time="0.120" /><testcase classname="test_reports.pytest_isolated.test_security_hardening_iter74.TestAuthRequired" name="test_security_jwt_requires_auth" time="0.107" /><testcase classname="test_reports.pytest_isolated.test_security_hardening_iter74.TestAuthRequired" name="test_security_readiness_requires_auth" time="0.102" /></testsuite></testsuites>