<?xml version="1.0" encoding="utf-8"?><testsuites name="pytest tests"><testsuite name="pytest" errors="0" failures="0" skipped="0" tests="18" time="30.350" timestamp="2026-03-08T13:08:40.089315+00:00" hostname="agent-env-86b1158b-15f1-4df6-96f5-b33d90e3a499"><testcase classname="tests.test_usage_warning_pr_um5.TestQuotaWarningService" name="test_warning_level_normal_under_70" time="1.209" /><testcase classname="tests.test_usage_warning_pr_um5.TestQuotaWarningService" name="test_warning_level_warning_at_70" time="1.095" /><testcase classname="tests.test_usage_warning_pr_um5.TestQuotaWarningService" name="test_warning_level_critical_at_85" time="1.084" /><testcase classname="tests.test_usage_warning_pr_um5.TestQuotaWarningService" name="test_warning_level_limit_reached_at_100" time="5.140" /><testcase classname="tests.test_usage_warning_pr_um5.TestQuotaWarningService" name="test_warning_level_with_none_limit" time="1.077" /><testcase classname="tests.test_usage_warning_pr_um5.TestTrialPlanRecommendation" name="test_recommend_starter_under_40" time="1.085" /><testcase classname="tests.test_usage_warning_pr_um5.TestTrialPlanRecommendation" name="test_recommend_pro_40_to_80" time="1.109" /><testcase classname="tests.test_usage_warning_pr_um5.TestTrialPlanRecommendation" name="test_recommend_enterprise_over_80" time="1.107" /><testcase classname="tests.test_usage_warning_pr_um5.TestTenantUsageSummaryEndpoint" name="test_usage_summary_returns_200" time="1.710" /><testcase classname="tests.test_usage_warning_pr_um5.TestTenantUsageSummaryEndpoint" name="test_usage_summary_has_warning_fields_per_metric" time="1.220" /><testcase classname="tests.test_usage_warning_pr_um5.TestTenantUsageSummaryEndpoint" name="test_usage_summary_cta_fields_when_upgrade_recommended" time="1.226" /><testcase classname="tests.test_usage_warning_pr_um5.TestTenantUsageSummaryEndpoint" name="test_usage_summary_has_trial_conversion_payload" time="1.247" /><testcase classname="tests.test_usage_warning_pr_um5.TestTenantQuotaStatusEndpoint" name="test_quota_status_returns_200" time="1.209" /><testcase classname="tests.test_usage_warning_pr_um5.TestTenantQuotaStatusEndpoint" name="test_quota_status_has_quotas_array" time="1.235" /><testcase classname="tests.test_usage_warning_pr_um5.TestTenantQuotaStatusEndpoint" name="test_quota_status_cta_fields" time="1.256" /><testcase classname="tests.test_usage_warning_pr_um5.TestAdminUsageNoCTA" name="test_admin_usage_endpoint_exists" time="5.772" /><testcase classname="tests.test_usage_warning_pr_um5.TestTrialDemoTenantSpecifically" name="test_trial_tenant_has_critical_warning" time="1.263" /><testcase classname="tests.test_usage_warning_pr_um5.TestTrialDemoTenantSpecifically" name="test_trial_conversion_recommendation" time="1.264" /></testsuite></testsuites>