<?xml version="1.0" encoding="utf-8"?><testsuites name="pytest tests"><testsuite name="pytest" errors="0" failures="0" skipped="0" tests="23" time="29.598" timestamp="2026-02-06T10:31:11.120435+00:00" hostname="agent-env-b8b95755-0346-4c6d-966d-df3edd135947"><testcase classname="tests.integration.feature_flags.test_admin_tenant_features" name="test_admin_get_tenant_features" time="1.226" /><testcase classname="tests.integration.feature_flags.test_admin_tenant_features" name="test_admin_patch_tenant_features" time="1.227" /><testcase classname="tests.integration.feature_flags.test_admin_tenant_features" name="test_admin_patch_invalid_features" time="1.214" /><testcase classname="tests.integration.feature_flags.test_admin_tenant_features" name="test_admin_features_requires_admin_role" time="0.990" /><testcase classname="tests.integration.feature_flags.test_feature_crm_guard" name="test_crm_blocked_when_feature_disabled" time="1.256" /><testcase classname="tests.integration.feature_flags.test_feature_crm_guard" name="test_crm_allowed_when_feature_enabled" time="1.264" /><testcase classname="tests.integration.feature_flags.test_feature_reports_guard" name="test_reports_blocked_when_feature_disabled" time="1.250" /><testcase classname="tests.integration.feature_flags.test_feature_reports_guard" name="test_reports_allowed_when_feature_enabled" time="1.236" /><testcase classname="tests.integration.feature_flags.test_tenant_features_endpoint" name="test_get_tenant_features_empty" time="1.244" /><testcase classname="tests.integration.feature_flags.test_tenant_features_endpoint" name="test_get_tenant_features_with_enabled" time="1.281" /><testcase classname="tests.integration.b2b.test_b2b_exchange_flow" name="test_b2b_tenant_isolation_cannot_request_own_listing" time="1.042" /><testcase classname="tests.integration.b2b.test_b2b_exchange_flow" name="test_b2b_happy_path_flow" time="1.082" /><testcase classname="tests.integration.b2b.test_b2b_exchange_flow" name="test_b2b_not_active_partner_cannot_see_or_request" time="1.058" /><testcase classname="tests.integration.b2b.test_b2b_exchange_flow" name="test_b2b_cross_org_cannot_see_or_request" time="1.038" /><testcase classname="tests.integration.b2b.test_b2b_exchange_flow" name="test_b2b_third_tenant_cannot_approve_match" time="1.036" /><testcase classname="tests.integration.b2b.test_b2b_exchange_flow" name="test_b2b_invalid_status_pending_cannot_complete" time="1.062" /><testcase classname="tests.integration.b2b.test_b2b_exchange_flow" name="test_b2b_invalid_status_rejected_cannot_approve" time="4.648" /><testcase classname="tests.integration.b2b.test_b2b_exchange_flow" name="test_b2b_invalid_status_approved_cannot_reapprove" time="1.065" /><testcase classname="tests.integration.b2b.test_b2b_exchange_flow" name="test_b2b_invalid_status_completed_cannot_change" time="1.102" /><testcase classname="tests.integration.b2b.test_b2b_exchange_flow" name="test_b2b_feature_flag_enforcement" time="1.039" /><testcase classname="tests.integration.b2b.test_b2b_exchange_ids" name="test_listing_id_prefix_and_no_mongo_id_leak" time="1.051" /><testcase classname="tests.integration.b2b.test_b2b_exchange_ids" name="test_match_id_prefix_and_no_internal_fields_leak" time="1.063" /><testcase classname="tests.integration.b2b.test_b2b_exchange_ids" name="test_list_endpoints_do_not_leak_internal_fields" time="1.083" /></testsuite></testsuites>