<?xml version="1.0" encoding="utf-8"?><testsuites name="pytest tests"><testsuite name="pytest" errors="2" failures="0" skipped="2" tests="43" time="75.090" timestamp="2026-03-14T08:47:39.938555+00:00" hostname="agent-env-ada7adc6-208b-46ea-9630-ff497d5f9042"><testcase classname="tests.test_granular_permissions" name="test_list_screens_unauthenticated" time="1.184" /><testcase classname="tests.test_granular_permissions" name="test_list_screens_authenticated" time="1.129" /><testcase classname="tests.test_granular_permissions" name="test_get_user_permissions" time="1.123" /><testcase classname="tests.test_granular_permissions" name="test_get_permissions_invalid_user" time="1.130" /><testcase classname="tests.test_granular_permissions" name="test_get_permissions_unauthenticated" time="1.128" /><testcase classname="tests.test_granular_permissions" name="test_update_permissions_valid" time="1.145" /><testcase classname="tests.test_granular_permissions" name="test_update_permissions_all_screens" time="1.131" /><testcase classname="tests.test_granular_permissions" name="test_update_permissions_empty" time="1.143" /><testcase classname="tests.test_granular_permissions" name="test_update_permissions_filters_invalid" time="1.141" /><testcase classname="tests.test_granular_permissions" name="test_update_permissions_invalid_user" time="1.222" /><testcase classname="tests.test_granular_permissions" name="test_update_permissions_unauthenticated" time="5.942" /><testcase classname="tests.test_granular_permissions" name="test_auth_me_includes_allowed_screens" time="1.266" /><testcase classname="tests.test_granular_permissions" name="test_full_permissions_workflow" time="1.430" /><testcase classname="tests.test_saas_limits_and_guards" name="test_permission_wildcard_match" time="1.371" /><testcase classname="tests.test_saas_limits_and_guards" name="test_middleware_requires_tenant_for_non_super_admin" time="1.320" /><testcase classname="tests.test_saas_limits_and_guards" name="test_resolve_requires_membership" time="1.349" /><testcase classname="tests.test_saas_limits_and_guards" name="test_subscription_suspended_blocks_resolve" time="1.363" /><testcase classname="tests.test_saas_limits_and_guards" name="test_booking_limit_exceeded" time="1.370" /><testcase classname="tests.test_saas_limits_and_guards" name="test_user_limit_exceeded" time="1.329" /><testcase classname="tests.test_b2b_pro_v1" name="test_admin_agencies_feature_disabled_returns_404" time="1.278" /><testcase classname="tests.test_b2b_pro_v1" name="test_admin_agencies_create_and_cycle_guards" time="1.310" /><testcase classname="tests.test_b2b_pro_v1" name="test_admin_agencies_org_isolation" time="5.147"><error message="failed on setup with &quot;pymongo.errors.AutoReconnect: localhost:27017: connection closed&quot;">self = Connection(&lt;socket.socket [closed] fd=-1, family=2, type=1, proto=6&gt;) CLOSED at 273645207796880
dbname = 'agentis_test_e428eae7b62846d78954825f9554f3c8'
spec = SON([('update', 'memberships'), ('ordered', True), ('lsid', {'id': Binary(b'h\xbd\x1d\xf7\xe3\x03B\xfd\x92\xb5l\xf0\xd...ime.datetime(2026, 3, 14, 8, 48, 11, 180197, tzinfo=datetime.timezone.utc)}}), ('multi', False), ('upsert', True)])])])
read_preference = Primary()
codec_options = CodecOptions(document_class=dict, tz_aware=False, uuid_representation=UuidRepresentation.UNSPECIFIED, unicode_decode_e...ne, type_registry=TypeRegistry(type_codecs=[], fallback_encoder=None), datetime_conversion=DatetimeConversion.DATETIME)
check = True, allowable_errors = None, read_concern = None
write_concern = WriteConcern(), parse_write_concern_error = False
collation = None
session = &lt;pymongo.client_session.ClientSession object at 0xf8e0fd644510&gt;
client = MongoClient(host=['localhost:27017'], document_class=dict, tz_aware=False, connect=False, driver=DriverInfo(name='Motor', version='3.3.1', platform='asyncio'))
retryable_write = False, publish_events = True, user_fields = None
exhaust_allowed = False

    @_handle_reauth
    def command(
        self,
        dbname: str,
        spec: MutableMapping[str, Any],
        read_preference: _ServerMode = ReadPreference.PRIMARY,
        codec_options: CodecOptions = DEFAULT_CODEC_OPTIONS,
        check: bool = True,
        allowable_errors: Optional[Sequence[Union[str, int]]] = None,
        read_concern: Optional[ReadConcern] = None,
        write_concern: Optional[WriteConcern] = None,
        parse_write_concern_error: bool = False,
        collation: Optional[_CollationIn] = None,
        session: Optional[ClientSession] = None,
        client: Optional[MongoClient] = None,
        retryable_write: bool = False,
        publish_events: bool = True,
        user_fields: Optional[Mapping[str, Any]] = None,
        exhaust_allowed: bool = False,
    ) -&gt; Dict[str, Any]:
        """Execute a command or raise an error.
    
        :Parameters:
          - `dbname`: name of the database on which to run the command
          - `spec`: a command document as a dict, SON, or mapping object
          - `read_preference`: a read preference
          - `codec_options`: a CodecOptions instance
          - `check`: raise OperationFailure if there are errors
          - `allowable_errors`: errors to ignore if `check` is True
          - `read_concern`: The read concern for this command.
          - `write_concern`: The write concern for this command.
          - `parse_write_concern_error`: Whether to parse the
            ``writeConcernError`` field in the command response.
          - `collation`: The collation for this command.
          - `session`: optional ClientSession instance.
          - `client`: optional MongoClient for gossipping $clusterTime.
          - `retryable_write`: True if this command is a retryable write.
          - `publish_events`: Should we publish events for this command?
          - `user_fields` (optional): Response fields that should be decoded
            using the TypeDecoders from codec_options, passed to
            bson._decode_all_selective.
        """
        self.validate_session(client, session)
        session = _validate_session_write_concern(session, write_concern)
    
        # Ensure command name remains in first place.
        if not isinstance(spec, ORDERED_TYPES):  # type:ignore[arg-type]
            spec = SON(spec)
    
        if not (write_concern is None or write_concern.acknowledged or collation is None):
            raise ConfigurationError("Collation is unsupported for unacknowledged writes.")
    
        self.add_server_api(spec)
        if session:
            session._apply_to(spec, retryable_write, read_preference, self)
        self.send_cluster_time(spec, session, client)
        listeners = self.listeners if publish_events else None
        unacknowledged = bool(write_concern and not write_concern.acknowledged)
        if self.op_msg_enabled:
            self._raise_if_not_writable(unacknowledged)
        try:
&gt;           return command(
                self,
                dbname,
                spec,
                self.is_mongos,
                read_preference,
                codec_options,
                session,
                client,
                check,
                allowable_errors,
                self.address,
                listeners,
                self.max_bson_size,
                read_concern,
                parse_write_concern_error=parse_write_concern_error,
                collation=collation,
                compression_ctx=self.compression_context,
                use_op_msg=self.op_msg_enabled,
                unacknowledged=unacknowledged,
                user_fields=user_fields,
                exhaust_allowed=exhaust_allowed,
                write_concern=write_concern,
            )

/root/.venv/lib/python3.11/site-packages/pymongo/pool.py:932: 
_ _ _ _ _ _ _ _ _ _ _ _ _ _ _ _ _ _ _ _ _ _ _ _ _ _ _ _ _ _ _ _ _ _ _ _ _ _ _ _ 
/root/.venv/lib/python3.11/site-packages/pymongo/network.py:181: in command
    reply = receive_message(conn, request_id)
            ^^^^^^^^^^^^^^^^^^^^^^^^^^^^^^^^^
/root/.venv/lib/python3.11/site-packages/pymongo/network.py:247: in receive_message
    length, _, response_to, op_code = _UNPACK_HEADER(_receive_data_on_socket(conn, 16, deadline))
                                                     ^^^^^^^^^^^^^^^^^^^^^^^^^^^^^^^^^^^^^^^^^^^
_ _ _ _ _ _ _ _ _ _ _ _ _ _ _ _ _ _ _ _ _ _ _ _ _ _ _ _ _ _ _ _ _ _ _ _ _ _ _ _ 

conn = Connection(&lt;socket.socket [closed] fd=-1, family=2, type=1, proto=6&gt;) CLOSED at 273645207796880
length = 16, deadline = None

    def _receive_data_on_socket(conn: Connection, length: int, deadline: Optional[float]) -&gt; memoryview:
        buf = bytearray(length)
        mv = memoryview(buf)
        bytes_read = 0
        while bytes_read &lt; length:
            try:
                wait_for_read(conn, deadline)
                # CSOT: Update timeout. When the timeout has expired perform one
                # final non-blocking recv. This helps avoid spurious timeouts when
                # the response is actually already buffered on the client.
                if _csot.get_timeout() and deadline is not None:
                    conn.set_conn_timeout(max(deadline - time.monotonic(), 0))
                chunk_length = conn.conn.recv_into(mv[bytes_read:])
            except BLOCKING_IO_ERRORS:
                raise socket.timeout("timed out")
            except OSError as exc:  # noqa: B014
                if _errno_from_exception(exc) == errno.EINTR:
                    continue
                raise
            if chunk_length == 0:
&gt;               raise OSError("connection closed")
E               OSError: connection closed

/root/.venv/lib/python3.11/site-packages/pymongo/network.py:336: OSError

The above exception was the direct cause of the following exception:

anyio_backend = 'asyncio'
request = &lt;SubRequest 'seed_default_org_and_users' for &lt;Function test_admin_agencies_org_isolation&gt;&gt;
kwargs = {'test_db': AsyncIOMotorDatabase(Database(MongoClient(host=['localhost:27017'], document_class=dict, tz_aware=False, c...iver=DriverInfo(name='Motor', version='3.3.1', platform='asyncio')), 'agentis_test_e428eae7b62846d78954825f9554f3c8'))}
local_func = &lt;function seed_default_org_and_users at 0xf8e0fff1b740&gt;
backend_name = 'asyncio', backend_options = {}
runner = &lt;anyio._backends._asyncio.TestRunner object at 0xf8e10436da90&gt;

    def wrapper(anyio_backend: Any, request: SubRequest, **kwargs: Any) -&gt; Any:
        # Rebind any fixture methods to the request instance
        if (
            request.instance
            and ismethod(func)
            and type(func.__self__) is type(request.instance)
        ):
            local_func = func.__func__.__get__(request.instance)
        else:
            local_func = func
    
        backend_name, backend_options = extract_backend_and_options(anyio_backend)
        if has_backend_arg:
            kwargs["anyio_backend"] = anyio_backend
    
        if has_request_arg:
            kwargs["request"] = request
    
        with get_runner(backend_name, backend_options) as runner:
            if isasyncgenfunction(local_func):
&gt;               yield from runner.run_asyncgen_fixture(local_func, kwargs)

/root/.venv/lib/python3.11/site-packages/anyio/pytest_plugin.py:121: 
_ _ _ _ _ _ _ _ _ _ _ _ _ _ _ _ _ _ _ _ _ _ _ _ _ _ _ _ _ _ _ _ _ _ _ _ _ _ _ _ 
/root/.venv/lib/python3.11/site-packages/anyio/_backends/_asyncio.py:2291: in run_asyncgen_fixture
    fixturevalue: T_Retval = self.get_loop().run_until_complete(
/usr/local/lib/python3.11/asyncio/base_events.py:654: in run_until_complete
    return future.result()
           ^^^^^^^^^^^^^^^
/root/.venv/lib/python3.11/site-packages/anyio/_backends/_asyncio.py:2283: in _call_in_runner_task
    return await future
           ^^^^^^^^^^^^
/root/.venv/lib/python3.11/site-packages/anyio/_backends/_asyncio.py:2250: in _run_tests_and_fixtures
    retval = await coro
             ^^^^^^^^^^
tests/conftest.py:388: in seed_default_org_and_users
    await test_db.memberships.update_one(
/usr/local/lib/python3.11/concurrent/futures/thread.py:58: in run
    result = self.fn(*self.args, **self.kwargs)
             ^^^^^^^^^^^^^^^^^^^^^^^^^^^^^^^^^^
/root/.venv/lib/python3.11/site-packages/pymongo/collection.py:1088: in update_one
    self._update_retryable(
/root/.venv/lib/python3.11/site-packages/pymongo/collection.py:883: in _update_retryable
    return self.__database.client._retryable_write(
/root/.venv/lib/python3.11/site-packages/pymongo/mongo_client.py:1568: in _retryable_write
    return self._retry_with_session(retryable, func, s, None)
           ^^^^^^^^^^^^^^^^^^^^^^^^^^^^^^^^^^^^^^^^^^^^^^^^^^
/root/.venv/lib/python3.11/site-packages/pymongo/mongo_client.py:1413: in _retry_with_session
    return self._retry_internal(retryable, func, session, bulk)
           ^^^^^^^^^^^^^^^^^^^^^^^^^^^^^^^^^^^^^^^^^^^^^^^^^^^^
/root/.venv/lib/python3.11/site-packages/pymongo/_csot.py:108: in csot_wrapper
    return func(self, *args, **kwargs)
           ^^^^^^^^^^^^^^^^^^^^^^^^^^^
/root/.venv/lib/python3.11/site-packages/pymongo/mongo_client.py:1460: in _retry_internal
    return func(session, conn, retryable)
           ^^^^^^^^^^^^^^^^^^^^^^^^^^^^^^
/root/.venv/lib/python3.11/site-packages/pymongo/collection.py:864: in _update
    return self._update(
/root/.venv/lib/python3.11/site-packages/pymongo/collection.py:818: in _update
    result = conn.command(
/root/.venv/lib/python3.11/site-packages/pymongo/helpers.py:315: in inner
    return func(*args, **kwargs)
           ^^^^^^^^^^^^^^^^^^^^^
/root/.venv/lib/python3.11/site-packages/pymongo/pool.py:960: in command
    self._raise_connection_failure(error)
/root/.venv/lib/python3.11/site-packages/pymongo/pool.py:1134: in _raise_connection_failure
    _raise_connection_failure(self.address, error)
_ _ _ _ _ _ _ _ _ _ _ _ _ _ _ _ _ _ _ _ _ _ _ _ _ _ _ _ _ _ _ _ _ _ _ _ _ _ _ _ 

address = ('localhost', 27017), error = OSError('connection closed')
msg_prefix = None

    def _raise_connection_failure(
        address: Any, error: Exception, msg_prefix: Optional[str] = None
    ) -&gt; NoReturn:
        """Convert a socket.error to ConnectionFailure and raise it."""
        host, port = address
        # If connecting to a Unix socket, port will be None.
        if port is not None:
            msg = "%s:%d: %s" % (host, port, error)
        else:
            msg = f"{host}: {error}"
        if msg_prefix:
            msg = msg_prefix + msg
        if isinstance(error, socket.timeout):
            raise NetworkTimeout(msg) from error
        elif isinstance(error, SSLError) and "timed out" in str(error):
            # Eventlet does not distinguish TLS network timeouts from other
            # SSLErrors (https://github.com/eventlet/eventlet/issues/692).
            # Luckily, we can work around this limitation because the phrase
            # 'timed out' appears in all the timeout related SSLErrors raised.
            raise NetworkTimeout(msg) from error
        else:
&gt;           raise AutoReconnect(msg) from error
E           pymongo.errors.AutoReconnect: localhost:27017: connection closed

/root/.venv/lib/python3.11/site-packages/pymongo/pool.py:406: AutoReconnect</error></testcase><testcase classname="tests.test_billing_subscription_lifecycle.TestBillingSubscriptionEndpoint" name="test_subscription_requires_auth" time="1.540" /><testcase classname="tests.test_billing_subscription_lifecycle.TestBillingSubscriptionEndpoint" name="test_subscription_returns_overview_for_legacy_user" time="1.827" /><testcase classname="tests.test_billing_subscription_lifecycle.TestBillingSubscriptionEndpoint" name="test_subscription_interval_label" time="1.632" /><testcase classname="tests.test_billing_subscription_lifecycle.TestCustomerPortalEndpoint" name="test_customer_portal_requires_auth" time="1.267" /><testcase classname="tests.test_billing_subscription_lifecycle.TestCustomerPortalEndpoint" name="test_customer_portal_returns_url" time="2.244" /><testcase classname="tests.test_billing_subscription_lifecycle.TestCustomerPortalEndpoint" name="test_customer_portal_return_path" time="2.186" /><testcase classname="tests.test_billing_subscription_lifecycle.TestChangePlanEndpoint" name="test_change_plan_requires_auth" time="1.328" /><testcase classname="tests.test_billing_subscription_lifecycle.TestChangePlanEndpoint" name="test_change_plan_legacy_returns_checkout_redirect" time="2.606" /><testcase classname="tests.test_billing_subscription_lifecycle.TestChangePlanEndpoint" name="test_change_plan_enterprise_rejected" time="1.623" /><testcase classname="tests.test_billing_subscription_lifecycle.TestChangePlanEndpoint" name="test_change_plan_same_plan_rejected" time="2.597" /><testcase classname="tests.test_billing_subscription_lifecycle.TestCancelSubscriptionEndpoint" name="test_cancel_subscription_requires_auth" time="6.006"><error message="failed on setup with &quot;pymongo.errors.AutoReconnect: localhost:27017: connection closed&quot;">self = Connection(&lt;socket.socket [closed] fd=-1, family=2, type=1, proto=6&gt;) CLOSED at 273645189952784
dbname = 'agentis_test_3bc13795a3184ea6b60fceb65b5d2e9d'
spec = SON([('insert', 'products'), ('ordered', True), ('lsid', {'id': Binary(b'\x8c\x91\xd1\x8dq$C\x03\xb5$\xf2C2a\xce\xba',...lt_currency': 'EUR', 'created_at': datetime.datetime(2026, 3, 14, 8, 48, 36, 364018, tzinfo=datetime.timezone.utc)}])])
read_preference = Primary()
codec_options = CodecOptions(document_class=dict, tz_aware=False, uuid_representation=UuidRepresentation.UNSPECIFIED, unicode_decode_e...ne, type_registry=TypeRegistry(type_codecs=[], fallback_encoder=None), datetime_conversion=DatetimeConversion.DATETIME)
check = True, allowable_errors = None, read_concern = None
write_concern = WriteConcern(), parse_write_concern_error = False
collation = None
session = &lt;pymongo.client_session.ClientSession object at 0xf8e0ffa7fb50&gt;
client = MongoClient(host=['localhost:27017'], document_class=dict, tz_aware=False, connect=False, driver=DriverInfo(name='Motor', version='3.3.1', platform='asyncio'))
retryable_write = False, publish_events = True, user_fields = None
exhaust_allowed = False

    @_handle_reauth
    def command(
        self,
        dbname: str,
        spec: MutableMapping[str, Any],
        read_preference: _ServerMode = ReadPreference.PRIMARY,
        codec_options: CodecOptions = DEFAULT_CODEC_OPTIONS,
        check: bool = True,
        allowable_errors: Optional[Sequence[Union[str, int]]] = None,
        read_concern: Optional[ReadConcern] = None,
        write_concern: Optional[WriteConcern] = None,
        parse_write_concern_error: bool = False,
        collation: Optional[_CollationIn] = None,
        session: Optional[ClientSession] = None,
        client: Optional[MongoClient] = None,
        retryable_write: bool = False,
        publish_events: bool = True,
        user_fields: Optional[Mapping[str, Any]] = None,
        exhaust_allowed: bool = False,
    ) -&gt; Dict[str, Any]:
        """Execute a command or raise an error.
    
        :Parameters:
          - `dbname`: name of the database on which to run the command
          - `spec`: a command document as a dict, SON, or mapping object
          - `read_preference`: a read preference
          - `codec_options`: a CodecOptions instance
          - `check`: raise OperationFailure if there are errors
          - `allowable_errors`: errors to ignore if `check` is True
          - `read_concern`: The read concern for this command.
          - `write_concern`: The write concern for this command.
          - `parse_write_concern_error`: Whether to parse the
            ``writeConcernError`` field in the command response.
          - `collation`: The collation for this command.
          - `session`: optional ClientSession instance.
          - `client`: optional MongoClient for gossipping $clusterTime.
          - `retryable_write`: True if this command is a retryable write.
          - `publish_events`: Should we publish events for this command?
          - `user_fields` (optional): Response fields that should be decoded
            using the TypeDecoders from codec_options, passed to
            bson._decode_all_selective.
        """
        self.validate_session(client, session)
        session = _validate_session_write_concern(session, write_concern)
    
        # Ensure command name remains in first place.
        if not isinstance(spec, ORDERED_TYPES):  # type:ignore[arg-type]
            spec = SON(spec)
    
        if not (write_concern is None or write_concern.acknowledged or collation is None):
            raise ConfigurationError("Collation is unsupported for unacknowledged writes.")
    
        self.add_server_api(spec)
        if session:
            session._apply_to(spec, retryable_write, read_preference, self)
        self.send_cluster_time(spec, session, client)
        listeners = self.listeners if publish_events else None
        unacknowledged = bool(write_concern and not write_concern.acknowledged)
        if self.op_msg_enabled:
            self._raise_if_not_writable(unacknowledged)
        try:
&gt;           return command(
                self,
                dbname,
                spec,
                self.is_mongos,
                read_preference,
                codec_options,
                session,
                client,
                check,
                allowable_errors,
                self.address,
                listeners,
                self.max_bson_size,
                read_concern,
                parse_write_concern_error=parse_write_concern_error,
                collation=collation,
                compression_ctx=self.compression_context,
                use_op_msg=self.op_msg_enabled,
                unacknowledged=unacknowledged,
                user_fields=user_fields,
                exhaust_allowed=exhaust_allowed,
                write_concern=write_concern,
            )

/root/.venv/lib/python3.11/site-packages/pymongo/pool.py:932: 
_ _ _ _ _ _ _ _ _ _ _ _ _ _ _ _ _ _ _ _ _ _ _ _ _ _ _ _ _ _ _ _ _ _ _ _ _ _ _ _ 
/root/.venv/lib/python3.11/site-packages/pymongo/network.py:181: in command
    reply = receive_message(conn, request_id)
            ^^^^^^^^^^^^^^^^^^^^^^^^^^^^^^^^^
/root/.venv/lib/python3.11/site-packages/pymongo/network.py:247: in receive_message
    length, _, response_to, op_code = _UNPACK_HEADER(_receive_data_on_socket(conn, 16, deadline))
                                                     ^^^^^^^^^^^^^^^^^^^^^^^^^^^^^^^^^^^^^^^^^^^
_ _ _ _ _ _ _ _ _ _ _ _ _ _ _ _ _ _ _ _ _ _ _ _ _ _ _ _ _ _ _ _ _ _ _ _ _ _ _ _ 

conn = Connection(&lt;socket.socket [closed] fd=-1, family=2, type=1, proto=6&gt;) CLOSED at 273645189952784
length = 16, deadline = None

    def _receive_data_on_socket(conn: Connection, length: int, deadline: Optional[float]) -&gt; memoryview:
        buf = bytearray(length)
        mv = memoryview(buf)
        bytes_read = 0
        while bytes_read &lt; length:
            try:
                wait_for_read(conn, deadline)
                # CSOT: Update timeout. When the timeout has expired perform one
                # final non-blocking recv. This helps avoid spurious timeouts when
                # the response is actually already buffered on the client.
                if _csot.get_timeout() and deadline is not None:
                    conn.set_conn_timeout(max(deadline - time.monotonic(), 0))
                chunk_length = conn.conn.recv_into(mv[bytes_read:])
            except BLOCKING_IO_ERRORS:
                raise socket.timeout("timed out")
            except OSError as exc:  # noqa: B014
                if _errno_from_exception(exc) == errno.EINTR:
                    continue
                raise
            if chunk_length == 0:
&gt;               raise OSError("connection closed")
E               OSError: connection closed

/root/.venv/lib/python3.11/site-packages/pymongo/network.py:336: OSError

The above exception was the direct cause of the following exception:

anyio_backend = 'asyncio'
request = &lt;SubRequest 'minimal_search_seed' for &lt;Function test_cancel_subscription_requires_auth&gt;&gt;
kwargs = {'agency_token': 'eyJhbGciOiJIUzI1NiIsInR5cCI6IkpXVCJ9.eyJzdWIiOiJhZ2VuY3kxQGRlbW8udGVzdCIsIm9yZyI6IjY5YjUyMGUzM2U0ODU...iver=DriverInfo(name='Motor', version='3.3.1', platform='asyncio')), 'agentis_test_3bc13795a3184ea6b60fceb65b5d2e9d'))}
local_func = &lt;function minimal_search_seed at 0xf8e0fff1ba60&gt;
backend_name = 'asyncio', backend_options = {}
runner = &lt;anyio._backends._asyncio.TestRunner object at 0xf8e10436da90&gt;

    def wrapper(anyio_backend: Any, request: SubRequest, **kwargs: Any) -&gt; Any:
        # Rebind any fixture methods to the request instance
        if (
            request.instance
            and ismethod(func)
            and type(func.__self__) is type(request.instance)
        ):
            local_func = func.__func__.__get__(request.instance)
        else:
            local_func = func
    
        backend_name, backend_options = extract_backend_and_options(anyio_backend)
        if has_backend_arg:
            kwargs["anyio_backend"] = anyio_backend
    
        if has_request_arg:
            kwargs["request"] = request
    
        with get_runner(backend_name, backend_options) as runner:
            if isasyncgenfunction(local_func):
&gt;               yield from runner.run_asyncgen_fixture(local_func, kwargs)

/root/.venv/lib/python3.11/site-packages/anyio/pytest_plugin.py:121: 
_ _ _ _ _ _ _ _ _ _ _ _ _ _ _ _ _ _ _ _ _ _ _ _ _ _ _ _ _ _ _ _ _ _ _ _ _ _ _ _ 
/root/.venv/lib/python3.11/site-packages/anyio/_backends/_asyncio.py:2291: in run_asyncgen_fixture
    fixturevalue: T_Retval = self.get_loop().run_until_complete(
/usr/local/lib/python3.11/asyncio/base_events.py:654: in run_until_complete
    return future.result()
           ^^^^^^^^^^^^^^^
/root/.venv/lib/python3.11/site-packages/anyio/_backends/_asyncio.py:2283: in _call_in_runner_task
    return await future
           ^^^^^^^^^^^^
/root/.venv/lib/python3.11/site-packages/anyio/_backends/_asyncio.py:2250: in _run_tests_and_fixtures
    retval = await coro
             ^^^^^^^^^^
tests/conftest.py:558: in minimal_search_seed
    await test_db.products.insert_one(prod_doc)
/usr/local/lib/python3.11/concurrent/futures/thread.py:58: in run
    result = self.fn(*self.args, **self.kwargs)
             ^^^^^^^^^^^^^^^^^^^^^^^^^^^^^^^^^^
/root/.venv/lib/python3.11/site-packages/pymongo/collection.py:671: in insert_one
    self._insert_one(
/root/.venv/lib/python3.11/site-packages/pymongo/collection.py:611: in _insert_one
    self.__database.client._retryable_write(acknowledged, _insert_command, session)
/root/.venv/lib/python3.11/site-packages/pymongo/mongo_client.py:1568: in _retryable_write
    return self._retry_with_session(retryable, func, s, None)
           ^^^^^^^^^^^^^^^^^^^^^^^^^^^^^^^^^^^^^^^^^^^^^^^^^^
/root/.venv/lib/python3.11/site-packages/pymongo/mongo_client.py:1413: in _retry_with_session
    return self._retry_internal(retryable, func, session, bulk)
           ^^^^^^^^^^^^^^^^^^^^^^^^^^^^^^^^^^^^^^^^^^^^^^^^^^^^
/root/.venv/lib/python3.11/site-packages/pymongo/_csot.py:108: in csot_wrapper
    return func(self, *args, **kwargs)
           ^^^^^^^^^^^^^^^^^^^^^^^^^^^
/root/.venv/lib/python3.11/site-packages/pymongo/mongo_client.py:1460: in _retry_internal
    return func(session, conn, retryable)
           ^^^^^^^^^^^^^^^^^^^^^^^^^^^^^^
/root/.venv/lib/python3.11/site-packages/pymongo/collection.py:599: in _insert_command
    result = conn.command(
/root/.venv/lib/python3.11/site-packages/pymongo/helpers.py:315: in inner
    return func(*args, **kwargs)
           ^^^^^^^^^^^^^^^^^^^^^
/root/.venv/lib/python3.11/site-packages/pymongo/pool.py:960: in command
    self._raise_connection_failure(error)
/root/.venv/lib/python3.11/site-packages/pymongo/pool.py:1134: in _raise_connection_failure
    _raise_connection_failure(self.address, error)
_ _ _ _ _ _ _ _ _ _ _ _ _ _ _ _ _ _ _ _ _ _ _ _ _ _ _ _ _ _ _ _ _ _ _ _ _ _ _ _ 

address = ('localhost', 27017), error = OSError('connection closed')
msg_prefix = None

    def _raise_connection_failure(
        address: Any, error: Exception, msg_prefix: Optional[str] = None
    ) -&gt; NoReturn:
        """Convert a socket.error to ConnectionFailure and raise it."""
        host, port = address
        # If connecting to a Unix socket, port will be None.
        if port is not None:
            msg = "%s:%d: %s" % (host, port, error)
        else:
            msg = f"{host}: {error}"
        if msg_prefix:
            msg = msg_prefix + msg
        if isinstance(error, socket.timeout):
            raise NetworkTimeout(msg) from error
        elif isinstance(error, SSLError) and "timed out" in str(error):
            # Eventlet does not distinguish TLS network timeouts from other
            # SSLErrors (https://github.com/eventlet/eventlet/issues/692).
            # Luckily, we can work around this limitation because the phrase
            # 'timed out' appears in all the timeout related SSLErrors raised.
            raise NetworkTimeout(msg) from error
        else:
&gt;           raise AutoReconnect(msg) from error
E           pymongo.errors.AutoReconnect: localhost:27017: connection closed

/root/.venv/lib/python3.11/site-packages/pymongo/pool.py:406: AutoReconnect</error></testcase><testcase classname="tests.test_billing_subscription_lifecycle.TestCancelSubscriptionEndpoint" name="test_cancel_subscription_legacy_rejected" time="2.144" /><testcase classname="tests.test_billing_subscription_lifecycle.TestCreateCheckoutSubscriptionMode" name="test_create_checkout_starter" time="1.428"><skipped type="pytest.skip" message="Login failed for expired trial user">/app/backend/tests/test_billing_subscription_lifecycle.py:357: Login failed for expired trial user</skipped></testcase><testcase classname="tests.test_billing_subscription_lifecycle.TestCreateCheckoutSubscriptionMode" name="test_create_checkout_pro" time="1.429"><skipped type="pytest.skip" message="Login failed">/app/backend/tests/test_billing_subscription_lifecycle.py:385: Login failed</skipped></testcase><testcase classname="tests.test_billing_subscription_lifecycle.TestSettingsRouteExemption" name="test_billing_subscription_accessible_before_onboarding" time="1.524" /><testcase classname="tests.test_admin_settlements" name="test_admin_settlements_feature_disabled" time="1.172" /><testcase classname="tests.test_admin_settlements" name="test_admin_settlements_admin_json_and_csv" time="1.169" /><testcase classname="tests.test_admin_settlements" name="test_admin_settlements_agency_admin_enforcement" time="1.140" /><testcase classname="tests.test_admin_settlements" name="test_admin_settlements_pagination_validation" time="1.159" /><testcase classname="tests.test_admin_whitelabel" name="test_admin_whitelabel_feature_disabled" time="1.188" /><testcase classname="tests.test_admin_whitelabel" name="test_admin_whitelabel_upsert_and_get" time="1.224" /></testsuite></testsuites>