<?xml version="1.0" encoding="utf-8"?><testsuites name="pytest tests"><testsuite name="pytest" errors="0" failures="0" skipped="0" tests="25" time="6.956" timestamp="2026-03-13T18:01:29.774234+00:00" hostname="agent-env-9739e0bc-95cf-44f8-99a5-a50fce1d7c9f"><testcase classname="test_reports.pytest_isolated.test_scalability_iter85.TestScalabilityCacheStats" name="test_cache_stats_requires_auth" time="0.362" /><testcase classname="test_reports.pytest_isolated.test_scalability_iter85.TestScalabilityCacheStats" name="test_cache_stats_returns_hit_miss" time="0.683" /><testcase classname="test_reports.pytest_isolated.test_scalability_iter85.TestScalabilityScheduler" name="test_scheduler_status_requires_auth" time="0.252" /><testcase classname="test_reports.pytest_isolated.test_scalability_iter85.TestScalabilityScheduler" name="test_scheduler_status_returns_5_jobs" time="0.196" /><testcase classname="test_reports.pytest_isolated.test_scalability_iter85.TestScalabilityScheduler" name="test_scheduler_trigger_requires_auth" time="0.171" /><testcase classname="test_reports.pytest_isolated.test_scalability_iter85.TestScalabilityScheduler" name="test_scheduler_trigger_supplier_health_check" time="0.208" /><testcase classname="test_reports.pytest_isolated.test_scalability_iter85.TestScalabilityScheduler" name="test_scheduler_trigger_unknown_job" time="0.153" /><testcase classname="test_reports.pytest_isolated.test_scalability_iter85.TestScalabilityMonitoringDashboard" name="test_monitoring_dashboard_requires_auth" time="0.153" /><testcase classname="test_reports.pytest_isolated.test_scalability_iter85.TestScalabilityMonitoringDashboard" name="test_monitoring_dashboard_returns_combined_data" time="0.192" /><testcase classname="test_reports.pytest_isolated.test_scalability_iter85.TestScalabilitySupplierMetrics" name="test_supplier_metrics_requires_auth" time="0.134" /><testcase classname="test_reports.pytest_isolated.test_scalability_iter85.TestScalabilitySupplierMetrics" name="test_supplier_metrics_returns_suppliers" time="0.214" /><testcase classname="test_reports.pytest_isolated.test_scalability_iter85.TestScalabilitySearchMetrics" name="test_search_metrics_requires_auth" time="0.121" /><testcase classname="test_reports.pytest_isolated.test_scalability_iter85.TestScalabilitySearchMetrics" name="test_search_metrics_returns_by_product_type" time="0.141" /><testcase classname="test_reports.pytest_isolated.test_scalability_iter85.TestScalabilityRedisHealth" name="test_redis_health_requires_auth" time="0.150" /><testcase classname="test_reports.pytest_isolated.test_scalability_iter85.TestScalabilityRedisHealth" name="test_redis_health_returns_healthy" time="0.114" /><testcase classname="test_reports.pytest_isolated.test_scalability_iter85.TestScalabilityRateLimit" name="test_rate_limit_stats_requires_auth" time="0.188" /><testcase classname="test_reports.pytest_isolated.test_scalability_iter85.TestScalabilityRateLimit" name="test_rate_limit_stats_returns_config" time="0.169" /><testcase classname="test_reports.pytest_isolated.test_scalability_iter85.TestScalabilityTaxRegions" name="test_tax_regions_requires_auth" time="2.204" /><testcase classname="test_reports.pytest_isolated.test_scalability_iter85.TestScalabilityTaxRegions" name="test_tax_regions_returns_9_plus_regions" time="0.145" /><testcase classname="test_reports.pytest_isolated.test_scalability_iter85.TestScalabilityTaxBreakdown" name="test_tax_breakdown_requires_auth" time="0.123" /><testcase classname="test_reports.pytest_isolated.test_scalability_iter85.TestScalabilityTaxBreakdown" name="test_tax_breakdown_tr_calculation" time="0.144" /><testcase classname="test_reports.pytest_isolated.test_scalability_iter85.TestScalabilityCurrencyConvert" name="test_currency_convert_requires_auth" time="0.130" /><testcase classname="test_reports.pytest_isolated.test_scalability_iter85.TestScalabilityCurrencyConvert" name="test_currency_convert_try_to_eur" time="0.145" /><testcase classname="test_reports.pytest_isolated.test_scalability_iter85.TestScalabilityCurrencyRates" name="test_currency_rates_requires_auth" time="0.200" /><testcase classname="test_reports.pytest_isolated.test_scalability_iter85.TestScalabilityCurrencyRates" name="test_currency_rates_returns_supported" time="0.137" /></testsuite></testsuites>