<?xml version="1.0" encoding="utf-8"?><testsuites name="pytest tests"><testsuite name="pytest" errors="0" failures="0" skipped="0" tests="24" time="58.912" timestamp="2026-03-16T12:57:51.344383+00:00" hostname="agent-env-fd8d145c-3762-46c9-b1b8-873981aa23ea"><testcase classname="tests.test_e2e_demo_certification_console_iter118.TestE2EDemoScenarios" name="test_get_scenarios_requires_auth" time="1.565" /><testcase classname="tests.test_e2e_demo_certification_console_iter118.TestE2EDemoScenarios" name="test_get_scenarios_success" time="1.706" /><testcase classname="tests.test_e2e_demo_certification_console_iter118.TestE2EDemoRunTest" name="test_run_requires_auth" time="1.264" /><testcase classname="tests.test_e2e_demo_certification_console_iter118.TestE2EDemoRunTest" name="test_run_success_scenario" time="2.777" /><testcase classname="tests.test_e2e_demo_certification_console_iter118.TestE2EDemoRunTest" name="test_run_price_mismatch_scenario" time="3.039" /><testcase classname="tests.test_e2e_demo_certification_console_iter118.TestE2EDemoRunTest" name="test_run_supplier_unavailable_scenario" time="2.079" /><testcase classname="tests.test_e2e_demo_certification_console_iter118.TestE2EDemoRunTest" name="test_run_booking_timeout_scenario" time="3.048" /><testcase classname="tests.test_e2e_demo_certification_console_iter118.TestE2EDemoRunTest" name="test_run_delayed_confirmation_scenario" time="3.273" /><testcase classname="tests.test_e2e_demo_certification_console_iter118.TestE2EDemoRunTest" name="test_run_with_different_suppliers" time="6.208" /><testcase classname="tests.test_e2e_demo_certification_console_iter118.TestE2EDemoRunTest" name="test_run_unknown_supplier" time="5.803" /><testcase classname="tests.test_e2e_demo_certification_console_iter118.TestE2EDemoRunTest" name="test_run_unknown_scenario" time="1.305" /><testcase classname="tests.test_e2e_demo_certification_console_iter118.TestE2EDemoHistory" name="test_history_requires_auth" time="1.276" /><testcase classname="tests.test_e2e_demo_certification_console_iter118.TestE2EDemoHistory" name="test_get_history_success" time="1.250" /><testcase classname="tests.test_e2e_demo_certification_console_iter118.TestE2EDemoHistory" name="test_history_filter_by_supplier" time="1.340" /><testcase classname="tests.test_e2e_demo_certification_console_iter118.TestE2EDemoHistory" name="test_history_limit_parameter" time="1.246" /><testcase classname="tests.test_e2e_demo_certification_console_iter118.TestE2EDemoRerunStep" name="test_rerun_requires_auth" time="1.243" /><testcase classname="tests.test_e2e_demo_certification_console_iter118.TestE2EDemoRerunStep" name="test_rerun_step_success" time="2.531" /><testcase classname="tests.test_e2e_demo_certification_console_iter118.TestE2EDemoRerunStep" name="test_rerun_invalid_run_id" time="1.247" /><testcase classname="tests.test_e2e_demo_certification_console_iter118.TestE2EDemoSuppliers" name="test_suppliers_requires_auth" time="1.227" /><testcase classname="tests.test_e2e_demo_certification_console_iter118.TestE2EDemoSuppliers" name="test_get_suppliers_success" time="1.260" /><testcase classname="tests.test_e2e_demo_certification_console_iter118.TestE2EDemoStepDetails" name="test_step_contains_required_fields" time="7.343" /><testcase classname="tests.test_e2e_demo_certification_console_iter118.TestE2EDemoStepDetails" name="test_step_ids_correct" time="2.742" /><testcase classname="tests.test_e2e_demo_certification_console_iter118.TestWtatilRename" name="test_supplier_is_wtatil_not_wwtatil" time="1.287" /><testcase classname="tests.test_e2e_demo_certification_console_iter118.TestWtatilRename" name="test_run_with_wtatil" time="2.767" /></testsuite></testsuites>