<?xml version="1.0" encoding="utf-8"?><testsuites name="pytest tests"><testsuite name="pytest" errors="0" failures="0" skipped="0" tests="7" time="8.810" timestamp="2026-03-07T06:51:48.262182+00:00" hostname="agent-env-a499d593-2bc4-41ed-be63-2076612dde08"><testcase classname="tests.test_api_v1_foundation" name="test_auth_routes_are_not_registered_twice" time="1.100" /><testcase classname="tests.test_api_v1_foundation" name="test_route_inventory_has_required_fields_and_stable_sorting" time="1.132" /><testcase classname="tests.test_api_v1_foundation" name="test_mobile_v1_route_is_preserved_in_inventory" time="1.095" /><testcase classname="tests.test_auth_web_cookie_compat" name="test_web_login_sets_auth_cookies_and_cookie_transport" time="1.371" /><testcase classname="tests.test_auth_web_cookie_compat" name="test_web_cookie_session_bootstraps_without_authorization_header" time="1.332" /><testcase classname="tests.test_auth_web_cookie_compat" name="test_web_refresh_uses_cookie_when_refresh_body_is_empty" time="1.337" /><testcase classname="tests.test_auth_web_cookie_compat" name="test_web_logout_clears_cookie_session_without_bearer_header" time="1.413" /></testsuite></testsuites>