<?xml version="1.0" encoding="utf-8"?><testsuites name="pytest tests"><testsuite name="pytest" errors="0" failures="0" skipped="15" tests="16" time="23.177" timestamp="2026-03-08T18:21:07.961058+00:00" hostname="agent-env-d07b9a50-c5aa-4b74-a88c-83e1643cbdac"><testcase classname="tests.test_managed_subscription_lifecycle_iter30.TestCreateCheckoutSubscriptionMode" name="test_create_checkout_returns_stripe_session" time="2.298" /><testcase classname="tests.test_managed_subscription_lifecycle_iter30.TestCreateCheckoutSubscriptionMode" name="test_checkout_starter_monthly_pricing" time="1.115"><skipped type="pytest.skip" message="Rate limited for 300s - skipping test">/app/backend/tests/test_managed_subscription_lifecycle_iter30.py:55: Rate limited for 300s - skipping test</skipped></testcase><testcase classname="tests.test_managed_subscription_lifecycle_iter30.TestCreateCheckoutSubscriptionMode" name="test_checkout_pro_monthly_pricing" time="1.131"><skipped type="pytest.skip" message="Rate limited for 300s - skipping test">/app/backend/tests/test_managed_subscription_lifecycle_iter30.py:55: Rate limited for 300s - skipping test</skipped></testcase><testcase classname="tests.test_managed_subscription_lifecycle_iter30.TestCreateCheckoutSubscriptionMode" name="test_checkout_pro_yearly_pricing" time="1.128"><skipped type="pytest.skip" message="Rate limited for 300s - skipping test">/app/backend/tests/test_managed_subscription_lifecycle_iter30.py:55: Rate limited for 300s - skipping test</skipped></testcase><testcase classname="tests.test_managed_subscription_lifecycle_iter30.TestBillingSubscriptionState" name="test_expired_trial_user_state" time="1.106"><skipped type="pytest.skip" message="Rate limited for 300s - skipping test">/app/backend/tests/test_managed_subscription_lifecycle_iter30.py:55: Rate limited for 300s - skipping test</skipped></testcase><testcase classname="tests.test_managed_subscription_lifecycle_iter30.TestBillingSubscriptionState" name="test_legacy_paid_user_state" time="1.114"><skipped type="pytest.skip" message="Rate limited for 300s - skipping test">/app/backend/tests/test_managed_subscription_lifecycle_iter30.py:55: Rate limited for 300s - skipping test</skipped></testcase><testcase classname="tests.test_managed_subscription_lifecycle_iter30.TestBillingSubscriptionState" name="test_subscription_response_fields" time="1.103"><skipped type="pytest.skip" message="Rate limited for 300s - skipping test">/app/backend/tests/test_managed_subscription_lifecycle_iter30.py:55: Rate limited for 300s - skipping test</skipped></testcase><testcase classname="tests.test_managed_subscription_lifecycle_iter30.TestCancelSubscription" name="test_cancel_legacy_subscription_returns_409" time="1.092"><skipped type="pytest.skip" message="Rate limited for 300s - skipping test">/app/backend/tests/test_managed_subscription_lifecycle_iter30.py:55: Rate limited for 300s - skipping test</skipped></testcase><testcase classname="tests.test_managed_subscription_lifecycle_iter30.TestCancelSubscription" name="test_cancel_managed_subscription_returns_period_end_message" time="1.122"><skipped type="pytest.skip" message="Rate limited for 300s - skipping test">/app/backend/tests/test_managed_subscription_lifecycle_iter30.py:55: Rate limited for 300s - skipping test</skipped></testcase><testcase classname="tests.test_managed_subscription_lifecycle_iter30.TestChangePlan" name="test_change_plan_legacy_returns_checkout_redirect" time="1.118"><skipped type="pytest.skip" message="Rate limited for 300s - skipping test">/app/backend/tests/test_managed_subscription_lifecycle_iter30.py:55: Rate limited for 300s - skipping test</skipped></testcase><testcase classname="tests.test_managed_subscription_lifecycle_iter30.TestChangePlan" name="test_change_plan_enterprise_returns_422" time="5.121"><skipped type="pytest.skip" message="Rate limited for 300s - skipping test">/app/backend/tests/test_managed_subscription_lifecycle_iter30.py:55: Rate limited for 300s - skipping test</skipped></testcase><testcase classname="tests.test_managed_subscription_lifecycle_iter30.TestChangePlan" name="test_change_plan_same_plan_returns_409" time="1.097"><skipped type="pytest.skip" message="Rate limited for 300s - skipping test">/app/backend/tests/test_managed_subscription_lifecycle_iter30.py:55: Rate limited for 300s - skipping test</skipped></testcase><testcase classname="tests.test_managed_subscription_lifecycle_iter30.TestCustomerPortal" name="test_customer_portal_returns_stripe_url" time="1.135"><skipped type="pytest.skip" message="Rate limited for 300s - skipping test">/app/backend/tests/test_managed_subscription_lifecycle_iter30.py:55: Rate limited for 300s - skipping test</skipped></testcase><testcase classname="tests.test_managed_subscription_lifecycle_iter30.TestCustomerPortal" name="test_customer_portal_return_path" time="1.119"><skipped type="pytest.skip" message="Rate limited for 300s - skipping test">/app/backend/tests/test_managed_subscription_lifecycle_iter30.py:55: Rate limited for 300s - skipping test</skipped></testcase><testcase classname="tests.test_managed_subscription_lifecycle_iter30.TestCheckoutStatus" name="test_checkout_status_invalid_session" time="1.110"><skipped type="pytest.skip" message="Rate limited for 300s - skipping test">/app/backend/tests/test_managed_subscription_lifecycle_iter30.py:55: Rate limited for 300s - skipping test</skipped></testcase><testcase classname="tests.test_managed_subscription_lifecycle_iter30.TestCheckoutStatus" name="test_checkout_status_returns_expected_fields" time="1.142"><skipped type="pytest.skip" message="Rate limited for 300s - skipping test">/app/backend/tests/test_managed_subscription_lifecycle_iter30.py:55: Rate limited for 300s - skipping test</skipped></testcase></testsuite></testsuites>