<?xml version="1.0" encoding="utf-8"?><testsuites name="pytest tests"><testsuite name="pytest" errors="0" failures="0" skipped="0" tests="29" time="55.034" timestamp="2026-03-18T18:15:29.896380+00:00" hostname="agent-env-aa6f7250-5275-4b18-9f26-a47d907838f5"><testcase classname="tests.test_booking_state_machine_api.TestTransitionMatrixEndpoint" name="test_transition_matrix_returns_200" time="1.526" /><testcase classname="tests.test_booking_state_machine_api.TestTransitionMatrixEndpoint" name="test_transition_matrix_has_all_statuses" time="5.488" /><testcase classname="tests.test_booking_state_machine_api.TestTransitionMatrixEndpoint" name="test_transition_matrix_has_all_commands" time="1.386" /><testcase classname="tests.test_booking_state_machine_api.TestTransitionMatrixEndpoint" name="test_transitions_matrix_structure" time="1.366" /><testcase classname="tests.test_booking_state_machine_api.TestBookingTransitions" name="test_quote_draft_booking" time="1.866" /><testcase classname="tests.test_booking_state_machine_api.TestBookingTransitions" name="test_option_quoted_booking" time="1.360" /><testcase classname="tests.test_booking_state_machine_api.TestBookingTransitions" name="test_confirm_optioned_booking" time="1.395" /><testcase classname="tests.test_booking_state_machine_api.TestBookingTransitions" name="test_confirm_quoted_booking" time="1.421" /><testcase classname="tests.test_booking_state_machine_api.TestBookingTransitions" name="test_cancel_draft_booking" time="1.369" /><testcase classname="tests.test_booking_state_machine_api.TestBookingTransitions" name="test_cancel_confirmed_booking" time="1.447" /><testcase classname="tests.test_booking_state_machine_api.TestBookingTransitions" name="test_complete_confirmed_booking" time="1.413" /><testcase classname="tests.test_booking_state_machine_api.TestBookingTransitions" name="test_mark_refunded_cancelled_booking" time="1.402" /><testcase classname="tests.test_booking_state_machine_api.TestFulfillmentCommands" name="test_mark_ticketed_does_not_change_main_status" time="5.901" /><testcase classname="tests.test_booking_state_machine_api.TestFulfillmentCommands" name="test_mark_vouchered_does_not_change_main_status" time="1.402" /><testcase classname="tests.test_booking_state_machine_api.TestFulfillmentCommands" name="test_ticketed_then_vouchered_becomes_both" time="1.530" /><testcase classname="tests.test_booking_state_machine_api.TestInvalidTransitions" name="test_completed_cannot_cancel" time="1.466" /><testcase classname="tests.test_booking_state_machine_api.TestInvalidTransitions" name="test_draft_cannot_confirm_directly" time="1.381" /><testcase classname="tests.test_booking_state_machine_api.TestInvalidTransitions" name="test_refunded_cannot_transition" time="1.420" /><testcase classname="tests.test_booking_state_machine_api.TestVersionConflict" name="test_version_field_increments_on_transition" time="1.657" /><testcase classname="tests.test_booking_state_machine_api.TestBookingStatusEndpoint" name="test_get_booking_status" time="1.485" /><testcase classname="tests.test_booking_state_machine_api.TestBookingStatusEndpoint" name="test_get_status_nonexistent_booking" time="1.481" /><testcase classname="tests.test_booking_state_machine_api.TestBookingHistoryEndpoint" name="test_get_booking_history" time="2.089" /><testcase classname="tests.test_booking_state_machine_api.TestMigrationEndpoints" name="test_migration_status" time="1.397" /><testcase classname="tests.test_booking_state_machine_api.TestMigrationEndpoints" name="test_migration_dry_run" time="5.465" /><testcase classname="tests.test_booking_state_machine_api.TestAuthRequired" name="test_quote_requires_auth" time="1.318" /><testcase classname="tests.test_booking_state_machine_api.TestAuthRequired" name="test_confirm_requires_auth" time="1.334" /><testcase classname="tests.test_booking_state_machine_api.TestAuthRequired" name="test_history_requires_auth" time="1.375" /><testcase classname="tests.test_booking_state_machine_api.TestBookingNotFound" name="test_quote_nonexistent_booking" time="1.344" /><testcase classname="tests.test_booking_state_machine_api.TestOutboxEvents" name="test_transition_creates_outbox_event" time="1.461" /></testsuite></testsuites>