<?xml version="1.0" encoding="utf-8"?><testsuites name="pytest tests"><testsuite name="pytest" errors="2" failures="0" skipped="0" tests="44" time="102.032" timestamp="2026-03-12T18:30:24.097369+00:00" hostname="agent-env-7aea0f2f-fe3d-4a8e-98b1-dcc247ec2560"><testcase classname="tests.test_stabilization_health.TestHealthEndpoints" name="test_health_liveness" time="1.768" /><testcase classname="tests.test_stabilization_health.TestHealthEndpoints" name="test_healthz_probe" time="5.975"><error message="failed on setup with &quot;pymongo.errors.AutoReconnect: localhost:27017: connection closed&quot;">/root/.venv/lib/python3.11/site-packages/pymongo/pool.py:932: in command
    return command(
/root/.venv/lib/python3.11/site-packages/pymongo/network.py:181: in command
    reply = receive_message(conn, request_id)
            ^^^^^^^^^^^^^^^^^^^^^^^^^^^^^^^^^
/root/.venv/lib/python3.11/site-packages/pymongo/network.py:247: in receive_message
    length, _, response_to, op_code = _UNPACK_HEADER(_receive_data_on_socket(conn, 16, deadline))
                                                     ^^^^^^^^^^^^^^^^^^^^^^^^^^^^^^^^^^^^^^^^^^^
/root/.venv/lib/python3.11/site-packages/pymongo/network.py:336: in _receive_data_on_socket
    raise OSError("connection closed")
E   OSError: connection closed

The above exception was the direct cause of the following exception:
/root/.venv/lib/python3.11/site-packages/anyio/pytest_plugin.py:121: in wrapper
    yield from runner.run_asyncgen_fixture(local_func, kwargs)
/root/.venv/lib/python3.11/site-packages/anyio/_backends/_asyncio.py:2291: in run_asyncgen_fixture
    fixturevalue: T_Retval = self.get_loop().run_until_complete(
/usr/local/lib/python3.11/asyncio/base_events.py:654: in run_until_complete
    return future.result()
           ^^^^^^^^^^^^^^^
/root/.venv/lib/python3.11/site-packages/anyio/_backends/_asyncio.py:2283: in _call_in_runner_task
    return await future
           ^^^^^^^^^^^^
/root/.venv/lib/python3.11/site-packages/anyio/_backends/_asyncio.py:2250: in _run_tests_and_fixtures
    retval = await coro
             ^^^^^^^^^^
tests/conftest.py:285: in seed_default_org_and_users
    res = await test_db.organizations.insert_one(
/usr/local/lib/python3.11/concurrent/futures/thread.py:58: in run
    result = self.fn(*self.args, **self.kwargs)
             ^^^^^^^^^^^^^^^^^^^^^^^^^^^^^^^^^^
/root/.venv/lib/python3.11/site-packages/pymongo/collection.py:671: in insert_one
    self._insert_one(
/root/.venv/lib/python3.11/site-packages/pymongo/collection.py:611: in _insert_one
    self.__database.client._retryable_write(acknowledged, _insert_command, session)
/root/.venv/lib/python3.11/site-packages/pymongo/mongo_client.py:1568: in _retryable_write
    return self._retry_with_session(retryable, func, s, None)
           ^^^^^^^^^^^^^^^^^^^^^^^^^^^^^^^^^^^^^^^^^^^^^^^^^^
/root/.venv/lib/python3.11/site-packages/pymongo/mongo_client.py:1413: in _retry_with_session
    return self._retry_internal(retryable, func, session, bulk)
           ^^^^^^^^^^^^^^^^^^^^^^^^^^^^^^^^^^^^^^^^^^^^^^^^^^^^
/root/.venv/lib/python3.11/site-packages/pymongo/_csot.py:108: in csot_wrapper
    return func(self, *args, **kwargs)
           ^^^^^^^^^^^^^^^^^^^^^^^^^^^
/root/.venv/lib/python3.11/site-packages/pymongo/mongo_client.py:1460: in _retry_internal
    return func(session, conn, retryable)
           ^^^^^^^^^^^^^^^^^^^^^^^^^^^^^^
/root/.venv/lib/python3.11/site-packages/pymongo/collection.py:599: in _insert_command
    result = conn.command(
/root/.venv/lib/python3.11/site-packages/pymongo/helpers.py:315: in inner
    return func(*args, **kwargs)
           ^^^^^^^^^^^^^^^^^^^^^
/root/.venv/lib/python3.11/site-packages/pymongo/pool.py:960: in command
    self._raise_connection_failure(error)
/root/.venv/lib/python3.11/site-packages/pymongo/pool.py:1134: in _raise_connection_failure
    _raise_connection_failure(self.address, error)
/root/.venv/lib/python3.11/site-packages/pymongo/pool.py:406: in _raise_connection_failure
    raise AutoReconnect(msg) from error
E   pymongo.errors.AutoReconnect: localhost:27017: connection closed</error></testcase><testcase classname="tests.test_stabilization_health.TestHealthEndpoints" name="test_health_ready_with_db" time="1.710" /><testcase classname="tests.test_stabilization_health.TestHealthEndpoints" name="test_health_deep_diagnostic" time="1.716" /><testcase classname="tests.test_stabilization_auth.TestAuthLogin" name="test_login_success_admin" time="1.949" /><testcase classname="tests.test_stabilization_auth.TestAuthLogin" name="test_login_success_agency" time="1.969" /><testcase classname="tests.test_stabilization_auth.TestAuthLogin" name="test_login_invalid_password" time="1.935" /><testcase classname="tests.test_stabilization_auth.TestAuthLogin" name="test_login_nonexistent_user" time="1.725" /><testcase classname="tests.test_stabilization_auth.TestAuthLogin" name="test_login_missing_fields" time="1.727" /><testcase classname="tests.test_stabilization_auth.TestTokenValidation" name="test_me_endpoint_with_valid_token" time="1.968" /><testcase classname="tests.test_stabilization_auth.TestTokenValidation" name="test_me_endpoint_without_token" time="1.749" /><testcase classname="tests.test_stabilization_auth.TestTokenValidation" name="test_me_endpoint_with_invalid_token" time="1.728" /><testcase classname="tests.test_stabilization_auth.TestTokenValidation" name="test_expired_token_rejected" time="2.714" /><testcase classname="tests.test_stabilization_auth.TestRoleNormalization" name="test_normalize_legacy_roles" time="7.807" /><testcase classname="tests.test_stabilization_auth.TestRoleNormalization" name="test_normalize_preserves_standard_roles" time="1.727" /><testcase classname="tests.test_stabilization_auth.TestPasswordPolicy" name="test_short_password_rejected" time="1.693" /><testcase classname="tests.test_stabilization_auth.TestPasswordPolicy" name="test_strong_password_accepted" time="1.716" /><testcase classname="tests.test_stabilization_auth.TestPasswordHashing" name="test_hash_and_verify" time="2.431" /><testcase classname="tests.test_stabilization_auth.TestPasswordHashing" name="test_different_hashes_for_same_password" time="2.173" /><testcase classname="tests.test_stabilization_security.TestSecurityHeaders" name="test_nosniff_header" time="1.720" /><testcase classname="tests.test_stabilization_security.TestSecurityHeaders" name="test_frame_options_header" time="1.736" /><testcase classname="tests.test_stabilization_security.TestSecurityHeaders" name="test_hsts_header" time="1.714" /><testcase classname="tests.test_stabilization_security.TestSecurityHeaders" name="test_referrer_policy" time="1.770" /><testcase classname="tests.test_stabilization_security.TestSecurityHeaders" name="test_csp_header" time="1.741" /><testcase classname="tests.test_stabilization_security.TestSecurityHeaders" name="test_cache_control_for_api" time="7.269" /><testcase classname="tests.test_stabilization_security.TestCorrelationId" name="test_request_id_in_response" time="1.711" /><testcase classname="tests.test_stabilization_security.TestCorrelationId" name="test_custom_request_id_echoed" time="1.731" /><testcase classname="tests.test_stabilization_booking.TestBookingStateMachine" name="test_valid_transitions" time="1.716" /><testcase classname="tests.test_stabilization_booking.TestBookingStateMachine" name="test_invalid_transitions" time="1.741" /><testcase classname="tests.test_stabilization_booking.TestBookingStateMachine" name="test_refund_workflow" time="1.763" /><testcase classname="tests.test_stabilization_booking.TestBookingStateMachine" name="test_hold_workflow" time="1.724" /><testcase classname="tests.test_stabilization_booking.TestLifecycleGuards" name="test_cancel_guard_confirmed_booking" time="1.736" /><testcase classname="tests.test_stabilization_booking.TestLifecycleGuards" name="test_cancel_guard_already_cancelled" time="1.721" /><testcase classname="tests.test_stabilization_booking.TestLifecycleGuards" name="test_cancel_guard_draft_booking_fails" time="1.728" /><testcase classname="tests.test_stabilization_booking.TestLifecycleGuards" name="test_amend_guard_confirmed_booking" time="1.749" /><testcase classname="tests.test_stabilization_booking.TestLifecycleGuards" name="test_amend_guard_cancelled_booking_fails" time="7.499"><error message="failed on setup with &quot;pymongo.errors.AutoReconnect: localhost:27017: connection closed&quot;">/root/.venv/lib/python3.11/site-packages/pymongo/pool.py:932: in command
    return command(
/root/.venv/lib/python3.11/site-packages/pymongo/network.py:181: in command
    reply = receive_message(conn, request_id)
            ^^^^^^^^^^^^^^^^^^^^^^^^^^^^^^^^^
/root/.venv/lib/python3.11/site-packages/pymongo/network.py:247: in receive_message
    length, _, response_to, op_code = _UNPACK_HEADER(_receive_data_on_socket(conn, 16, deadline))
                                                     ^^^^^^^^^^^^^^^^^^^^^^^^^^^^^^^^^^^^^^^^^^^
/root/.venv/lib/python3.11/site-packages/pymongo/network.py:336: in _receive_data_on_socket
    raise OSError("connection closed")
E   OSError: connection closed

The above exception was the direct cause of the following exception:
/root/.venv/lib/python3.11/site-packages/anyio/pytest_plugin.py:121: in wrapper
    yield from runner.run_asyncgen_fixture(local_func, kwargs)
/root/.venv/lib/python3.11/site-packages/anyio/_backends/_asyncio.py:2291: in run_asyncgen_fixture
    fixturevalue: T_Retval = self.get_loop().run_until_complete(
/usr/local/lib/python3.11/asyncio/base_events.py:654: in run_until_complete
    return future.result()
           ^^^^^^^^^^^^^^^
/root/.venv/lib/python3.11/site-packages/anyio/_backends/_asyncio.py:2283: in _call_in_runner_task
    return await future
           ^^^^^^^^^^^^
/root/.venv/lib/python3.11/site-packages/anyio/_backends/_asyncio.py:2250: in _run_tests_and_fixtures
    retval = await coro
             ^^^^^^^^^^
tests/conftest.py:586: in minimal_search_seed
    await test_db.inventory.update_one(
/usr/local/lib/python3.11/concurrent/futures/thread.py:58: in run
    result = self.fn(*self.args, **self.kwargs)
             ^^^^^^^^^^^^^^^^^^^^^^^^^^^^^^^^^^
/root/.venv/lib/python3.11/site-packages/pymongo/collection.py:1088: in update_one
    self._update_retryable(
/root/.venv/lib/python3.11/site-packages/pymongo/collection.py:883: in _update_retryable
    return self.__database.client._retryable_write(
/root/.venv/lib/python3.11/site-packages/pymongo/mongo_client.py:1568: in _retryable_write
    return self._retry_with_session(retryable, func, s, None)
           ^^^^^^^^^^^^^^^^^^^^^^^^^^^^^^^^^^^^^^^^^^^^^^^^^^
/root/.venv/lib/python3.11/site-packages/pymongo/mongo_client.py:1413: in _retry_with_session
    return self._retry_internal(retryable, func, session, bulk)
           ^^^^^^^^^^^^^^^^^^^^^^^^^^^^^^^^^^^^^^^^^^^^^^^^^^^^
/root/.venv/lib/python3.11/site-packages/pymongo/_csot.py:108: in csot_wrapper
    return func(self, *args, **kwargs)
           ^^^^^^^^^^^^^^^^^^^^^^^^^^^
/root/.venv/lib/python3.11/site-packages/pymongo/mongo_client.py:1460: in _retry_internal
    return func(session, conn, retryable)
           ^^^^^^^^^^^^^^^^^^^^^^^^^^^^^^
/root/.venv/lib/python3.11/site-packages/pymongo/collection.py:864: in _update
    return self._update(
/root/.venv/lib/python3.11/site-packages/pymongo/collection.py:818: in _update
    result = conn.command(
/root/.venv/lib/python3.11/site-packages/pymongo/helpers.py:315: in inner
    return func(*args, **kwargs)
           ^^^^^^^^^^^^^^^^^^^^^
/root/.venv/lib/python3.11/site-packages/pymongo/pool.py:960: in command
    self._raise_connection_failure(error)
/root/.venv/lib/python3.11/site-packages/pymongo/pool.py:1134: in _raise_connection_failure
    _raise_connection_failure(self.address, error)
/root/.venv/lib/python3.11/site-packages/pymongo/pool.py:406: in _raise_connection_failure
    raise AutoReconnect(msg) from error
E   pymongo.errors.AutoReconnect: localhost:27017: connection closed</error></testcase><testcase classname="tests.test_stabilization_booking.TestLifecycleEvents" name="test_append_event_creates_document" time="1.742" /><testcase classname="tests.test_stabilization_booking.TestBookingAPI" name="test_hotel_search_returns_results" time="1.784" /><testcase classname="tests.test_stabilization_tenant_isolation.TestTenantContext" name="test_admin_login_resolves_tenant" time="1.981" /><testcase classname="tests.test_stabilization_tenant_isolation.TestTenantContext" name="test_agency_login_resolves_tenant" time="1.700" /><testcase classname="tests.test_stabilization_tenant_isolation.TestCrossTenantIsolation" name="test_agency_cannot_see_other_org_bookings" time="1.747" /><testcase classname="tests.test_stabilization_tenant_isolation.TestCrossTenantIsolation" name="test_agency_cannot_see_other_org_customers" time="1.774" /><testcase classname="tests.test_stabilization_tenant_isolation.TestOrgScopedAPIs" name="test_agencies_list_scoped" time="1.991" /><testcase classname="tests.test_stabilization_tenant_isolation.TestOrgScopedAPIs" name="test_hotel_search_requires_auth" time="1.739" /></testsuite></testsuites>