<?xml version="1.0" encoding="utf-8"?><testsuites name="pytest tests"><testsuite name="pytest" errors="0" failures="0" skipped="0" tests="15" time="22.902" timestamp="2026-03-13T06:44:28.078788+00:00" hostname="agent-env-dad3e70a-04ce-4172-bcbd-4071797de7e4"><testcase classname="test_worker_infrastructure_iter75.TestWorkerInfrastructurePart1" name="test_worker_pools_returns_5_pools" time="0.476" /><testcase classname="test_worker_infrastructure_iter75.TestWorkerInfrastructurePart2" name="test_worker_health_returns_status" time="5.450" /><testcase classname="test_worker_infrastructure_iter75.TestWorkerInfrastructurePart3" name="test_dlq_status_returns_queue_depths" time="0.059" /><testcase classname="test_worker_infrastructure_iter75.TestWorkerInfrastructurePart4" name="test_monitoring_returns_metrics" time="0.059" /><testcase classname="test_worker_infrastructure_iter75.TestWorkerInfrastructurePart5" name="test_autoscaling_returns_decisions" time="0.054" /><testcase classname="test_worker_infrastructure_iter75.TestWorkerInfrastructurePart6" name="test_simulate_crash" time="0.061" /><testcase classname="test_worker_infrastructure_iter75.TestWorkerInfrastructurePart6" name="test_simulate_dlq_capture" time="0.056" /><testcase classname="test_worker_infrastructure_iter75.TestWorkerInfrastructurePart6" name="test_simulate_retry" time="0.060" /><testcase classname="test_worker_infrastructure_iter75.TestWorkerInfrastructurePart7" name="test_observability_returns_metrics" time="0.076" /><testcase classname="test_worker_infrastructure_iter75.TestWorkerInfrastructurePart8" name="test_performance_test" time="0.067" /><testcase classname="test_worker_infrastructure_iter75.TestWorkerInfrastructurePart9" name="test_incident_worker_crash" time="0.053" /><testcase classname="test_worker_infrastructure_iter75.TestWorkerInfrastructurePart9" name="test_incident_redis_disconnect" time="0.055" /><testcase classname="test_worker_infrastructure_iter75.TestWorkerInfrastructurePart10" name="test_infrastructure_score" time="5.412" /><testcase classname="test_worker_infrastructure_iter75.TestWorkerInfrastructureDashboard" name="test_dashboard_combined" time="10.837" /><testcase classname="test_worker_infrastructure_iter75.TestWorkerInfrastructureDashboard" name="test_prometheus_metrics" time="0.057" /></testsuite></testsuites>