<?xml version="1.0" encoding="utf-8"?><testsuites name="pytest tests"><testsuite name="pytest" errors="0" failures="0" skipped="0" tests="5" time="6.414" timestamp="2026-03-09T22:18:11.321866+00:00" hostname="agent-env-177597ef-6873-4c91-bf59-d905374144ee"><testcase classname="tests.test_admin_sheets_management" name="test_templates_endpoint_returns_downloadables" time="1.325" /><testcase classname="tests.test_admin_sheets_management" name="test_validate_sheet_returns_graceful_not_configured_payload" time="1.213" /><testcase classname="tests.test_admin_sheets_management" name="test_download_inventory_sync_template" time="1.204" /><testcase classname="tests.test_admin_sheets_management" name="test_download_writeback_template" time="1.200" /><testcase classname="tests.test_admin_sheets_management" name="test_rest_style_create_connection_alias_when_not_configured" time="1.436" /></testsuite></testsuites>