<?xml version="1.0" encoding="utf-8"?><testsuites name="pytest tests"><testsuite name="pytest" errors="0" failures="0" skipped="0" tests="32" time="18.573" timestamp="2026-03-13T10:46:34.128021+00:00" hostname="agent-env-ecf4e544-d727-422e-b1d3-c596b673937d"><testcase classname="test_reports.pytest_isolated.test_unified_booking_layer_iter81.TestUnifiedBookingRegistry" name="test_registry_returns_9_adapters" time="0.682" /><testcase classname="test_reports.pytest_isolated.test_unified_booking_layer_iter81.TestUnifiedBookingRegistry" name="test_registry_real_adapters_have_correct_codes" time="0.139" /><testcase classname="test_reports.pytest_isolated.test_unified_booking_layer_iter81.TestUnifiedBookingRegistry" name="test_registry_includes_capabilities" time="0.138" /><testcase classname="test_reports.pytest_isolated.test_unified_booking_layer_iter81.TestUnifiedBookingRegistry" name="test_registry_includes_fallback_chains" time="0.120" /><testcase classname="test_reports.pytest_isolated.test_unified_booking_layer_iter81.TestUnifiedBookingRegistry" name="test_registry_requires_admin_role" time="0.472" /><testcase classname="test_reports.pytest_isolated.test_unified_booking_layer_iter81.TestUnifiedBookingMetrics" name="test_metrics_returns_booking_counters" time="0.479" /><testcase classname="test_reports.pytest_isolated.test_unified_booking_layer_iter81.TestUnifiedBookingMetrics" name="test_metrics_includes_revalidation_counters" time="0.115" /><testcase classname="test_reports.pytest_isolated.test_unified_booking_layer_iter81.TestUnifiedBookingMetrics" name="test_metrics_includes_supplier_latency" time="0.107" /><testcase classname="test_reports.pytest_isolated.test_unified_booking_layer_iter81.TestUnifiedBookingSearch" name="test_hotel_search_fans_to_correct_suppliers" time="1.385" /><testcase classname="test_reports.pytest_isolated.test_unified_booking_layer_iter81.TestUnifiedBookingSearch" name="test_tour_search_fans_to_correct_suppliers" time="0.639" /><testcase classname="test_reports.pytest_isolated.test_unified_booking_layer_iter81.TestUnifiedBookingSearch" name="test_flight_search_fans_to_tbo_only" time="0.621" /><testcase classname="test_reports.pytest_isolated.test_unified_booking_layer_iter81.TestUnifiedBookingSearch" name="test_transfer_search_fans_to_paximum_only" time="0.609" /><testcase classname="test_reports.pytest_isolated.test_unified_booking_layer_iter81.TestUnifiedBookingSearch" name="test_activity_search_fans_to_paximum_only" time="0.615" /><testcase classname="test_reports.pytest_isolated.test_unified_booking_layer_iter81.TestUnifiedBookingSearch" name="test_search_returns_suppliers_failed_with_auth_errors" time="1.029" /><testcase classname="test_reports.pytest_isolated.test_unified_booking_layer_iter81.TestUnifiedBookingSearch" name="test_search_returns_search_duration_ms" time="0.640" /><testcase classname="test_reports.pytest_isolated.test_unified_booking_layer_iter81.TestUnifiedBookingSearch" name="test_invalid_product_type_returns_400" time="0.120" /><testcase classname="test_reports.pytest_isolated.test_unified_booking_layer_iter81.TestPriceRevalidation" name="test_revalidate_returns_expected_structure" time="0.464" /><testcase classname="test_reports.pytest_isolated.test_unified_booking_layer_iter81.TestPriceRevalidation" name="test_revalidate_with_zero_drift" time="0.113" /><testcase classname="test_reports.pytest_isolated.test_unified_booking_layer_iter81.TestPriceRevalidation" name="test_revalidate_includes_warnings" time="0.114" /><testcase classname="test_reports.pytest_isolated.test_unified_booking_layer_iter81.TestBookingExecution" name="test_booking_attempt_returns_expected_structure" time="2.349" /><testcase classname="test_reports.pytest_isolated.test_unified_booking_layer_iter81.TestBookingExecution" name="test_booking_with_price_drift_abort" time="1.911" /><testcase classname="test_reports.pytest_isolated.test_unified_booking_layer_iter81.TestBookingExecution" name="test_booking_includes_duration_ms" time="1.425" /><testcase classname="test_reports.pytest_isolated.test_unified_booking_layer_iter81.TestBookingExecution" name="test_booking_triggers_fallback_on_failure" time="0.655" /><testcase classname="test_reports.pytest_isolated.test_unified_booking_layer_iter81.TestAuditTrail" name="test_org_audit_returns_events" time="0.471" /><testcase classname="test_reports.pytest_isolated.test_unified_booking_layer_iter81.TestAuditTrail" name="test_audit_events_have_correct_structure" time="0.123" /><testcase classname="test_reports.pytest_isolated.test_unified_booking_layer_iter81.TestAuditTrail" name="test_booking_audit_by_id" time="0.112" /><testcase classname="test_reports.pytest_isolated.test_unified_booking_layer_iter81.TestReconciliation" name="test_reconciliation_by_booking_id" time="0.496" /><testcase classname="test_reports.pytest_isolated.test_unified_booking_layer_iter81.TestReconciliation" name="test_reconciliation_mismatches_endpoint" time="0.116" /><testcase classname="test_reports.pytest_isolated.test_unified_booking_layer_iter81.TestSupplierCredentialsSupported" name="test_supported_shows_4_suppliers" time="0.455" /><testcase classname="test_reports.pytest_isolated.test_unified_booking_layer_iter81.TestSupplierAggregatorCapabilities" name="test_capabilities_shows_matrix" time="0.481" /><testcase classname="test_reports.pytest_isolated.test_unified_booking_layer_iter81.TestSupplierAggregatorCapabilities" name="test_capabilities_includes_product_types" time="0.113" /><testcase classname="test_reports.pytest_isolated.test_unified_booking_layer_iter81.TestMetricsAfterOperations" name="test_search_updates_audit_log" time="1.150" /></testsuite></testsuites>