<?xml version="1.0" encoding="utf-8"?><testsuites name="pytest tests"><testsuite name="pytest" errors="0" failures="0" skipped="0" tests="17" time="32.547" timestamp="2026-03-08T12:17:18.305631+00:00" hostname="agent-env-86b1158b-15f1-4df6-96f5-b33d90e3a499"><testcase classname="tests.test_usage_metering_pr_um3.TestUsageMeteringPRUM3" name="test_report_generated_pdf_increments" time="1.945" /><testcase classname="tests.test_usage_metering_pr_um3.TestUsageMeteringPRUM3" name="test_report_generated_no_duplicate_with_same_correlation_id" time="2.226" /><testcase classname="tests.test_usage_metering_pr_um3.TestUsageMeteringPRUM3" name="test_export_generated_sales_csv_increments" time="1.373" /><testcase classname="tests.test_usage_metering_pr_um3.TestUsageMeteringPRUM3" name="test_export_generated_tenant_zip_increments" time="1.406" /><testcase classname="tests.test_usage_metering_pr_um3.TestUsageMeteringPRUM3" name="test_export_generated_audit_csv_increments" time="5.835" /><testcase classname="tests.test_usage_metering_pr_um3.TestUsageMeteringPRUM3" name="test_export_generated_no_duplicate_with_same_correlation_id" time="1.436" /><testcase classname="tests.test_usage_metering_pr_um3.TestUsageMeteringPRUM3" name="test_dashboard_read_does_not_count_as_report" time="1.485" /><testcase classname="tests.test_usage_metering_pr_um3.TestUsageMeteringPRUM3" name="test_reservations_summary_does_not_count" time="1.513" /><testcase classname="tests.test_usage_metering_pr_um3.TestIntegrationCallInstrumentation" name="test_sheets_provider_has_metering_context" time="1.152" /><testcase classname="tests.test_usage_metering_pr_um3.TestIntegrationCallInstrumentation" name="test_google_sheets_client_has_metering_context" time="1.166" /><testcase classname="tests.test_usage_metering_pr_um3.TestIntegrationCallInstrumentation" name="test_sheets_provider_schedules_integration_call" time="1.130" /><testcase classname="tests.test_usage_metering_pr_um3.TestIntegrationCallInstrumentation" name="test_google_sheets_client_schedules_integration_call" time="1.126" /><testcase classname="tests.test_usage_metering_pr_um3.TestIntegrationCallInstrumentation" name="test_integration_call_metric_defined" time="1.109" /><testcase classname="tests.test_usage_metering_pr_um3.TestIntegrationCallInstrumentation" name="test_track_integration_call_function_exists" time="1.131" /><testcase classname="tests.test_usage_metering_pr_um3.TestIntegrationCallInstrumentation" name="test_sync_services_pass_metering_context" time="1.165" /><testcase classname="tests.test_usage_metering_pr_um3.TestUsageServiceDeduplication" name="test_source_event_id_uniqueness_enforced" time="1.132" /><testcase classname="tests.test_usage_metering_pr_um3.TestUsageServiceDeduplication" name="test_insert_event_returns_none_on_duplicate" time="6.176" /></testsuite></testsuites>