<?xml version="1.0" encoding="utf-8"?><testsuites name="pytest tests"><testsuite name="pytest" errors="0" failures="0" skipped="0" tests="32" time="5.147" timestamp="2026-03-13T19:56:05.135690+00:00" hostname="agent-env-bb29d248-a2d5-4bd0-b7c7-3926821d81f6"><testcase classname="test_reports.pytest_isolated.test_growth_engine_iter89.TestFunnel" name="test_get_funnel_metrics" time="0.870" /><testcase classname="test_reports.pytest_isolated.test_growth_engine_iter89.TestLeads" name="test_list_leads" time="0.071" /><testcase classname="test_reports.pytest_isolated.test_growth_engine_iter89.TestLeads" name="test_create_lead" time="0.070" /><testcase classname="test_reports.pytest_isolated.test_growth_engine_iter89.TestLeads" name="test_update_lead_stage" time="0.177" /><testcase classname="test_reports.pytest_isolated.test_growth_engine_iter89.TestLeads" name="test_update_lead_stage_invalid" time="0.174" /><testcase classname="test_reports.pytest_isolated.test_growth_engine_iter89.TestLeads" name="test_update_lead_to_churned" time="0.154" /><testcase classname="test_reports.pytest_isolated.test_growth_engine_iter89.TestLeads" name="test_list_leads_by_stage" time="0.072" /><testcase classname="test_reports.pytest_isolated.test_growth_engine_iter89.TestDemos" name="test_list_demos" time="0.079" /><testcase classname="test_reports.pytest_isolated.test_growth_engine_iter89.TestDemos" name="test_create_demo" time="0.288" /><testcase classname="test_reports.pytest_isolated.test_growth_engine_iter89.TestDemos" name="test_update_demo_completed" time="0.312" /><testcase classname="test_reports.pytest_isolated.test_growth_engine_iter89.TestReferrals" name="test_list_referrals" time="0.076" /><testcase classname="test_reports.pytest_isolated.test_growth_engine_iter89.TestReferrals" name="test_create_referral" time="0.081" /><testcase classname="test_reports.pytest_isolated.test_growth_engine_iter89.TestReferrals" name="test_referral_fraud_prevention_duplicate_email" time="0.163" /><testcase classname="test_reports.pytest_isolated.test_growth_engine_iter89.TestReferrals" name="test_update_referral_status_with_reward" time="0.223" /><testcase classname="test_reports.pytest_isolated.test_growth_engine_iter89.TestReferrals" name="test_update_referral_to_activated" time="0.253" /><testcase classname="test_reports.pytest_isolated.test_growth_engine_iter89.TestActivation" name="test_list_all_activations" time="0.149" /><testcase classname="test_reports.pytest_isolated.test_growth_engine_iter89.TestActivation" name="test_get_agency_activation" time="0.075" /><testcase classname="test_reports.pytest_isolated.test_growth_engine_iter89.TestActivation" name="test_record_activation_event" time="0.294" /><testcase classname="test_reports.pytest_isolated.test_growth_engine_iter89.TestActivation" name="test_record_duplicate_event" time="0.144" /><testcase classname="test_reports.pytest_isolated.test_growth_engine_iter89.TestActivation" name="test_invalid_event_type" time="0.076" /><testcase classname="test_reports.pytest_isolated.test_growth_engine_iter89.TestCustomerSuccess" name="test_customer_success_dashboard" time="0.085" /><testcase classname="test_reports.pytest_isolated.test_growth_engine_iter89.TestOnboarding" name="test_get_onboarding_status" time="0.076" /><testcase classname="test_reports.pytest_isolated.test_growth_engine_iter89.TestOnboarding" name="test_complete_onboarding_task" time="0.151" /><testcase classname="test_reports.pytest_isolated.test_growth_engine_iter89.TestOnboarding" name="test_complete_invalid_task" time="0.088" /><testcase classname="test_reports.pytest_isolated.test_growth_engine_iter89.TestSegmentation" name="test_get_agency_segments" time="0.073" /><testcase classname="test_reports.pytest_isolated.test_growth_engine_iter89.TestSupplierExpansion" name="test_list_supplier_requests" time="0.089" /><testcase classname="test_reports.pytest_isolated.test_growth_engine_iter89.TestSupplierExpansion" name="test_create_supplier_request" time="0.096" /><testcase classname="test_reports.pytest_isolated.test_growth_engine_iter89.TestSupplierExpansion" name="test_supplier_request_increments_demand" time="0.160" /><testcase classname="test_reports.pytest_isolated.test_growth_engine_iter89.TestSupplierExpansion" name="test_update_supplier_request_status" time="0.148" /><testcase classname="test_reports.pytest_isolated.test_growth_engine_iter89.TestGrowthKPIs" name="test_get_growth_kpis" time="0.100" /><testcase classname="test_reports.pytest_isolated.test_growth_engine_iter89.TestGrowthKPIs" name="test_get_growth_kpis_custom_period" time="0.078" /><testcase classname="test_reports.pytest_isolated.test_growth_engine_iter89.TestGrowthReport" name="test_get_growth_report" time="0.089" /></testsuite></testsuites>